<?xml version="1.0" encoding="UTF-8"?>
<testsuite xmlns:xsi="http://www.w3.org/2001/XMLSchema-instance" xsi:noNamespaceSchemaLocation="https://maven.apache.org/surefire/maven-surefire-plugin/xsd/surefire-test-report-3.0.xsd" version="3.0" name="org.lab2.PetDAOTest" time="4.566" tests="11" errors="0" skipped="0" failures="0">
  <properties>
[...]
</properties>
  <testcase name="testGetPetById_InvalidId_ThrowsException" classname="org.lab2.PetDAOTest" time="0.003">
    <system-out><![CDATA[21:10:38.066 [main] DEBUG org.testcontainers.utility.PrefixingImageNameSubstitutor -- No prefix is configured
21:10:38.066 [main] DEBUG org.testcontainers.utility.ImageNameSubstitutor -- Did not find a substitute image for postgres:17 (using image substitutor: DefaultImageNameSubstitutor (composite of 'ConfigurationFileImageNameSubstitutor' and 'PrefixingImageNameSubstitutor'))
21:10:38.066 [main] DEBUG org.testcontainers.images.AbstractImagePullPolicy -- Using locally available and not pulling image: postgres:17
21:10:38.066 [main] DEBUG tc.postgres:17 -- Starting container: postgres:17
21:10:38.066 [main] DEBUG tc.postgres:17 -- Trying to start container: postgres:17 (attempt 1/1)
21:10:38.066 [main] DEBUG tc.postgres:17 -- Starting container: postgres:17
21:10:38.066 [main] INFO tc.postgres:17 -- Creating container for image: postgres:17
21:10:38.067 [main] DEBUG org.testcontainers.utility.RegistryAuthLocator -- Looking up auth config for image: postgres:17 at registry: https://index.docker.io/v1/
21:10:38.067 [main] DEBUG org.testcontainers.utility.RegistryAuthLocator -- Cached auth found: [AuthConfig{username=asurz, password=hidden non-blank value, auth=blank, email=null, registryAddress=https://index.docker.io/v1/, registryToken=blank}]
21:10:38.067 [main] DEBUG org.testcontainers.dockerclient.AuthDelegatingDockerClientConfig -- Effective auth config [AuthConfig{username=asurz, password=hidden non-blank value, auth=blank, email=null, registryAddress=https://index.docker.io/v1/, registryToken=blank}]
21:10:38.067 [main] WARN tc.postgres:17 -- Reuse was requested but the environment does not support the reuse of containers
To enable reuse of containers, you must set 'testcontainers.reuse.enable=true' in a file located at C:\Users\76162\.testcontainers.properties
21:10:38.067 [main] DEBUG org.testcontainers.shaded.com.github.dockerjava.core.command.AbstrDockerCmd -- Cmd: org.testcontainers.shaded.com.github.dockerjava.core.command.CreateContainerCmdImpl@5c459194[aliases=<null>,argsEscaped=<null>,attachStderr=<null>,attachStdin=<null>,attachStdout=<null>,authConfig=AuthConfig(username=asurz, email=null, registryAddress=https://index.docker.io/v1/, stackOrchestrator=null),cmd={postgres,-c,fsync=off},domainName=<null>,entrypoint=<null>,env={POSTGRES_USER=postgres,POSTGRES_PASSWORD=Pofigict2005,POSTGRES_DB=pets},exposedPorts=ExposedPorts(exposedPorts=[5432/tcp]),healthcheck=<null>,hostConfig=HostConfig(binds=[], blkioWeight=null, blkioWeightDevice=null, blkioDeviceReadBps=null, blkioDeviceWriteBps=null, blkioDeviceReadIOps=null, blkioDeviceWriteIOps=null, memorySwappiness=null, nanoCPUs=null, capAdd=null, capDrop=null, containerIDFile=null, cpuPeriod=null, cpuRealtimePeriod=null, cpuRealtimeRuntime=null, cpuShares=null, cpuQuota=null, cpusetCpus=null, cpusetMems=null, devices=null, deviceCgroupRules=null, deviceRequests=null, diskQuota=null, dns=null, dnsOptions=null, dnsSearch=null, extraHosts=[], groupAdd=null, ipcMode=null, cgroup=null, links=[], logConfig=LogConfig(type=null, config=null), lxcConf=null, memory=null, memorySwap=null, memoryReservation=null, kernelMemory=null, networkMode=null, oomKillDisable=null, init=null, autoRemove=null, oomScoreAdj=null, portBindings={5432/tcp=[Lcom.github.dockerjava.api.model.Ports$Binding;@6a7fc4c1}, privileged=null, publishAllPorts=null, readonlyRootfs=null, restartPolicy=null, ulimits=null, cpuCount=null, cpuPercent=null, ioMaximumIOps=null, ioMaximumBandwidth=null, volumesFrom=[], mounts=null, pidMode=null, isolation=null, securityOpts=null, storageOpt=null, cgroupParent=null, volumeDriver=null, shmSize=null, pidsLimit=null, runtime=null, tmpFs=null, utSMode=null, usernsMode=null, sysctls=null, consoleSize=null, cgroupnsMode=null),hostName=<null>,image=postgres:17,ipv4Address=<null>,ipv6Address=<null>,labels={org.testcontainers=true, org.testcontainers.lang=java, org.testcontainers.version=1.19.7, org.testcontainers.sessionId=2a607c29-9f73-4ad7-8e0e-ab764e999503},macAddress=<null>,name=<null>,networkDisabled=<null>,networkingConfig=<null>,onBuild=<null>,platform=<null>,portSpecs=<null>,shell=<null>,stdInOnce=<null>,stdinOpen=<null>,stopSignal=<null>,stopTimeout=<null>,tty=<null>,user=<null>,volumes=Volumes(volumes=[]),workingDir=<null>]
21:10:38.072 [main] DEBUG com.github.dockerjava.zerodep.shaded.org.apache.hc.client5.http.impl.classic.InternalHttpClient -- ex-0000001F: preparing request execution
21:10:38.072 [main] DEBUG com.github.dockerjava.zerodep.shaded.org.apache.hc.client5.http.protocol.RequestAddCookies -- Cookie spec selected: strict
21:10:38.072 [main] DEBUG com.github.dockerjava.zerodep.shaded.org.apache.hc.client5.http.protocol.RequestAuthCache -- Auth cache not set in the context
21:10:38.072 [main] DEBUG com.github.dockerjava.zerodep.shaded.org.apache.hc.client5.http.impl.classic.ProtocolExec -- ex-0000001F: target auth state: UNCHALLENGED
21:10:38.072 [main] DEBUG com.github.dockerjava.zerodep.shaded.org.apache.hc.client5.http.impl.classic.ProtocolExec -- ex-0000001F: proxy auth state: UNCHALLENGED
21:10:38.072 [main] DEBUG com.github.dockerjava.zerodep.shaded.org.apache.hc.client5.http.impl.classic.ConnectExec -- ex-0000001F: acquiring connection with route {}->npipe://localhost:2375
21:10:38.072 [main] DEBUG com.github.dockerjava.zerodep.shaded.org.apache.hc.client5.http.impl.classic.InternalHttpClient -- ex-0000001F: acquiring endpoint (3 MINUTES)
21:10:38.072 [main] DEBUG com.github.dockerjava.zerodep.shaded.org.apache.hc.client5.http.impl.io.PoolingHttpClientConnectionManager -- ex-0000001F: endpoint lease request (3 MINUTES) [route: {}->npipe://localhost:2375][total available: 1; route allocated: 1 of 2147483647; total allocated: 1 of 2147483647]
21:10:38.072 [main] DEBUG com.github.dockerjava.zerodep.shaded.org.apache.hc.client5.http.impl.io.PoolingHttpClientConnectionManager -- ex-0000001F: endpoint leased [route: {}->npipe://localhost:2375][total available: 0; route allocated: 1 of 2147483647; total allocated: 1 of 2147483647]
21:10:38.072 [main] DEBUG com.github.dockerjava.zerodep.shaded.org.apache.hc.client5.http.impl.io.PoolingHttpClientConnectionManager -- ex-0000001F: acquired ep-0000001E
21:10:38.072 [main] DEBUG com.github.dockerjava.zerodep.shaded.org.apache.hc.client5.http.impl.classic.InternalHttpClient -- ex-0000001F: acquired endpoint ep-0000001E
21:10:38.072 [main] DEBUG com.github.dockerjava.zerodep.shaded.org.apache.hc.client5.http.impl.classic.MainClientExec -- ex-0000001F: executing POST /v1.32/containers/create HTTP/1.1
21:10:38.072 [main] DEBUG com.github.dockerjava.zerodep.shaded.org.apache.hc.client5.http.impl.classic.InternalHttpClient -- ep-0000001E: start execution ex-0000001F
21:10:38.072 [main] DEBUG com.github.dockerjava.zerodep.shaded.org.apache.hc.client5.http.impl.io.PoolingHttpClientConnectionManager -- ep-0000001E: executing exchange ex-0000001F over http-outgoing-3
21:10:38.072 [main] DEBUG com.github.dockerjava.zerodep.shaded.org.apache.hc.client5.http.headers -- http-outgoing-3 >> POST /v1.32/containers/create HTTP/1.1
21:10:38.072 [main] DEBUG com.github.dockerjava.zerodep.shaded.org.apache.hc.client5.http.headers -- http-outgoing-3 >> X-Registry-Auth: eyJ1c2VybmFtZSI6ImFzdXJ6IiwicGFzc3dvcmQiOiJkY2tyX3BhdF9uaTZadWI4LXBBdllVaWhBbi11YVhXZWUwc00iLCJlbWFpbCI6bnVsbCwic2VydmVyYWRkcmVzcyI6Imh0dHBzOi8vaW5kZXguZG9ja2VyLmlvL3YxLyIsImF1dGgiOm51bGwsInJlZ2lzdHJ5dG9rZW4iOm51bGwsImlkZW50aXR5dG9rZW4iOm51bGwsInN0YWNrT3JjaGVzdHJhdG9yIjpudWxsfQ==
21:10:38.072 [main] DEBUG com.github.dockerjava.zerodep.shaded.org.apache.hc.client5.http.headers -- http-outgoing-3 >> accept: application/json
21:10:38.072 [main] DEBUG com.github.dockerjava.zerodep.shaded.org.apache.hc.client5.http.headers -- http-outgoing-3 >> content-type: application/json
21:10:38.072 [main] DEBUG com.github.dockerjava.zerodep.shaded.org.apache.hc.client5.http.headers -- http-outgoing-3 >> x-tc-sid: 2a607c29-9f73-4ad7-8e0e-ab764e999503
21:10:38.072 [main] DEBUG com.github.dockerjava.zerodep.shaded.org.apache.hc.client5.http.headers -- http-outgoing-3 >> User-Agent: tc-java/1.19.7
21:10:38.072 [main] DEBUG com.github.dockerjava.zerodep.shaded.org.apache.hc.client5.http.headers -- http-outgoing-3 >> Accept-Encoding: gzip, x-gzip, deflate
21:10:38.072 [main] DEBUG com.github.dockerjava.zerodep.shaded.org.apache.hc.client5.http.headers -- http-outgoing-3 >> Content-Length: 2067
21:10:38.072 [main] DEBUG com.github.dockerjava.zerodep.shaded.org.apache.hc.client5.http.headers -- http-outgoing-3 >> Host: localhost:2375
21:10:38.072 [main] DEBUG com.github.dockerjava.zerodep.shaded.org.apache.hc.client5.http.headers -- http-outgoing-3 >> Connection: keep-alive
21:10:38.073 [main] DEBUG com.github.dockerjava.zerodep.shaded.org.apache.hc.client5.http.wire -- http-outgoing-3 >> "POST /v1.32/containers/create HTTP/1.1[\r][\n]"
21:10:38.073 [main] DEBUG com.github.dockerjava.zerodep.shaded.org.apache.hc.client5.http.wire -- http-outgoing-3 >> "X-Registry-Auth: eyJ1c2VybmFtZSI6ImFzdXJ6IiwicGFzc3dvcmQiOiJkY2tyX3BhdF9uaTZadWI4LXBBdllVaWhBbi11YVhXZWUwc00iLCJlbWFpbCI6bnVsbCwic2VydmVyYWRkcmVzcyI6Imh0dHBzOi8vaW5kZXguZG9ja2VyLmlvL3YxLyIsImF1dGgiOm51bGwsInJlZ2lzdHJ5dG9rZW4iOm51bGwsImlkZW50aXR5dG9rZW4iOm51bGwsInN0YWNrT3JjaGVzdHJhdG9yIjpudWxsfQ==[\r][\n]"
21:10:38.073 [main] DEBUG com.github.dockerjava.zerodep.shaded.org.apache.hc.client5.http.wire -- http-outgoing-3 >> "accept: application/json[\r][\n]"
21:10:38.073 [main] DEBUG com.github.dockerjava.zerodep.shaded.org.apache.hc.client5.http.wire -- http-outgoing-3 >> "content-type: application/json[\r][\n]"
21:10:38.073 [main] DEBUG com.github.dockerjava.zerodep.shaded.org.apache.hc.client5.http.wire -- http-outgoing-3 >> "x-tc-sid: 2a607c29-9f73-4ad7-8e0e-ab764e999503[\r][\n]"
21:10:38.073 [main] DEBUG com.github.dockerjava.zerodep.shaded.org.apache.hc.client5.http.wire -- http-outgoing-3 >> "User-Agent: tc-java/1.19.7[\r][\n]"
21:10:38.073 [main] DEBUG com.github.dockerjava.zerodep.shaded.org.apache.hc.client5.http.wire -- http-outgoing-3 >> "Accept-Encoding: gzip, x-gzip, deflate[\r][\n]"
21:10:38.073 [main] DEBUG com.github.dockerjava.zerodep.shaded.org.apache.hc.client5.http.wire -- http-outgoing-3 >> "Content-Length: 2067[\r][\n]"
21:10:38.073 [main] DEBUG com.github.dockerjava.zerodep.shaded.org.apache.hc.client5.http.wire -- http-outgoing-3 >> "Host: localhost:2375[\r][\n]"
21:10:38.073 [main] DEBUG com.github.dockerjava.zerodep.shaded.org.apache.hc.client5.http.wire -- http-outgoing-3 >> "Connection: keep-alive[\r][\n]"
21:10:38.073 [main] DEBUG com.github.dockerjava.zerodep.shaded.org.apache.hc.client5.http.wire -- http-outgoing-3 >> "[\r][\n]"
21:10:38.073 [main] DEBUG com.github.dockerjava.zerodep.shaded.org.apache.hc.client5.http.wire -- http-outgoing-3 >> "{"Hostname":null,"Domainname":null,"User":null,"AttachStdin":null,"AttachStdout":null,"AttachStderr":null,"PortSpecs":null,"Tty":null,"OpenStdin":null,"StdinOnce":null,"Env":["POSTGRES_USER=postgres","POSTGRES_PASSWORD=Pofigict2005","POSTGRES_DB=pets"],"Cmd":["postgres","-c","fsync=off"],"Healthcheck":null,"ArgsEscaped":null,"Entrypoint":null,"Image":"postgres:17","Volumes":{},"WorkingDir":null,"MacAddress":null,"OnBuild":null,"NetworkDisabled":null,"ExposedPorts":{"5432/tcp":{}},"StopSignal":null,"StopTimeout":null,"HostConfig":{"Binds":[],"BlkioWeight":null,"BlkioWeightDevice":null,"BlkioDeviceReadBps":null,"BlkioDeviceWriteBps":null,"BlkioDeviceReadIOps":null,"BlkioDeviceWriteIOps":null,"MemorySwappiness":null,"NanoCpus":null,"CapAdd":null,"CapDrop":null,"ContainerIDFile":null,"CpuPeriod":null,"CpuRealtimePeriod":null,"CpuRealtimeRuntime":null,"CpuShares":null,"CpuQuota":null,"CpusetCpus":null,"CpusetMems":null,"Devices":null,"DeviceCgroupRules":null,"DeviceRequests":null,"DiskQuota":null,"Dns":null,"DnsOptions":null,"DnsSearch":null,"ExtraHosts":[],"GroupAdd":null,"IpcMode":null,"Cgroup":null,"Links":[],"LogConfig":null,"LxcConf":null,"Memory":null,"MemorySwap":null,"MemoryReservation":null,"KernelMemory":null,"NetworkMode":null,"OomKillDisable":null,"Init":null,"AutoRemove":null,"OomScoreAdj":null,"PortBindings":{"5432/tcp":[{"HostIp":"","HostPort":""}]},"Privileged":null,"PublishAllPorts":null,"ReadonlyRootfs":null,"RestartPolicy":null,"Ulimits":null,"CpuCount":null,"CpuPercent":null,"IOMaximumIOps":null,"IOMaximumBandwidth":null,"VolumesFrom":[],"Mounts":null,"PidMode":null,"Isolation":null,"SecurityOpt":null,"StorageOpt":null,"CgroupParent":null,"VolumeDriver":null,"ShmSize":null,"PidsLimit":null,"Runtime":null,"Tmpfs":null,"UTSMode":null,"UsernsMode":null,"Sysctls":null,"ConsoleSize":null,"CgroupnsMode":null},"Labels":{"org.testcontainers":"true","org.testcontainers.lang":"java","org.testcontainers.version":"1.19.7","org.testcontainers.sessionId":"2a607c29-9f73-4ad7-8e0e-ab764e999503"},"Shell":null,"NetworkingConfig":null}"
21:10:38.426 [main] DEBUG com.github.dockerjava.zerodep.shaded.org.apache.hc.client5.http.wire -- http-outgoing-3 << "HTTP/1.1 201 Created[\r][\n]"
21:10:38.426 [main] DEBUG com.github.dockerjava.zerodep.shaded.org.apache.hc.client5.http.wire -- http-outgoing-3 << "Api-Version: 1.47[\r][\n]"
21:10:38.427 [main] DEBUG com.github.dockerjava.zerodep.shaded.org.apache.hc.client5.http.wire -- http-outgoing-3 << "Content-Type: application/json[\r][\n]"
21:10:38.427 [main] DEBUG com.github.dockerjava.zerodep.shaded.org.apache.hc.client5.http.wire -- http-outgoing-3 << "Date: Fri, 09 May 2025 18:10:38 GMT[\r][\n]"
21:10:38.427 [main] DEBUG com.github.dockerjava.zerodep.shaded.org.apache.hc.client5.http.wire -- http-outgoing-3 << "Docker-Experimental: false[\r][\n]"
21:10:38.427 [main] DEBUG com.github.dockerjava.zerodep.shaded.org.apache.hc.client5.http.wire -- http-outgoing-3 << "Ostype: linux[\r][\n]"
21:10:38.427 [main] DEBUG com.github.dockerjava.zerodep.shaded.org.apache.hc.client5.http.wire -- http-outgoing-3 << "Server: Docker/27.3.1 (linux)[\r][\n]"
21:10:38.427 [main] DEBUG com.github.dockerjava.zerodep.shaded.org.apache.hc.client5.http.wire -- http-outgoing-3 << "Transfer-Encoding: chunked[\r][\n]"
21:10:38.427 [main] DEBUG com.github.dockerjava.zerodep.shaded.org.apache.hc.client5.http.wire -- http-outgoing-3 << "[\r][\n]"
21:10:38.427 [main] DEBUG com.github.dockerjava.zerodep.shaded.org.apache.hc.client5.http.headers -- http-outgoing-3 << HTTP/1.1 201 Created
21:10:38.427 [main] DEBUG com.github.dockerjava.zerodep.shaded.org.apache.hc.client5.http.headers -- http-outgoing-3 << Api-Version: 1.47
21:10:38.427 [main] DEBUG com.github.dockerjava.zerodep.shaded.org.apache.hc.client5.http.headers -- http-outgoing-3 << Content-Type: application/json
21:10:38.427 [main] DEBUG com.github.dockerjava.zerodep.shaded.org.apache.hc.client5.http.headers -- http-outgoing-3 << Date: Fri, 09 May 2025 18:10:38 GMT
21:10:38.427 [main] DEBUG com.github.dockerjava.zerodep.shaded.org.apache.hc.client5.http.headers -- http-outgoing-3 << Docker-Experimental: false
21:10:38.427 [main] DEBUG com.github.dockerjava.zerodep.shaded.org.apache.hc.client5.http.headers -- http-outgoing-3 << Ostype: linux
21:10:38.427 [main] DEBUG com.github.dockerjava.zerodep.shaded.org.apache.hc.client5.http.headers -- http-outgoing-3 << Server: Docker/27.3.1 (linux)
21:10:38.427 [main] DEBUG com.github.dockerjava.zerodep.shaded.org.apache.hc.client5.http.headers -- http-outgoing-3 << Transfer-Encoding: chunked
21:10:38.427 [main] DEBUG com.github.dockerjava.zerodep.shaded.org.apache.hc.client5.http.impl.classic.MainClientExec -- ex-0000001F: connection can be kept alive for 3 MINUTES
21:10:38.427 [main] DEBUG com.github.dockerjava.zerodep.shaded.org.apache.hc.client5.http.wire -- http-outgoing-3 << "58[\r][\n]"
21:10:38.428 [main] DEBUG com.github.dockerjava.zerodep.shaded.org.apache.hc.client5.http.wire -- http-outgoing-3 << "{"Id":"4c13c1d3efcfb61cf4017fb71ddaac890a7f22763748289083a8aeb6ed2ab6cd","Warnings":[]}[\n]"
21:10:38.428 [main] DEBUG com.github.dockerjava.zerodep.shaded.org.apache.hc.client5.http.wire -- http-outgoing-3 << "[\r][\n]"
21:10:38.428 [main] DEBUG com.github.dockerjava.zerodep.shaded.org.apache.hc.client5.http.wire -- http-outgoing-3 << "0[\r][\n]"
21:10:38.428 [main] DEBUG com.github.dockerjava.zerodep.shaded.org.apache.hc.client5.http.wire -- http-outgoing-3 << "[\r][\n]"
21:10:38.428 [main] DEBUG com.github.dockerjava.zerodep.shaded.org.apache.hc.client5.http.impl.classic.InternalHttpClient -- ep-0000001E: releasing valid endpoint
21:10:38.428 [main] DEBUG com.github.dockerjava.zerodep.shaded.org.apache.hc.client5.http.impl.io.PoolingHttpClientConnectionManager -- ep-0000001E: releasing endpoint
21:10:38.428 [main] DEBUG com.github.dockerjava.zerodep.shaded.org.apache.hc.client5.http.impl.io.PoolingHttpClientConnectionManager -- ep-0000001E: connection http-outgoing-3 can be kept alive for 3 MINUTES
21:10:38.428 [main] DEBUG com.github.dockerjava.zerodep.shaded.org.apache.hc.client5.http.impl.io.PoolingHttpClientConnectionManager -- ep-0000001E: connection released [route: {}->npipe://localhost:2375][total available: 1; route allocated: 1 of 2147483647; total allocated: 1 of 2147483647]
21:10:38.428 [main] INFO tc.postgres:17 -- Container postgres:17 is starting: 4c13c1d3efcfb61cf4017fb71ddaac890a7f22763748289083a8aeb6ed2ab6cd
21:10:38.429 [main] DEBUG org.testcontainers.shaded.com.github.dockerjava.core.command.AbstrDockerCmd -- Cmd: 4c13c1d3efcfb61cf4017fb71ddaac890a7f22763748289083a8aeb6ed2ab6cd
21:10:38.429 [main] DEBUG com.github.dockerjava.zerodep.shaded.org.apache.hc.client5.http.impl.classic.InternalHttpClient -- ex-00000020: preparing request execution
21:10:38.429 [main] DEBUG com.github.dockerjava.zerodep.shaded.org.apache.hc.client5.http.protocol.RequestAddCookies -- Cookie spec selected: strict
21:10:38.429 [main] DEBUG com.github.dockerjava.zerodep.shaded.org.apache.hc.client5.http.protocol.RequestAuthCache -- Auth cache not set in the context
21:10:38.429 [main] DEBUG com.github.dockerjava.zerodep.shaded.org.apache.hc.client5.http.impl.classic.ProtocolExec -- ex-00000020: target auth state: UNCHALLENGED
21:10:38.429 [main] DEBUG com.github.dockerjava.zerodep.shaded.org.apache.hc.client5.http.impl.classic.ProtocolExec -- ex-00000020: proxy auth state: UNCHALLENGED
21:10:38.429 [main] DEBUG com.github.dockerjava.zerodep.shaded.org.apache.hc.client5.http.impl.classic.ConnectExec -- ex-00000020: acquiring connection with route {}->npipe://localhost:2375
21:10:38.429 [main] DEBUG com.github.dockerjava.zerodep.shaded.org.apache.hc.client5.http.impl.classic.InternalHttpClient -- ex-00000020: acquiring endpoint (3 MINUTES)
21:10:38.429 [main] DEBUG com.github.dockerjava.zerodep.shaded.org.apache.hc.client5.http.impl.io.PoolingHttpClientConnectionManager -- ex-00000020: endpoint lease request (3 MINUTES) [route: {}->npipe://localhost:2375][total available: 1; route allocated: 1 of 2147483647; total allocated: 1 of 2147483647]
21:10:38.430 [main] DEBUG com.github.dockerjava.zerodep.shaded.org.apache.hc.client5.http.impl.io.PoolingHttpClientConnectionManager -- ex-00000020: endpoint leased [route: {}->npipe://localhost:2375][total available: 0; route allocated: 1 of 2147483647; total allocated: 1 of 2147483647]
21:10:38.430 [main] DEBUG com.github.dockerjava.zerodep.shaded.org.apache.hc.client5.http.impl.io.PoolingHttpClientConnectionManager -- ex-00000020: acquired ep-0000001F
21:10:38.430 [main] DEBUG com.github.dockerjava.zerodep.shaded.org.apache.hc.client5.http.impl.classic.InternalHttpClient -- ex-00000020: acquired endpoint ep-0000001F
21:10:38.430 [main] DEBUG com.github.dockerjava.zerodep.shaded.org.apache.hc.client5.http.impl.classic.MainClientExec -- ex-00000020: executing POST /v1.32/containers/4c13c1d3efcfb61cf4017fb71ddaac890a7f22763748289083a8aeb6ed2ab6cd/start HTTP/1.1
21:10:38.430 [main] DEBUG com.github.dockerjava.zerodep.shaded.org.apache.hc.client5.http.impl.classic.InternalHttpClient -- ep-0000001F: start execution ex-00000020
21:10:38.430 [main] DEBUG com.github.dockerjava.zerodep.shaded.org.apache.hc.client5.http.impl.io.PoolingHttpClientConnectionManager -- ep-0000001F: executing exchange ex-00000020 over http-outgoing-3
21:10:38.430 [main] DEBUG com.github.dockerjava.zerodep.shaded.org.apache.hc.client5.http.headers -- http-outgoing-3 >> POST /v1.32/containers/4c13c1d3efcfb61cf4017fb71ddaac890a7f22763748289083a8aeb6ed2ab6cd/start HTTP/1.1
21:10:38.430 [main] DEBUG com.github.dockerjava.zerodep.shaded.org.apache.hc.client5.http.headers -- http-outgoing-3 >> accept: application/json
21:10:38.430 [main] DEBUG com.github.dockerjava.zerodep.shaded.org.apache.hc.client5.http.headers -- http-outgoing-3 >> content-type: application/json
21:10:38.430 [main] DEBUG com.github.dockerjava.zerodep.shaded.org.apache.hc.client5.http.headers -- http-outgoing-3 >> x-tc-sid: 2a607c29-9f73-4ad7-8e0e-ab764e999503
21:10:38.430 [main] DEBUG com.github.dockerjava.zerodep.shaded.org.apache.hc.client5.http.headers -- http-outgoing-3 >> User-Agent: tc-java/1.19.7
21:10:38.430 [main] DEBUG com.github.dockerjava.zerodep.shaded.org.apache.hc.client5.http.headers -- http-outgoing-3 >> Accept-Encoding: gzip, x-gzip, deflate
21:10:38.430 [main] DEBUG com.github.dockerjava.zerodep.shaded.org.apache.hc.client5.http.headers -- http-outgoing-3 >> Host: localhost:2375
21:10:38.430 [main] DEBUG com.github.dockerjava.zerodep.shaded.org.apache.hc.client5.http.headers -- http-outgoing-3 >> Connection: keep-alive
21:10:38.430 [main] DEBUG com.github.dockerjava.zerodep.shaded.org.apache.hc.client5.http.wire -- http-outgoing-3 >> "POST /v1.32/containers/4c13c1d3efcfb61cf4017fb71ddaac890a7f22763748289083a8aeb6ed2ab6cd/start HTTP/1.1[\r][\n]"
21:10:38.430 [main] DEBUG com.github.dockerjava.zerodep.shaded.org.apache.hc.client5.http.wire -- http-outgoing-3 >> "accept: application/json[\r][\n]"
21:10:38.430 [main] DEBUG com.github.dockerjava.zerodep.shaded.org.apache.hc.client5.http.wire -- http-outgoing-3 >> "content-type: application/json[\r][\n]"
21:10:38.430 [main] DEBUG com.github.dockerjava.zerodep.shaded.org.apache.hc.client5.http.wire -- http-outgoing-3 >> "x-tc-sid: 2a607c29-9f73-4ad7-8e0e-ab764e999503[\r][\n]"
21:10:38.430 [main] DEBUG com.github.dockerjava.zerodep.shaded.org.apache.hc.client5.http.wire -- http-outgoing-3 >> "User-Agent: tc-java/1.19.7[\r][\n]"
21:10:38.430 [main] DEBUG com.github.dockerjava.zerodep.shaded.org.apache.hc.client5.http.wire -- http-outgoing-3 >> "Accept-Encoding: gzip, x-gzip, deflate[\r][\n]"
21:10:38.430 [main] DEBUG com.github.dockerjava.zerodep.shaded.org.apache.hc.client5.http.wire -- http-outgoing-3 >> "Host: localhost:2375[\r][\n]"
21:10:38.430 [main] DEBUG com.github.dockerjava.zerodep.shaded.org.apache.hc.client5.http.wire -- http-outgoing-3 >> "Connection: keep-alive[\r][\n]"
21:10:38.430 [main] DEBUG com.github.dockerjava.zerodep.shaded.org.apache.hc.client5.http.wire -- http-outgoing-3 >> "[\r][\n]"
21:10:39.697 [main] DEBUG com.github.dockerjava.zerodep.shaded.org.apache.hc.client5.http.wire -- http-outgoing-3 << "HTTP/1.1 204 No Content[\r][\n]"
21:10:39.697 [main] DEBUG com.github.dockerjava.zerodep.shaded.org.apache.hc.client5.http.wire -- http-outgoing-3 << "Api-Version: 1.47[\r][\n]"
21:10:39.697 [main] DEBUG com.github.dockerjava.zerodep.shaded.org.apache.hc.client5.http.wire -- http-outgoing-3 << "Date: Fri, 09 May 2025 18:10:39 GMT[\r][\n]"
21:10:39.697 [main] DEBUG com.github.dockerjava.zerodep.shaded.org.apache.hc.client5.http.wire -- http-outgoing-3 << "Docker-Experimental: false[\r][\n]"
21:10:39.697 [main] DEBUG com.github.dockerjava.zerodep.shaded.org.apache.hc.client5.http.wire -- http-outgoing-3 << "Ostype: linux[\r][\n]"
21:10:39.697 [main] DEBUG com.github.dockerjava.zerodep.shaded.org.apache.hc.client5.http.wire -- http-outgoing-3 << "Server: Docker/27.3.1 (linux)[\r][\n]"
21:10:39.697 [main] DEBUG com.github.dockerjava.zerodep.shaded.org.apache.hc.client5.http.wire -- http-outgoing-3 << "[\r][\n]"
21:10:39.697 [main] DEBUG com.github.dockerjava.zerodep.shaded.org.apache.hc.client5.http.headers -- http-outgoing-3 << HTTP/1.1 204 No Content
21:10:39.697 [main] DEBUG com.github.dockerjava.zerodep.shaded.org.apache.hc.client5.http.headers -- http-outgoing-3 << Api-Version: 1.47
21:10:39.697 [main] DEBUG com.github.dockerjava.zerodep.shaded.org.apache.hc.client5.http.headers -- http-outgoing-3 << Date: Fri, 09 May 2025 18:10:39 GMT
21:10:39.697 [main] DEBUG com.github.dockerjava.zerodep.shaded.org.apache.hc.client5.http.headers -- http-outgoing-3 << Docker-Experimental: false
21:10:39.697 [main] DEBUG com.github.dockerjava.zerodep.shaded.org.apache.hc.client5.http.headers -- http-outgoing-3 << Ostype: linux
21:10:39.697 [main] DEBUG com.github.dockerjava.zerodep.shaded.org.apache.hc.client5.http.headers -- http-outgoing-3 << Server: Docker/27.3.1 (linux)
21:10:39.698 [main] DEBUG com.github.dockerjava.zerodep.shaded.org.apache.hc.client5.http.impl.classic.MainClientExec -- ex-00000020: connection can be kept alive for 3 MINUTES
21:10:39.698 [main] DEBUG com.github.dockerjava.zerodep.shaded.org.apache.hc.client5.http.impl.classic.InternalHttpClient -- ep-0000001F: releasing valid endpoint
21:10:39.698 [main] DEBUG com.github.dockerjava.zerodep.shaded.org.apache.hc.client5.http.impl.io.PoolingHttpClientConnectionManager -- ep-0000001F: releasing endpoint
21:10:39.699 [main] DEBUG com.github.dockerjava.zerodep.shaded.org.apache.hc.client5.http.impl.io.PoolingHttpClientConnectionManager -- ep-0000001F: connection http-outgoing-3 can be kept alive for 3 MINUTES
21:10:39.699 [main] DEBUG com.github.dockerjava.zerodep.shaded.org.apache.hc.client5.http.impl.io.PoolingHttpClientConnectionManager -- ep-0000001F: connection released [route: {}->npipe://localhost:2375][total available: 1; route allocated: 1 of 2147483647; total allocated: 1 of 2147483647]
21:10:39.701 [main] DEBUG org.testcontainers.shaded.com.github.dockerjava.core.command.AbstrDockerCmd -- Cmd: 4c13c1d3efcfb61cf4017fb71ddaac890a7f22763748289083a8aeb6ed2ab6cd,false
21:10:39.701 [main] DEBUG org.testcontainers.shaded.com.github.dockerjava.core.exec.InspectContainerCmdExec -- GET: DefaultWebTarget{path=[/containers/4c13c1d3efcfb61cf4017fb71ddaac890a7f22763748289083a8aeb6ed2ab6cd/json], queryParams={}}
21:10:39.702 [main] DEBUG com.github.dockerjava.zerodep.shaded.org.apache.hc.client5.http.impl.classic.InternalHttpClient -- ex-00000021: preparing request execution
21:10:39.702 [main] DEBUG com.github.dockerjava.zerodep.shaded.org.apache.hc.client5.http.protocol.RequestAddCookies -- Cookie spec selected: strict
21:10:39.702 [main] DEBUG com.github.dockerjava.zerodep.shaded.org.apache.hc.client5.http.protocol.RequestAuthCache -- Auth cache not set in the context
21:10:39.702 [main] DEBUG com.github.dockerjava.zerodep.shaded.org.apache.hc.client5.http.impl.classic.ProtocolExec -- ex-00000021: target auth state: UNCHALLENGED
21:10:39.702 [main] DEBUG com.github.dockerjava.zerodep.shaded.org.apache.hc.client5.http.impl.classic.ProtocolExec -- ex-00000021: proxy auth state: UNCHALLENGED
21:10:39.702 [main] DEBUG com.github.dockerjava.zerodep.shaded.org.apache.hc.client5.http.impl.classic.ConnectExec -- ex-00000021: acquiring connection with route {}->npipe://localhost:2375
21:10:39.702 [main] DEBUG com.github.dockerjava.zerodep.shaded.org.apache.hc.client5.http.impl.classic.InternalHttpClient -- ex-00000021: acquiring endpoint (3 MINUTES)
21:10:39.702 [main] DEBUG com.github.dockerjava.zerodep.shaded.org.apache.hc.client5.http.impl.io.PoolingHttpClientConnectionManager -- ex-00000021: endpoint lease request (3 MINUTES) [route: {}->npipe://localhost:2375][total available: 1; route allocated: 1 of 2147483647; total allocated: 1 of 2147483647]
21:10:39.702 [main] DEBUG com.github.dockerjava.zerodep.shaded.org.apache.hc.client5.http.impl.io.PoolingHttpClientConnectionManager -- ex-00000021: endpoint leased [route: {}->npipe://localhost:2375][total available: 0; route allocated: 1 of 2147483647; total allocated: 1 of 2147483647]
21:10:39.702 [main] DEBUG com.github.dockerjava.zerodep.shaded.org.apache.hc.client5.http.impl.io.PoolingHttpClientConnectionManager -- ex-00000021: acquired ep-00000020
21:10:39.702 [main] DEBUG com.github.dockerjava.zerodep.shaded.org.apache.hc.client5.http.impl.classic.InternalHttpClient -- ex-00000021: acquired endpoint ep-00000020
21:10:39.702 [main] DEBUG com.github.dockerjava.zerodep.shaded.org.apache.hc.client5.http.impl.classic.MainClientExec -- ex-00000021: executing GET /v1.32/containers/4c13c1d3efcfb61cf4017fb71ddaac890a7f22763748289083a8aeb6ed2ab6cd/json HTTP/1.1
21:10:39.702 [main] DEBUG com.github.dockerjava.zerodep.shaded.org.apache.hc.client5.http.impl.classic.InternalHttpClient -- ep-00000020: start execution ex-00000021
21:10:39.702 [main] DEBUG com.github.dockerjava.zerodep.shaded.org.apache.hc.client5.http.impl.io.PoolingHttpClientConnectionManager -- ep-00000020: executing exchange ex-00000021 over http-outgoing-3
21:10:39.703 [main] DEBUG com.github.dockerjava.zerodep.shaded.org.apache.hc.client5.http.headers -- http-outgoing-3 >> GET /v1.32/containers/4c13c1d3efcfb61cf4017fb71ddaac890a7f22763748289083a8aeb6ed2ab6cd/json HTTP/1.1
21:10:39.703 [main] DEBUG com.github.dockerjava.zerodep.shaded.org.apache.hc.client5.http.headers -- http-outgoing-3 >> accept: application/json
21:10:39.703 [main] DEBUG com.github.dockerjava.zerodep.shaded.org.apache.hc.client5.http.headers -- http-outgoing-3 >> x-tc-sid: 2a607c29-9f73-4ad7-8e0e-ab764e999503
21:10:39.703 [main] DEBUG com.github.dockerjava.zerodep.shaded.org.apache.hc.client5.http.headers -- http-outgoing-3 >> User-Agent: tc-java/1.19.7
21:10:39.703 [main] DEBUG com.github.dockerjava.zerodep.shaded.org.apache.hc.client5.http.headers -- http-outgoing-3 >> Accept-Encoding: gzip, x-gzip, deflate
21:10:39.703 [main] DEBUG com.github.dockerjava.zerodep.shaded.org.apache.hc.client5.http.headers -- http-outgoing-3 >> Host: localhost:2375
21:10:39.703 [main] DEBUG com.github.dockerjava.zerodep.shaded.org.apache.hc.client5.http.headers -- http-outgoing-3 >> Connection: keep-alive
21:10:39.703 [main] DEBUG com.github.dockerjava.zerodep.shaded.org.apache.hc.client5.http.wire -- http-outgoing-3 >> "GET /v1.32/containers/4c13c1d3efcfb61cf4017fb71ddaac890a7f22763748289083a8aeb6ed2ab6cd/json HTTP/1.1[\r][\n]"
21:10:39.703 [main] DEBUG com.github.dockerjava.zerodep.shaded.org.apache.hc.client5.http.wire -- http-outgoing-3 >> "accept: application/json[\r][\n]"
21:10:39.703 [main] DEBUG com.github.dockerjava.zerodep.shaded.org.apache.hc.client5.http.wire -- http-outgoing-3 >> "x-tc-sid: 2a607c29-9f73-4ad7-8e0e-ab764e999503[\r][\n]"
21:10:39.703 [main] DEBUG com.github.dockerjava.zerodep.shaded.org.apache.hc.client5.http.wire -- http-outgoing-3 >> "User-Agent: tc-java/1.19.7[\r][\n]"
21:10:39.703 [main] DEBUG com.github.dockerjava.zerodep.shaded.org.apache.hc.client5.http.wire -- http-outgoing-3 >> "Accept-Encoding: gzip, x-gzip, deflate[\r][\n]"
21:10:39.703 [main] DEBUG com.github.dockerjava.zerodep.shaded.org.apache.hc.client5.http.wire -- http-outgoing-3 >> "Host: localhost:2375[\r][\n]"
21:10:39.703 [main] DEBUG com.github.dockerjava.zerodep.shaded.org.apache.hc.client5.http.wire -- http-outgoing-3 >> "Connection: keep-alive[\r][\n]"
21:10:39.703 [main] DEBUG com.github.dockerjava.zerodep.shaded.org.apache.hc.client5.http.wire -- http-outgoing-3 >> "[\r][\n]"
21:10:39.707 [main] DEBUG com.github.dockerjava.zerodep.shaded.org.apache.hc.client5.http.wire -- http-outgoing-3 << "HTTP/1.1 200 OK[\r][\n]"
21:10:39.707 [main] DEBUG com.github.dockerjava.zerodep.shaded.org.apache.hc.client5.http.wire -- http-outgoing-3 << "Api-Version: 1.47[\r][\n]"
21:10:39.707 [main] DEBUG com.github.dockerjava.zerodep.shaded.org.apache.hc.client5.http.wire -- http-outgoing-3 << "Content-Type: application/json[\r][\n]"
21:10:39.707 [main] DEBUG com.github.dockerjava.zerodep.shaded.org.apache.hc.client5.http.wire -- http-outgoing-3 << "Date: Fri, 09 May 2025 18:10:39 GMT[\r][\n]"
21:10:39.707 [main] DEBUG com.github.dockerjava.zerodep.shaded.org.apache.hc.client5.http.wire -- http-outgoing-3 << "Docker-Experimental: false[\r][\n]"
21:10:39.707 [main] DEBUG com.github.dockerjava.zerodep.shaded.org.apache.hc.client5.http.wire -- http-outgoing-3 << "Ostype: linux[\r][\n]"
21:10:39.707 [main] DEBUG com.github.dockerjava.zerodep.shaded.org.apache.hc.client5.http.wire -- http-outgoing-3 << "Server: Docker/27.3.1 (linux)[\r][\n]"
21:10:39.707 [main] DEBUG com.github.dockerjava.zerodep.shaded.org.apache.hc.client5.http.wire -- http-outgoing-3 << "Transfer-Encoding: chunked[\r][\n]"
21:10:39.707 [main] DEBUG com.github.dockerjava.zerodep.shaded.org.apache.hc.client5.http.wire -- http-outgoing-3 << "[\r][\n]"
21:10:39.708 [main] DEBUG com.github.dockerjava.zerodep.shaded.org.apache.hc.client5.http.headers -- http-outgoing-3 << HTTP/1.1 200 OK
21:10:39.708 [main] DEBUG com.github.dockerjava.zerodep.shaded.org.apache.hc.client5.http.headers -- http-outgoing-3 << Api-Version: 1.47
21:10:39.708 [main] DEBUG com.github.dockerjava.zerodep.shaded.org.apache.hc.client5.http.headers -- http-outgoing-3 << Content-Type: application/json
21:10:39.708 [main] DEBUG com.github.dockerjava.zerodep.shaded.org.apache.hc.client5.http.headers -- http-outgoing-3 << Date: Fri, 09 May 2025 18:10:39 GMT
21:10:39.708 [main] DEBUG com.github.dockerjava.zerodep.shaded.org.apache.hc.client5.http.headers -- http-outgoing-3 << Docker-Experimental: false
21:10:39.708 [main] DEBUG com.github.dockerjava.zerodep.shaded.org.apache.hc.client5.http.headers -- http-outgoing-3 << Ostype: linux
21:10:39.708 [main] DEBUG com.github.dockerjava.zerodep.shaded.org.apache.hc.client5.http.headers -- http-outgoing-3 << Server: Docker/27.3.1 (linux)
21:10:39.708 [main] DEBUG com.github.dockerjava.zerodep.shaded.org.apache.hc.client5.http.headers -- http-outgoing-3 << Transfer-Encoding: chunked
21:10:39.708 [main] DEBUG com.github.dockerjava.zerodep.shaded.org.apache.hc.client5.http.impl.classic.MainClientExec -- ex-00000021: connection can be kept alive for 3 MINUTES
21:10:39.711 [main] DEBUG com.github.dockerjava.zerodep.shaded.org.apache.hc.client5.http.wire -- http-outgoing-3 << "1331[\r][\n]"
21:10:39.711 [main] DEBUG com.github.dockerjava.zerodep.shaded.org.apache.hc.client5.http.wire -- http-outgoing-3 << "{"Id":"4c13c1d3efcfb61cf4017fb71ddaac890a7f22763748289083a8aeb6ed2ab6cd","Created":"2025-05-09T18:10:38.313228474Z","Path":"docker-entrypoint.sh","Args":["postgres","-c","fsync=off"],"State":{"Status":"running","Running":true,"Paused":false,"Restarting":false,"OOMKilled":false,"Dead":false,"Pid":2200,"ExitCode":0,"Error":"","StartedAt":"2025-05-09T18:10:39.420529709Z","FinishedAt":"0001-01-01T00:00:00Z"},"Image":"sha256:fe3f571d128e8efadcd8b2fde0e2b73ebab6dbec33f6bfe69d98c682c7d8f7bd","ResolvConfPath":"/var/lib/docker/containers/4c13c1d3efcfb61cf4017fb71ddaac890a7f22763748289083a8aeb6ed2ab6cd/resolv.conf","HostnamePath":"/var/lib/docker/containers/4c13c1d3efcfb61cf4017fb71ddaac890a7f22763748289083a8aeb6ed2ab6cd/hostname","HostsPath":"/var/lib/docker/containers/4c13c1d3efcfb61cf4017fb71ddaac890a7f22763748289083a8aeb6ed2ab6cd/hosts","LogPath":"/var/lib/docker/containers/4c13c1d3efcfb61cf4017fb71ddaac890a7f22763748289083a8aeb6ed2ab6cd/4c13c1d3efcfb61cf4017fb71ddaac890a7f22763748289083a8aeb6ed2ab6cd-json.log","Name":"/naughty_elgamal","RestartCount":0,"Driver":"overlayfs","Platform":"linux","MountLabel":"","ProcessLabel":"","AppArmorProfile":"","ExecIDs":null,"HostConfig":{"Binds":[],"ContainerIDFile":"","LogConfig":{"Type":"json-file","Config":{}},"NetworkMode":"bridge","PortBindings":{"5432/tcp":[{"HostIp":"0.0.0.0","HostPort":"0"}]},"RestartPolicy":{"Name":"no","MaximumRetryCount":0},"AutoRemove":false,"VolumeDriver":"","VolumesFrom":[],"ConsoleSize":[0,0],"CapAdd":null,"CapDrop":null,"CgroupnsMode":"host","Dns":null,"DnsOptions":null,"DnsSearch":null,"ExtraHosts":[],"GroupAdd":null,"IpcMode":"shareable","Cgroup":"","Links":null,"OomScoreAdj":0,"PidMode":"","Privileged":false,"PublishAllPorts":false,"ReadonlyRootfs":false,"SecurityOpt":null,"UTSMode":"","UsernsMode":"","ShmSize":67108864,"Runtime":"runc","Isolation":"","CpuShares":0,"Memory":0,"NanoCpus":0,"CgroupParent":"","BlkioWeight":0,"BlkioWeightDevice":null,"BlkioDeviceReadBps":null,"BlkioDeviceWriteBps":null,"BlkioDeviceReadIOps":null,"BlkioDeviceWriteIOps":null,"CpuPeriod":0,"CpuQuota":0,"CpuRealtimePeriod":0,"CpuRealtimeRuntime":0,"CpusetCpus":"","CpusetMems":"","Devices":null,"DeviceCgroupRules":null,"DeviceRequests":null,"MemoryReservation":0,"MemorySwap":0,"MemorySwappiness":null,"OomKillDisable":false,"PidsLimit":null,"Ulimits":null,"CpuCount":0,"CpuPercent":0,"IOMaximumIOps":0,"IOMaximumBandwidth":0,"MaskedPaths":["/proc/asound","/proc/acpi","/proc/kcore","/proc/keys","/proc/latency_stats","/proc/timer_list","/proc/timer_stats","/proc/sched_debug","/proc/scsi","/sys/firmware","/sys/devices/virtual/powercap"],"ReadonlyPaths":["/proc/bus","/proc/fs","/proc/irq","/proc/sys","/proc/sysrq-trigger"]},"GraphDriver":{"Data":null,"Name":"overlayfs"},"Mounts":[{"Type":"volume","Name":"6a14552fd3c06236547b94d7a460cae53b1aef7823c3b0ffb9d4d23cac5367a6","Source":"/var/lib/docker/volumes/6a14552fd3c06236547b94d7a460cae53b1aef7823c3b0ffb9d4d23cac5367a6/_data","Destination":"/var/lib/postgresql/data","Driver":"local","Mode":"","RW":true,"Propagation":""}],"Config":{"Hostname":"4c13c1d3efcf","Domainname":"","User":"","AttachStdin":false,"AttachStdout":false,"AttachStderr":false,"ExposedPorts":{"5432/tcp":{}},"Tty":false,"OpenStdin":false,"StdinOnce":false,"Env":["POSTGRES_USER=postgres","POSTGRES_PASSWORD=Pofigict2005","POSTGRES_DB=pets","PATH=/usr/local/sbin:/usr/local/bin:/usr/sbin:/usr/bin:/sbin:/bin:/usr/lib/postgresql/17/bin","GOSU_VERSION=1.17","LANG=en_US.utf8","PG_MAJOR=17","PG_VERSION=17.4-1.pgdg120+2","PGDATA=/var/lib/postgresql/data"],"Cmd":["postgres","-c","fsync=off"],"Image":"postgres:17","Volumes":{"/var/lib/postgresql/data":{}},"WorkingDir":"","Entrypoint":["docker-entrypoint.sh"],"OnBuild":null,"Labels":{"org.testcontainers":"true","org.testcontainers.lang":"java","org.testcontainers.sessionId":"2a607c29-9f73-4ad7-8e0e-ab764e999503","org.testcontainers.version":"1.19.7"},"StopSignal":"SIGINT"},"NetworkSettings":{"Bridge":"","SandboxID":"c6bc5d9f52c2d019ce66803d8913775f04f883a3842fa4fedb9c200b5bd102bf","SandboxKey":"/var/run/docker/netns/c6bc5d9f52c2",""
21:10:39.712 [main] DEBUG com.github.dockerjava.zerodep.shaded.org.apache.hc.client5.http.wire -- http-outgoing-3 << "Ports":{"5432/tcp":[]},"HairpinMode":false,"LinkLocalIPv6Address":"","LinkLocalIPv6PrefixLen":0,"SecondaryIPAddresses":null,"SecondaryIPv6Addresses":null,"EndpointID":"94bed83c9c5eeeeece7bf1da9777bff824c20732edf819d85e67bcf6221536c9","Gateway":"172.17.0.1","GlobalIPv6Address":"","GlobalIPv6PrefixLen":0,"IPAddress":"172.17.0.3","IPPrefixLen":16,"IPv6Gateway":"","MacAddress":"02:42:ac:11:00:03","Networks":{"bridge":{"IPAMConfig":null,"Links":null,"Aliases":null,"MacAddress":"02:42:ac:11:00:03","DriverOpts":null,"NetworkID":"f0594820a60c9d6c1293e01ac8a804eac606a0cdb0dcd01c085bc8a3a64632ab","EndpointID":"94bed83c9c5eeeeece7bf1da9777bff824c20732edf819d85e67bcf6221536c9","Gateway":"172.17.0.1","IPAddress":"172.17.0.3","IPPrefixLen":16,"IPv6Gateway":"","GlobalIPv6Address":"","GlobalIPv6PrefixLen":0,"DNSNames":null}}}}[\n]"
21:10:39.713 [main] DEBUG com.github.dockerjava.zerodep.shaded.org.apache.hc.client5.http.wire -- http-outgoing-3 << "[\r][\n]"
21:10:39.713 [main] DEBUG com.github.dockerjava.zerodep.shaded.org.apache.hc.client5.http.wire -- http-outgoing-3 << "0[\r][\n]"
21:10:39.713 [main] DEBUG com.github.dockerjava.zerodep.shaded.org.apache.hc.client5.http.wire -- http-outgoing-3 << "[\r][\n]"
21:10:39.714 [main] DEBUG com.github.dockerjava.zerodep.shaded.org.apache.hc.client5.http.impl.classic.InternalHttpClient -- ep-00000020: releasing valid endpoint
21:10:39.714 [main] DEBUG com.github.dockerjava.zerodep.shaded.org.apache.hc.client5.http.impl.io.PoolingHttpClientConnectionManager -- ep-00000020: releasing endpoint
21:10:39.714 [main] DEBUG com.github.dockerjava.zerodep.shaded.org.apache.hc.client5.http.impl.io.PoolingHttpClientConnectionManager -- ep-00000020: connection http-outgoing-3 can be kept alive for 3 MINUTES
21:10:39.714 [main] DEBUG com.github.dockerjava.zerodep.shaded.org.apache.hc.client5.http.impl.io.PoolingHttpClientConnectionManager -- ep-00000020: connection released [route: {}->npipe://localhost:2375][total available: 1; route allocated: 1 of 2147483647; total allocated: 1 of 2147483647]
21:10:39.750 [main] DEBUG org.testcontainers.shaded.com.github.dockerjava.core.command.AbstrDockerCmd -- Cmd: 4c13c1d3efcfb61cf4017fb71ddaac890a7f22763748289083a8aeb6ed2ab6cd,false
21:10:39.750 [main] DEBUG org.testcontainers.shaded.com.github.dockerjava.core.exec.InspectContainerCmdExec -- GET: DefaultWebTarget{path=[/containers/4c13c1d3efcfb61cf4017fb71ddaac890a7f22763748289083a8aeb6ed2ab6cd/json], queryParams={}}
21:10:39.751 [main] DEBUG com.github.dockerjava.zerodep.shaded.org.apache.hc.client5.http.impl.classic.InternalHttpClient -- ex-00000022: preparing request execution
21:10:39.751 [main] DEBUG com.github.dockerjava.zerodep.shaded.org.apache.hc.client5.http.protocol.RequestAddCookies -- Cookie spec selected: strict
21:10:39.751 [main] DEBUG com.github.dockerjava.zerodep.shaded.org.apache.hc.client5.http.protocol.RequestAuthCache -- Auth cache not set in the context
21:10:39.751 [main] DEBUG com.github.dockerjava.zerodep.shaded.org.apache.hc.client5.http.impl.classic.ProtocolExec -- ex-00000022: target auth state: UNCHALLENGED
21:10:39.751 [main] DEBUG com.github.dockerjava.zerodep.shaded.org.apache.hc.client5.http.impl.classic.ProtocolExec -- ex-00000022: proxy auth state: UNCHALLENGED
21:10:39.751 [main] DEBUG com.github.dockerjava.zerodep.shaded.org.apache.hc.client5.http.impl.classic.ConnectExec -- ex-00000022: acquiring connection with route {}->npipe://localhost:2375
21:10:39.751 [main] DEBUG com.github.dockerjava.zerodep.shaded.org.apache.hc.client5.http.impl.classic.InternalHttpClient -- ex-00000022: acquiring endpoint (3 MINUTES)
21:10:39.751 [main] DEBUG com.github.dockerjava.zerodep.shaded.org.apache.hc.client5.http.impl.io.PoolingHttpClientConnectionManager -- ex-00000022: endpoint lease request (3 MINUTES) [route: {}->npipe://localhost:2375][total available: 1; route allocated: 1 of 2147483647; total allocated: 1 of 2147483647]
21:10:39.751 [main] DEBUG com.github.dockerjava.zerodep.shaded.org.apache.hc.client5.http.impl.io.PoolingHttpClientConnectionManager -- ex-00000022: endpoint leased [route: {}->npipe://localhost:2375][total available: 0; route allocated: 1 of 2147483647; total allocated: 1 of 2147483647]
21:10:39.751 [main] DEBUG com.github.dockerjava.zerodep.shaded.org.apache.hc.client5.http.impl.io.PoolingHttpClientConnectionManager -- ex-00000022: acquired ep-00000021
21:10:39.751 [main] DEBUG com.github.dockerjava.zerodep.shaded.org.apache.hc.client5.http.impl.classic.InternalHttpClient -- ex-00000022: acquired endpoint ep-00000021
21:10:39.751 [main] DEBUG com.github.dockerjava.zerodep.shaded.org.apache.hc.client5.http.impl.classic.MainClientExec -- ex-00000022: executing GET /v1.32/containers/4c13c1d3efcfb61cf4017fb71ddaac890a7f22763748289083a8aeb6ed2ab6cd/json HTTP/1.1
21:10:39.751 [main] DEBUG com.github.dockerjava.zerodep.shaded.org.apache.hc.client5.http.impl.classic.InternalHttpClient -- ep-00000021: start execution ex-00000022
21:10:39.751 [main] DEBUG com.github.dockerjava.zerodep.shaded.org.apache.hc.client5.http.impl.io.PoolingHttpClientConnectionManager -- ep-00000021: executing exchange ex-00000022 over http-outgoing-3
21:10:39.751 [main] DEBUG com.github.dockerjava.zerodep.shaded.org.apache.hc.client5.http.headers -- http-outgoing-3 >> GET /v1.32/containers/4c13c1d3efcfb61cf4017fb71ddaac890a7f22763748289083a8aeb6ed2ab6cd/json HTTP/1.1
21:10:39.751 [main] DEBUG com.github.dockerjava.zerodep.shaded.org.apache.hc.client5.http.headers -- http-outgoing-3 >> accept: application/json
21:10:39.751 [main] DEBUG com.github.dockerjava.zerodep.shaded.org.apache.hc.client5.http.headers -- http-outgoing-3 >> x-tc-sid: 2a607c29-9f73-4ad7-8e0e-ab764e999503
21:10:39.751 [main] DEBUG com.github.dockerjava.zerodep.shaded.org.apache.hc.client5.http.headers -- http-outgoing-3 >> User-Agent: tc-java/1.19.7
21:10:39.751 [main] DEBUG com.github.dockerjava.zerodep.shaded.org.apache.hc.client5.http.headers -- http-outgoing-3 >> Accept-Encoding: gzip, x-gzip, deflate
21:10:39.751 [main] DEBUG com.github.dockerjava.zerodep.shaded.org.apache.hc.client5.http.headers -- http-outgoing-3 >> Host: localhost:2375
21:10:39.751 [main] DEBUG com.github.dockerjava.zerodep.shaded.org.apache.hc.client5.http.headers -- http-outgoing-3 >> Connection: keep-alive
21:10:39.751 [main] DEBUG com.github.dockerjava.zerodep.shaded.org.apache.hc.client5.http.wire -- http-outgoing-3 >> "GET /v1.32/containers/4c13c1d3efcfb61cf4017fb71ddaac890a7f22763748289083a8aeb6ed2ab6cd/json HTTP/1.1[\r][\n]"
21:10:39.751 [main] DEBUG com.github.dockerjava.zerodep.shaded.org.apache.hc.client5.http.wire -- http-outgoing-3 >> "accept: application/json[\r][\n]"
21:10:39.751 [main] DEBUG com.github.dockerjava.zerodep.shaded.org.apache.hc.client5.http.wire -- http-outgoing-3 >> "x-tc-sid: 2a607c29-9f73-4ad7-8e0e-ab764e999503[\r][\n]"
21:10:39.751 [main] DEBUG com.github.dockerjava.zerodep.shaded.org.apache.hc.client5.http.wire -- http-outgoing-3 >> "User-Agent: tc-java/1.19.7[\r][\n]"
21:10:39.751 [main] DEBUG com.github.dockerjava.zerodep.shaded.org.apache.hc.client5.http.wire -- http-outgoing-3 >> "Accept-Encoding: gzip, x-gzip, deflate[\r][\n]"
21:10:39.751 [main] DEBUG com.github.dockerjava.zerodep.shaded.org.apache.hc.client5.http.wire -- http-outgoing-3 >> "Host: localhost:2375[\r][\n]"
21:10:39.751 [main] DEBUG com.github.dockerjava.zerodep.shaded.org.apache.hc.client5.http.wire -- http-outgoing-3 >> "Connection: keep-alive[\r][\n]"
21:10:39.751 [main] DEBUG com.github.dockerjava.zerodep.shaded.org.apache.hc.client5.http.wire -- http-outgoing-3 >> "[\r][\n]"
21:10:39.757 [main] DEBUG com.github.dockerjava.zerodep.shaded.org.apache.hc.client5.http.wire -- http-outgoing-3 << "HTTP/1.1 200 OK[\r][\n]"
21:10:39.757 [main] DEBUG com.github.dockerjava.zerodep.shaded.org.apache.hc.client5.http.wire -- http-outgoing-3 << "Api-Version: 1.47[\r][\n]"
21:10:39.757 [main] DEBUG com.github.dockerjava.zerodep.shaded.org.apache.hc.client5.http.wire -- http-outgoing-3 << "Content-Type: application/json[\r][\n]"
21:10:39.758 [main] DEBUG com.github.dockerjava.zerodep.shaded.org.apache.hc.client5.http.wire -- http-outgoing-3 << "Date: Fri, 09 May 2025 18:10:39 GMT[\r][\n]"
21:10:39.758 [main] DEBUG com.github.dockerjava.zerodep.shaded.org.apache.hc.client5.http.wire -- http-outgoing-3 << "Docker-Experimental: false[\r][\n]"
21:10:39.758 [main] DEBUG com.github.dockerjava.zerodep.shaded.org.apache.hc.client5.http.wire -- http-outgoing-3 << "Ostype: linux[\r][\n]"
21:10:39.758 [main] DEBUG com.github.dockerjava.zerodep.shaded.org.apache.hc.client5.http.wire -- http-outgoing-3 << "Server: Docker/27.3.1 (linux)[\r][\n]"
21:10:39.758 [main] DEBUG com.github.dockerjava.zerodep.shaded.org.apache.hc.client5.http.wire -- http-outgoing-3 << "Transfer-Encoding: chunked[\r][\n]"
21:10:39.758 [main] DEBUG com.github.dockerjava.zerodep.shaded.org.apache.hc.client5.http.wire -- http-outgoing-3 << "[\r][\n]"
21:10:39.758 [main] DEBUG com.github.dockerjava.zerodep.shaded.org.apache.hc.client5.http.headers -- http-outgoing-3 << HTTP/1.1 200 OK
21:10:39.758 [main] DEBUG com.github.dockerjava.zerodep.shaded.org.apache.hc.client5.http.headers -- http-outgoing-3 << Api-Version: 1.47
21:10:39.758 [main] DEBUG com.github.dockerjava.zerodep.shaded.org.apache.hc.client5.http.headers -- http-outgoing-3 << Content-Type: application/json
21:10:39.758 [main] DEBUG com.github.dockerjava.zerodep.shaded.org.apache.hc.client5.http.headers -- http-outgoing-3 << Date: Fri, 09 May 2025 18:10:39 GMT
21:10:39.758 [main] DEBUG com.github.dockerjava.zerodep.shaded.org.apache.hc.client5.http.headers -- http-outgoing-3 << Docker-Experimental: false
21:10:39.758 [main] DEBUG com.github.dockerjava.zerodep.shaded.org.apache.hc.client5.http.headers -- http-outgoing-3 << Ostype: linux
21:10:39.758 [main] DEBUG com.github.dockerjava.zerodep.shaded.org.apache.hc.client5.http.headers -- http-outgoing-3 << Server: Docker/27.3.1 (linux)
21:10:39.758 [main] DEBUG com.github.dockerjava.zerodep.shaded.org.apache.hc.client5.http.headers -- http-outgoing-3 << Transfer-Encoding: chunked
21:10:39.758 [main] DEBUG com.github.dockerjava.zerodep.shaded.org.apache.hc.client5.http.impl.classic.MainClientExec -- ex-00000022: connection can be kept alive for 3 MINUTES
21:10:39.760 [main] DEBUG com.github.dockerjava.zerodep.shaded.org.apache.hc.client5.http.wire -- http-outgoing-3 << "1358[\r][\n]"
21:10:39.760 [main] DEBUG com.github.dockerjava.zerodep.shaded.org.apache.hc.client5.http.wire -- http-outgoing-3 << "{"Id":"4c13c1d3efcfb61cf4017fb71ddaac890a7f22763748289083a8aeb6ed2ab6cd","Created":"2025-05-09T18:10:38.313228474Z","Path":"docker-entrypoint.sh","Args":["postgres","-c","fsync=off"],"State":{"Status":"running","Running":true,"Paused":false,"Restarting":false,"OOMKilled":false,"Dead":false,"Pid":2200,"ExitCode":0,"Error":"","StartedAt":"2025-05-09T18:10:39.420529709Z","FinishedAt":"0001-01-01T00:00:00Z"},"Image":"sha256:fe3f571d128e8efadcd8b2fde0e2b73ebab6dbec33f6bfe69d98c682c7d8f7bd","ResolvConfPath":"/var/lib/docker/containers/4c13c1d3efcfb61cf4017fb71ddaac890a7f22763748289083a8aeb6ed2ab6cd/resolv.conf","HostnamePath":"/var/lib/docker/containers/4c13c1d3efcfb61cf4017fb71ddaac890a7f22763748289083a8aeb6ed2ab6cd/hostname","HostsPath":"/var/lib/docker/containers/4c13c1d3efcfb61cf4017fb71ddaac890a7f22763748289083a8aeb6ed2ab6cd/hosts","LogPath":"/var/lib/docker/containers/4c13c1d3efcfb61cf4017fb71ddaac890a7f22763748289083a8aeb6ed2ab6cd/4c13c1d3efcfb61cf4017fb71ddaac890a7f22763748289083a8aeb6ed2ab6cd-json.log","Name":"/naughty_elgamal","RestartCount":0,"Driver":"overlayfs","Platform":"linux","MountLabel":"","ProcessLabel":"","AppArmorProfile":"","ExecIDs":null,"HostConfig":{"Binds":[],"ContainerIDFile":"","LogConfig":{"Type":"json-file","Config":{}},"NetworkMode":"bridge","PortBindings":{"5432/tcp":[{"HostIp":"0.0.0.0","HostPort":"0"}]},"RestartPolicy":{"Name":"no","MaximumRetryCount":0},"AutoRemove":false,"VolumeDriver":"","VolumesFrom":[],"ConsoleSize":[0,0],"CapAdd":null,"CapDrop":null,"CgroupnsMode":"host","Dns":null,"DnsOptions":null,"DnsSearch":null,"ExtraHosts":[],"GroupAdd":null,"IpcMode":"shareable","Cgroup":"","Links":null,"OomScoreAdj":0,"PidMode":"","Privileged":false,"PublishAllPorts":false,"ReadonlyRootfs":false,"SecurityOpt":null,"UTSMode":"","UsernsMode":"","ShmSize":67108864,"Runtime":"runc","Isolation":"","CpuShares":0,"Memory":0,"NanoCpus":0,"CgroupParent":"","BlkioWeight":0,"BlkioWeightDevice":null,"BlkioDeviceReadBps":null,"BlkioDeviceWriteBps":null,"BlkioDeviceReadIOps":null,"BlkioDeviceWriteIOps":null,"CpuPeriod":0,"CpuQuota":0,"CpuRealtimePeriod":0,"CpuRealtimeRuntime":0,"CpusetCpus":"","CpusetMems":"","Devices":null,"DeviceCgroupRules":null,"DeviceRequests":null,"MemoryReservation":0,"MemorySwap":0,"MemorySwappiness":null,"OomKillDisable":false,"PidsLimit":null,"Ulimits":null,"CpuCount":0,"CpuPercent":0,"IOMaximumIOps":0,"IOMaximumBandwidth":0,"MaskedPaths":["/proc/asound","/proc/acpi","/proc/kcore","/proc/keys","/proc/latency_stats","/proc/timer_list","/proc/timer_stats","/proc/sched_debug","/proc/scsi","/sys/firmware","/sys/devices/virtual/powercap"],"ReadonlyPaths":["/proc/bus","/proc/fs","/proc/irq","/proc/sys","/proc/sysrq-trigger"]},"GraphDriver":{"Data":null,"Name":"overlayfs"},"Mounts":[{"Type":"volume","Name":"6a14552fd3c06236547b94d7a460cae53b1aef7823c3b0ffb9d4d23cac5367a6","Source":"/var/lib/docker/volumes/6a14552fd3c06236547b94d7a460cae53b1aef7823c3b0ffb9d4d23cac5367a6/_data","Destination":"/var/lib/postgresql/data","Driver":"local","Mode":"","RW":true,"Propagation":""}],"Config":{"Hostname":"4c13c1d3efcf","Domainname":"","User":"","AttachStdin":false,"AttachStdout":false,"AttachStderr":false,"ExposedPorts":{"5432/tcp":{}},"Tty":false,"OpenStdin":false,"StdinOnce":false,"Env":["POSTGRES_USER=postgres","POSTGRES_PASSWORD=Pofigict2005","POSTGRES_DB=pets","PATH=/usr/local/sbin:/usr/local/bin:/usr/sbin:/usr/bin:/sbin:/bin:/usr/lib/postgresql/17/bin","GOSU_VERSION=1.17","LANG=en_US.utf8","PG_MAJOR=17","PG_VERSION=17.4-1.pgdg120+2","PGDATA=/var/lib/postgresql/data"],"Cmd":["postgres","-c","fsync=off"],"Image":"postgres:17","Volumes":{"/var/lib/postgresql/data":{}},"WorkingDir":"","Entrypoint":["docker-entrypoint.sh"],"OnBuild":null,"Labels":{"org.testcontainers":"true","org.testcontainers.lang":"java","org.testcontainers.sessionId":"2a607c29-9f73-4ad7-8e0e-ab764e999503","org.testcontainers.version":"1.19.7"},"StopSignal":"SIGINT"},"NetworkSettings":{"Bridge":"","SandboxID":"c6bc5d9f52c2d019ce66803d8913775f04f883a3842fa4fedb9c200b5bd102bf","SandboxKey":"/var/run/docker/netns/c6bc5d9f52c2",""
21:10:39.761 [main] DEBUG com.github.dockerjava.zerodep.shaded.org.apache.hc.client5.http.wire -- http-outgoing-3 << "Ports":{"5432/tcp":[{"HostIp":"0.0.0.0","HostPort":"49864"}]},"HairpinMode":false,"LinkLocalIPv6Address":"","LinkLocalIPv6PrefixLen":0,"SecondaryIPAddresses":null,"SecondaryIPv6Addresses":null,"EndpointID":"94bed83c9c5eeeeece7bf1da9777bff824c20732edf819d85e67bcf6221536c9","Gateway":"172.17.0.1","GlobalIPv6Address":"","GlobalIPv6PrefixLen":0,"IPAddress":"172.17.0.3","IPPrefixLen":16,"IPv6Gateway":"","MacAddress":"02:42:ac:11:00:03","Networks":{"bridge":{"IPAMConfig":null,"Links":null,"Aliases":null,"MacAddress":"02:42:ac:11:00:03","DriverOpts":null,"NetworkID":"f0594820a60c9d6c1293e01ac8a804eac606a0cdb0dcd01c085bc8a3a64632ab","EndpointID":"94bed83c9c5eeeeece7bf1da9777bff824c20732edf819d85e67bcf6221536c9","Gateway":"172.17.0.1","IPAddress":"172.17.0.3","IPPrefixLen":16,"IPv6Gateway":"","GlobalIPv6Address":"","GlobalIPv6PrefixLen":0,"DNSNames":null}}}}[\n]"
21:10:39.762 [main] DEBUG com.github.dockerjava.zerodep.shaded.org.apache.hc.client5.http.wire -- http-outgoing-3 << "[\r][\n]"
21:10:39.762 [main] DEBUG com.github.dockerjava.zerodep.shaded.org.apache.hc.client5.http.wire -- http-outgoing-3 << "0[\r][\n]"
21:10:39.762 [main] DEBUG com.github.dockerjava.zerodep.shaded.org.apache.hc.client5.http.wire -- http-outgoing-3 << "[\r][\n]"
21:10:39.762 [main] DEBUG com.github.dockerjava.zerodep.shaded.org.apache.hc.client5.http.impl.classic.InternalHttpClient -- ep-00000021: releasing valid endpoint
21:10:39.762 [main] DEBUG com.github.dockerjava.zerodep.shaded.org.apache.hc.client5.http.impl.io.PoolingHttpClientConnectionManager -- ep-00000021: releasing endpoint
21:10:39.762 [main] DEBUG com.github.dockerjava.zerodep.shaded.org.apache.hc.client5.http.impl.io.PoolingHttpClientConnectionManager -- ep-00000021: connection http-outgoing-3 can be kept alive for 3 MINUTES
21:10:39.762 [main] DEBUG com.github.dockerjava.zerodep.shaded.org.apache.hc.client5.http.impl.io.PoolingHttpClientConnectionManager -- ep-00000021: connection released [route: {}->npipe://localhost:2375][total available: 1; route allocated: 1 of 2147483647; total allocated: 1 of 2147483647]
21:10:39.762 [main] DEBUG org.testcontainers.shaded.com.github.dockerjava.core.command.AbstrDockerCmd -- Cmd: sha256:fe3f571d128e8efadcd8b2fde0e2b73ebab6dbec33f6bfe69d98c682c7d8f7bd
21:10:39.763 [main] DEBUG com.github.dockerjava.zerodep.shaded.org.apache.hc.client5.http.impl.classic.InternalHttpClient -- ex-00000023: preparing request execution
21:10:39.763 [main] DEBUG com.github.dockerjava.zerodep.shaded.org.apache.hc.client5.http.protocol.RequestAddCookies -- Cookie spec selected: strict
21:10:39.763 [main] DEBUG com.github.dockerjava.zerodep.shaded.org.apache.hc.client5.http.protocol.RequestAuthCache -- Auth cache not set in the context
21:10:39.763 [main] DEBUG com.github.dockerjava.zerodep.shaded.org.apache.hc.client5.http.impl.classic.ProtocolExec -- ex-00000023: target auth state: UNCHALLENGED
21:10:39.763 [main] DEBUG com.github.dockerjava.zerodep.shaded.org.apache.hc.client5.http.impl.classic.ProtocolExec -- ex-00000023: proxy auth state: UNCHALLENGED
21:10:39.763 [main] DEBUG com.github.dockerjava.zerodep.shaded.org.apache.hc.client5.http.impl.classic.ConnectExec -- ex-00000023: acquiring connection with route {}->npipe://localhost:2375
21:10:39.763 [main] DEBUG com.github.dockerjava.zerodep.shaded.org.apache.hc.client5.http.impl.classic.InternalHttpClient -- ex-00000023: acquiring endpoint (3 MINUTES)
21:10:39.763 [main] DEBUG com.github.dockerjava.zerodep.shaded.org.apache.hc.client5.http.impl.io.PoolingHttpClientConnectionManager -- ex-00000023: endpoint lease request (3 MINUTES) [route: {}->npipe://localhost:2375][total available: 1; route allocated: 1 of 2147483647; total allocated: 1 of 2147483647]
21:10:39.763 [main] DEBUG com.github.dockerjava.zerodep.shaded.org.apache.hc.client5.http.impl.io.PoolingHttpClientConnectionManager -- ex-00000023: endpoint leased [route: {}->npipe://localhost:2375][total available: 0; route allocated: 1 of 2147483647; total allocated: 1 of 2147483647]
21:10:39.763 [main] DEBUG com.github.dockerjava.zerodep.shaded.org.apache.hc.client5.http.impl.io.PoolingHttpClientConnectionManager -- ex-00000023: acquired ep-00000022
21:10:39.763 [main] DEBUG com.github.dockerjava.zerodep.shaded.org.apache.hc.client5.http.impl.classic.InternalHttpClient -- ex-00000023: acquired endpoint ep-00000022
21:10:39.763 [main] DEBUG com.github.dockerjava.zerodep.shaded.org.apache.hc.client5.http.impl.classic.MainClientExec -- ex-00000023: executing GET /v1.32/images/sha256:fe3f571d128e8efadcd8b2fde0e2b73ebab6dbec33f6bfe69d98c682c7d8f7bd/json HTTP/1.1
21:10:39.763 [main] DEBUG com.github.dockerjava.zerodep.shaded.org.apache.hc.client5.http.impl.classic.InternalHttpClient -- ep-00000022: start execution ex-00000023
21:10:39.763 [main] DEBUG com.github.dockerjava.zerodep.shaded.org.apache.hc.client5.http.impl.io.PoolingHttpClientConnectionManager -- ep-00000022: executing exchange ex-00000023 over http-outgoing-3
21:10:39.763 [main] DEBUG com.github.dockerjava.zerodep.shaded.org.apache.hc.client5.http.headers -- http-outgoing-3 >> GET /v1.32/images/sha256:fe3f571d128e8efadcd8b2fde0e2b73ebab6dbec33f6bfe69d98c682c7d8f7bd/json HTTP/1.1
21:10:39.763 [main] DEBUG com.github.dockerjava.zerodep.shaded.org.apache.hc.client5.http.headers -- http-outgoing-3 >> accept: application/json
21:10:39.763 [main] DEBUG com.github.dockerjava.zerodep.shaded.org.apache.hc.client5.http.headers -- http-outgoing-3 >> x-tc-sid: 2a607c29-9f73-4ad7-8e0e-ab764e999503
21:10:39.763 [main] DEBUG com.github.dockerjava.zerodep.shaded.org.apache.hc.client5.http.headers -- http-outgoing-3 >> User-Agent: tc-java/1.19.7
21:10:39.763 [main] DEBUG com.github.dockerjava.zerodep.shaded.org.apache.hc.client5.http.headers -- http-outgoing-3 >> Accept-Encoding: gzip, x-gzip, deflate
21:10:39.763 [main] DEBUG com.github.dockerjava.zerodep.shaded.org.apache.hc.client5.http.headers -- http-outgoing-3 >> Host: localhost:2375
21:10:39.763 [main] DEBUG com.github.dockerjava.zerodep.shaded.org.apache.hc.client5.http.headers -- http-outgoing-3 >> Connection: keep-alive
21:10:39.763 [main] DEBUG com.github.dockerjava.zerodep.shaded.org.apache.hc.client5.http.wire -- http-outgoing-3 >> "GET /v1.32/images/sha256:fe3f571d128e8efadcd8b2fde0e2b73ebab6dbec33f6bfe69d98c682c7d8f7bd/json HTTP/1.1[\r][\n]"
21:10:39.763 [main] DEBUG com.github.dockerjava.zerodep.shaded.org.apache.hc.client5.http.wire -- http-outgoing-3 >> "accept: application/json[\r][\n]"
21:10:39.763 [main] DEBUG com.github.dockerjava.zerodep.shaded.org.apache.hc.client5.http.wire -- http-outgoing-3 >> "x-tc-sid: 2a607c29-9f73-4ad7-8e0e-ab764e999503[\r][\n]"
21:10:39.763 [main] DEBUG com.github.dockerjava.zerodep.shaded.org.apache.hc.client5.http.wire -- http-outgoing-3 >> "User-Agent: tc-java/1.19.7[\r][\n]"
21:10:39.763 [main] DEBUG com.github.dockerjava.zerodep.shaded.org.apache.hc.client5.http.wire -- http-outgoing-3 >> "Accept-Encoding: gzip, x-gzip, deflate[\r][\n]"
21:10:39.763 [main] DEBUG com.github.dockerjava.zerodep.shaded.org.apache.hc.client5.http.wire -- http-outgoing-3 >> "Host: localhost:2375[\r][\n]"
21:10:39.763 [main] DEBUG com.github.dockerjava.zerodep.shaded.org.apache.hc.client5.http.wire -- http-outgoing-3 >> "Connection: keep-alive[\r][\n]"
21:10:39.763 [main] DEBUG com.github.dockerjava.zerodep.shaded.org.apache.hc.client5.http.wire -- http-outgoing-3 >> "[\r][\n]"
21:10:39.800 [main] DEBUG com.github.dockerjava.zerodep.shaded.org.apache.hc.client5.http.wire -- http-outgoing-3 << "HTTP/1.1 200 OK[\r][\n]"
21:10:39.800 [main] DEBUG com.github.dockerjava.zerodep.shaded.org.apache.hc.client5.http.wire -- http-outgoing-3 << "Api-Version: 1.47[\r][\n]"
21:10:39.800 [main] DEBUG com.github.dockerjava.zerodep.shaded.org.apache.hc.client5.http.wire -- http-outgoing-3 << "Content-Type: application/json[\r][\n]"
21:10:39.800 [main] DEBUG com.github.dockerjava.zerodep.shaded.org.apache.hc.client5.http.wire -- http-outgoing-3 << "Date: Fri, 09 May 2025 18:10:39 GMT[\r][\n]"
21:10:39.800 [main] DEBUG com.github.dockerjava.zerodep.shaded.org.apache.hc.client5.http.wire -- http-outgoing-3 << "Docker-Experimental: false[\r][\n]"
21:10:39.800 [main] DEBUG com.github.dockerjava.zerodep.shaded.org.apache.hc.client5.http.wire -- http-outgoing-3 << "Ostype: linux[\r][\n]"
21:10:39.800 [main] DEBUG com.github.dockerjava.zerodep.shaded.org.apache.hc.client5.http.wire -- http-outgoing-3 << "Server: Docker/27.3.1 (linux)[\r][\n]"
21:10:39.800 [main] DEBUG com.github.dockerjava.zerodep.shaded.org.apache.hc.client5.http.wire -- http-outgoing-3 << "Transfer-Encoding: chunked[\r][\n]"
21:10:39.800 [main] DEBUG com.github.dockerjava.zerodep.shaded.org.apache.hc.client5.http.wire -- http-outgoing-3 << "[\r][\n]"
21:10:39.800 [main] DEBUG com.github.dockerjava.zerodep.shaded.org.apache.hc.client5.http.headers -- http-outgoing-3 << HTTP/1.1 200 OK
21:10:39.800 [main] DEBUG com.github.dockerjava.zerodep.shaded.org.apache.hc.client5.http.headers -- http-outgoing-3 << Api-Version: 1.47
21:10:39.800 [main] DEBUG com.github.dockerjava.zerodep.shaded.org.apache.hc.client5.http.headers -- http-outgoing-3 << Content-Type: application/json
21:10:39.800 [main] DEBUG com.github.dockerjava.zerodep.shaded.org.apache.hc.client5.http.headers -- http-outgoing-3 << Date: Fri, 09 May 2025 18:10:39 GMT
21:10:39.800 [main] DEBUG com.github.dockerjava.zerodep.shaded.org.apache.hc.client5.http.headers -- http-outgoing-3 << Docker-Experimental: false
21:10:39.800 [main] DEBUG com.github.dockerjava.zerodep.shaded.org.apache.hc.client5.http.headers -- http-outgoing-3 << Ostype: linux
21:10:39.800 [main] DEBUG com.github.dockerjava.zerodep.shaded.org.apache.hc.client5.http.headers -- http-outgoing-3 << Server: Docker/27.3.1 (linux)
21:10:39.800 [main] DEBUG com.github.dockerjava.zerodep.shaded.org.apache.hc.client5.http.headers -- http-outgoing-3 << Transfer-Encoding: chunked
21:10:39.800 [main] DEBUG com.github.dockerjava.zerodep.shaded.org.apache.hc.client5.http.impl.classic.MainClientExec -- ex-00000023: connection can be kept alive for 3 MINUTES
21:10:39.801 [main] DEBUG com.github.dockerjava.zerodep.shaded.org.apache.hc.client5.http.wire -- http-outgoing-3 << "993[\r][\n]"
21:10:39.801 [main] DEBUG com.github.dockerjava.zerodep.shaded.org.apache.hc.client5.http.wire -- http-outgoing-3 << "{"Id":"sha256:fe3f571d128e8efadcd8b2fde0e2b73ebab6dbec33f6bfe69d98c682c7d8f7bd","RepoTags":["postgres:17"],"RepoDigests":["postgres@sha256:fe3f571d128e8efadcd8b2fde0e2b73ebab6dbec33f6bfe69d98c682c7d8f7bd"],"Parent":"","Comment":"buildkit.dockerfile.v0","Created":"2025-02-27T00:53:12Z","ContainerConfig":{"Hostname":"","Domainname":"","User":"","AttachStdin":false,"AttachStdout":false,"AttachStderr":false,"Tty":false,"OpenStdin":false,"StdinOnce":false,"Env":null,"Cmd":null,"Image":"","Volumes":null,"WorkingDir":"","Entrypoint":null,"OnBuild":null,"Labels":null},"DockerVersion":"27.3.1","Author":"","Config":{"Hostname":"","Domainname":"","User":"","AttachStdin":false,"AttachStdout":false,"AttachStderr":false,"ExposedPorts":{"5432/tcp":{}},"Tty":false,"OpenStdin":false,"StdinOnce":false,"Env":["PATH=/usr/local/sbin:/usr/local/bin:/usr/sbin:/usr/bin:/sbin:/bin:/usr/lib/postgresql/17/bin","GOSU_VERSION=1.17","LANG=en_US.utf8","PG_MAJOR=17","PG_VERSION=17.4-1.pgdg120+2","PGDATA=/var/lib/postgresql/data"],"Cmd":["postgres"],"Image":"","Volumes":{"/var/lib/postgresql/data":{}},"WorkingDir":"","Entrypoint":["docker-entrypoint.sh"],"OnBuild":null,"Labels":null,"StopSignal":"SIGINT"},"Architecture":"amd64","Os":"linux","Size":156311477,"VirtualSize":156311477,"GraphDriver":{"Data":null,"Name":"overlayfs"},"RootFS":{"Type":"layers","Layers":["sha256:ea680fbff095473bb8a6c867938d6d851e11ef0c177fce983ccc83440172bd72","sha256:f176843a935e0975a8f03d07a145284baeeb63e84d2512537a37f3b1d52c3b29","sha256:862238bb2be47e9cb13f3f5240485e4af80514da2a26e1f43357ad643300f64e","sha256:f747a30e880f275c2dabe0fb6605e3704c59ba444ccdb86c066b48b651ab5879","sha256:635fb3176498a1fe063ef2a1885f81f620117cecaad4c22650e82cac4ce25f0a","sha256:6f710ddc9374073d9c983452535bf33f375091151d5e300de999dc671012cbea","sha256:f830447537abea08f3b7a16359e0f9479a5b04d4ab010adb7fb848bf82a93087","sha256:717e08d7d953068aefd48c70eb28d1be5d67f5618c32ceff50eae284de027973","sha256:b4d84475de44b478a164b3fefce0b88ba5b0a434b4f0b86cfe1082d6139f20b5","sha256:0d669016763db2713eeed6a019dccf1aaea2c67320eaf2143c8f56a58df93fbf","sha256:03ab6c80a339f76bfd74c0d29ed9a00cc64f0fa0db4f926c72af63329f632b53","sha256:1da9f465413d16a93996271a5fdcda4789936a2b311f1ae27069bc97cdb48b3c","sha256:b860bbb68b82ba6fd32c06ae465a0c960bb0a5fd075fd99b7e9104fd65d51044","sha256:79f3c1176f8202946d43c84bcda40dd7763b230839815e65b5632148d1a44716"]},"Metadata":{"LastTagTime":"2025-04-12T06:47:12.539878029Z"}}[\n]"
21:10:39.801 [main] DEBUG com.github.dockerjava.zerodep.shaded.org.apache.hc.client5.http.wire -- http-outgoing-3 << "[\r][\n]"
21:10:39.801 [main] DEBUG com.github.dockerjava.zerodep.shaded.org.apache.hc.client5.http.wire -- http-outgoing-3 << "0[\r][\n]"
21:10:39.801 [main] DEBUG com.github.dockerjava.zerodep.shaded.org.apache.hc.client5.http.wire -- http-outgoing-3 << "[\r][\n]"
21:10:39.802 [main] DEBUG com.github.dockerjava.zerodep.shaded.org.apache.hc.client5.http.impl.classic.InternalHttpClient -- ep-00000022: releasing valid endpoint
21:10:39.802 [main] DEBUG com.github.dockerjava.zerodep.shaded.org.apache.hc.client5.http.impl.io.PoolingHttpClientConnectionManager -- ep-00000022: releasing endpoint
21:10:39.803 [main] DEBUG com.github.dockerjava.zerodep.shaded.org.apache.hc.client5.http.impl.io.PoolingHttpClientConnectionManager -- ep-00000022: connection http-outgoing-3 can be kept alive for 3 MINUTES
21:10:39.803 [main] DEBUG com.github.dockerjava.zerodep.shaded.org.apache.hc.client5.http.impl.io.PoolingHttpClientConnectionManager -- ep-00000022: connection released [route: {}->npipe://localhost:2375][total available: 1; route allocated: 1 of 2147483647; total allocated: 1 of 2147483647]
21:10:39.803 [main] DEBUG org.testcontainers.shaded.com.github.dockerjava.core.command.AbstrDockerCmd -- Cmd: 
21:10:39.803 [main] DEBUG com.github.dockerjava.zerodep.shaded.org.apache.hc.client5.http.impl.classic.InternalHttpClient -- ex-00000024: preparing request execution
21:10:39.803 [main] DEBUG com.github.dockerjava.zerodep.shaded.org.apache.hc.client5.http.protocol.RequestAddCookies -- Cookie spec selected: strict
21:10:39.803 [main] DEBUG com.github.dockerjava.zerodep.shaded.org.apache.hc.client5.http.protocol.RequestAuthCache -- Auth cache not set in the context
21:10:39.803 [main] DEBUG com.github.dockerjava.zerodep.shaded.org.apache.hc.client5.http.impl.classic.ProtocolExec -- ex-00000024: target auth state: UNCHALLENGED
21:10:39.803 [main] DEBUG com.github.dockerjava.zerodep.shaded.org.apache.hc.client5.http.impl.classic.ProtocolExec -- ex-00000024: proxy auth state: UNCHALLENGED
21:10:39.803 [main] DEBUG com.github.dockerjava.zerodep.shaded.org.apache.hc.client5.http.impl.classic.ConnectExec -- ex-00000024: acquiring connection with route {}->npipe://localhost:2375
21:10:39.803 [main] DEBUG com.github.dockerjava.zerodep.shaded.org.apache.hc.client5.http.impl.classic.InternalHttpClient -- ex-00000024: acquiring endpoint (3 MINUTES)
21:10:39.804 [main] DEBUG com.github.dockerjava.zerodep.shaded.org.apache.hc.client5.http.impl.io.PoolingHttpClientConnectionManager -- ex-00000024: endpoint lease request (3 MINUTES) [route: {}->npipe://localhost:2375][total available: 1; route allocated: 1 of 2147483647; total allocated: 1 of 2147483647]
21:10:39.804 [main] DEBUG com.github.dockerjava.zerodep.shaded.org.apache.hc.client5.http.impl.io.PoolingHttpClientConnectionManager -- ex-00000024: endpoint leased [route: {}->npipe://localhost:2375][total available: 0; route allocated: 1 of 2147483647; total allocated: 1 of 2147483647]
21:10:39.804 [main] DEBUG com.github.dockerjava.zerodep.shaded.org.apache.hc.client5.http.impl.io.PoolingHttpClientConnectionManager -- ex-00000024: acquired ep-00000023
21:10:39.804 [main] DEBUG com.github.dockerjava.zerodep.shaded.org.apache.hc.client5.http.impl.classic.InternalHttpClient -- ex-00000024: acquired endpoint ep-00000023
21:10:39.804 [main] DEBUG com.github.dockerjava.zerodep.shaded.org.apache.hc.client5.http.impl.classic.MainClientExec -- ex-00000024: executing GET /v1.32/version HTTP/1.1
21:10:39.804 [main] DEBUG com.github.dockerjava.zerodep.shaded.org.apache.hc.client5.http.impl.classic.InternalHttpClient -- ep-00000023: start execution ex-00000024
21:10:39.804 [main] DEBUG com.github.dockerjava.zerodep.shaded.org.apache.hc.client5.http.impl.io.PoolingHttpClientConnectionManager -- ep-00000023: executing exchange ex-00000024 over http-outgoing-3
21:10:39.804 [main] DEBUG com.github.dockerjava.zerodep.shaded.org.apache.hc.client5.http.headers -- http-outgoing-3 >> GET /v1.32/version HTTP/1.1
21:10:39.804 [main] DEBUG com.github.dockerjava.zerodep.shaded.org.apache.hc.client5.http.headers -- http-outgoing-3 >> accept: application/json
21:10:39.804 [main] DEBUG com.github.dockerjava.zerodep.shaded.org.apache.hc.client5.http.headers -- http-outgoing-3 >> x-tc-sid: 2a607c29-9f73-4ad7-8e0e-ab764e999503
21:10:39.804 [main] DEBUG com.github.dockerjava.zerodep.shaded.org.apache.hc.client5.http.headers -- http-outgoing-3 >> User-Agent: tc-java/1.19.7
21:10:39.804 [main] DEBUG com.github.dockerjava.zerodep.shaded.org.apache.hc.client5.http.headers -- http-outgoing-3 >> Accept-Encoding: gzip, x-gzip, deflate
21:10:39.804 [main] DEBUG com.github.dockerjava.zerodep.shaded.org.apache.hc.client5.http.headers -- http-outgoing-3 >> Host: localhost:2375
21:10:39.804 [main] DEBUG com.github.dockerjava.zerodep.shaded.org.apache.hc.client5.http.headers -- http-outgoing-3 >> Connection: keep-alive
21:10:39.804 [main] DEBUG com.github.dockerjava.zerodep.shaded.org.apache.hc.client5.http.wire -- http-outgoing-3 >> "GET /v1.32/version HTTP/1.1[\r][\n]"
21:10:39.804 [main] DEBUG com.github.dockerjava.zerodep.shaded.org.apache.hc.client5.http.wire -- http-outgoing-3 >> "accept: application/json[\r][\n]"
21:10:39.804 [main] DEBUG com.github.dockerjava.zerodep.shaded.org.apache.hc.client5.http.wire -- http-outgoing-3 >> "x-tc-sid: 2a607c29-9f73-4ad7-8e0e-ab764e999503[\r][\n]"
21:10:39.804 [main] DEBUG com.github.dockerjava.zerodep.shaded.org.apache.hc.client5.http.wire -- http-outgoing-3 >> "User-Agent: tc-java/1.19.7[\r][\n]"
21:10:39.804 [main] DEBUG com.github.dockerjava.zerodep.shaded.org.apache.hc.client5.http.wire -- http-outgoing-3 >> "Accept-Encoding: gzip, x-gzip, deflate[\r][\n]"
21:10:39.804 [main] DEBUG com.github.dockerjava.zerodep.shaded.org.apache.hc.client5.http.wire -- http-outgoing-3 >> "Host: localhost:2375[\r][\n]"
21:10:39.804 [main] DEBUG com.github.dockerjava.zerodep.shaded.org.apache.hc.client5.http.wire -- http-outgoing-3 >> "Connection: keep-alive[\r][\n]"
21:10:39.804 [main] DEBUG com.github.dockerjava.zerodep.shaded.org.apache.hc.client5.http.wire -- http-outgoing-3 >> "[\r][\n]"
21:10:39.818 [main] DEBUG com.github.dockerjava.zerodep.shaded.org.apache.hc.client5.http.wire -- http-outgoing-3 << "HTTP/1.1 200 OK[\r][\n]"
21:10:39.818 [main] DEBUG com.github.dockerjava.zerodep.shaded.org.apache.hc.client5.http.wire -- http-outgoing-3 << "Api-Version: 1.47[\r][\n]"
21:10:39.819 [main] DEBUG com.github.dockerjava.zerodep.shaded.org.apache.hc.client5.http.wire -- http-outgoing-3 << "Content-Type: application/json[\r][\n]"
21:10:39.819 [main] DEBUG com.github.dockerjava.zerodep.shaded.org.apache.hc.client5.http.wire -- http-outgoing-3 << "Date: Fri, 09 May 2025 18:10:39 GMT[\r][\n]"
21:10:39.819 [main] DEBUG com.github.dockerjava.zerodep.shaded.org.apache.hc.client5.http.wire -- http-outgoing-3 << "Docker-Experimental: false[\r][\n]"
21:10:39.819 [main] DEBUG com.github.dockerjava.zerodep.shaded.org.apache.hc.client5.http.wire -- http-outgoing-3 << "Ostype: linux[\r][\n]"
21:10:39.819 [main] DEBUG com.github.dockerjava.zerodep.shaded.org.apache.hc.client5.http.wire -- http-outgoing-3 << "Server: Docker/27.3.1 (linux)[\r][\n]"
21:10:39.819 [main] DEBUG com.github.dockerjava.zerodep.shaded.org.apache.hc.client5.http.wire -- http-outgoing-3 << "Transfer-Encoding: chunked[\r][\n]"
21:10:39.819 [main] DEBUG com.github.dockerjava.zerodep.shaded.org.apache.hc.client5.http.wire -- http-outgoing-3 << "[\r][\n]"
21:10:39.819 [main] DEBUG com.github.dockerjava.zerodep.shaded.org.apache.hc.client5.http.headers -- http-outgoing-3 << HTTP/1.1 200 OK
21:10:39.819 [main] DEBUG com.github.dockerjava.zerodep.shaded.org.apache.hc.client5.http.headers -- http-outgoing-3 << Api-Version: 1.47
21:10:39.819 [main] DEBUG com.github.dockerjava.zerodep.shaded.org.apache.hc.client5.http.headers -- http-outgoing-3 << Content-Type: application/json
21:10:39.819 [main] DEBUG com.github.dockerjava.zerodep.shaded.org.apache.hc.client5.http.headers -- http-outgoing-3 << Date: Fri, 09 May 2025 18:10:39 GMT
21:10:39.819 [main] DEBUG com.github.dockerjava.zerodep.shaded.org.apache.hc.client5.http.headers -- http-outgoing-3 << Docker-Experimental: false
21:10:39.819 [main] DEBUG com.github.dockerjava.zerodep.shaded.org.apache.hc.client5.http.headers -- http-outgoing-3 << Ostype: linux
21:10:39.819 [main] DEBUG com.github.dockerjava.zerodep.shaded.org.apache.hc.client5.http.headers -- http-outgoing-3 << Server: Docker/27.3.1 (linux)
21:10:39.819 [main] DEBUG com.github.dockerjava.zerodep.shaded.org.apache.hc.client5.http.headers -- http-outgoing-3 << Transfer-Encoding: chunked
21:10:39.819 [main] DEBUG com.github.dockerjava.zerodep.shaded.org.apache.hc.client5.http.impl.classic.MainClientExec -- ex-00000024: connection can be kept alive for 3 MINUTES
21:10:39.819 [main] DEBUG com.github.dockerjava.zerodep.shaded.org.apache.hc.client5.http.wire -- http-outgoing-3 << "35f[\r][\n]"
21:10:39.820 [main] DEBUG com.github.dockerjava.zerodep.shaded.org.apache.hc.client5.http.wire -- http-outgoing-3 << "{"Platform":{"Name":"Docker Desktop 4.36.0 (175267)"},"Components":[{"Name":"Engine","Version":"27.3.1","Details":{"ApiVersion":"1.47","Arch":"amd64","BuildTime":"2024-09-20T11:41:11.000000000+00:00","Experimental":"false","GitCommit":"41ca978","GoVersion":"go1.22.7","KernelVersion":"5.15.167.4-microsoft-standard-WSL2","MinAPIVersion":"1.24","Os":"linux"}},{"Name":"containerd","Version":"1.7.21","Details":{"GitCommit":"472731909fa34bd7bc9c087e4c27943f9835f111"}},{"Name":"runc","Version":"1.1.13","Details":{"GitCommit":"v1.1.13-0-g58aa920"}},{"Name":"docker-init","Version":"0.19.0","Details":{"GitCommit":"de40ad0"}}],"Version":"27.3.1","ApiVersion":"1.47","MinAPIVersion":"1.24","GitCommit":"41ca978","GoVersion":"go1.22.7","Os":"linux","Arch":"amd64","KernelVersion":"5.15.167.4-microsoft-standard-WSL2","BuildTime":"2024-09-20T11:41:11.000000000+00:00"}[\n]"
21:10:39.820 [main] DEBUG com.github.dockerjava.zerodep.shaded.org.apache.hc.client5.http.wire -- http-outgoing-3 << "[\r][\n]"
21:10:39.820 [main] DEBUG com.github.dockerjava.zerodep.shaded.org.apache.hc.client5.http.wire -- http-outgoing-3 << "0[\r][\n]"
21:10:39.820 [main] DEBUG com.github.dockerjava.zerodep.shaded.org.apache.hc.client5.http.wire -- http-outgoing-3 << "[\r][\n]"
21:10:39.820 [main] DEBUG com.github.dockerjava.zerodep.shaded.org.apache.hc.client5.http.impl.classic.InternalHttpClient -- ep-00000023: releasing valid endpoint
21:10:39.820 [main] DEBUG com.github.dockerjava.zerodep.shaded.org.apache.hc.client5.http.impl.io.PoolingHttpClientConnectionManager -- ep-00000023: releasing endpoint
21:10:39.820 [main] DEBUG com.github.dockerjava.zerodep.shaded.org.apache.hc.client5.http.impl.io.PoolingHttpClientConnectionManager -- ep-00000023: connection http-outgoing-3 can be kept alive for 3 MINUTES
21:10:39.820 [main] DEBUG com.github.dockerjava.zerodep.shaded.org.apache.hc.client5.http.impl.io.PoolingHttpClientConnectionManager -- ep-00000023: connection released [route: {}->npipe://localhost:2375][total available: 1; route allocated: 1 of 2147483647; total allocated: 1 of 2147483647]
21:10:39.827 [docker-java-stream-1873660600] DEBUG com.github.dockerjava.zerodep.shaded.org.apache.hc.client5.http.impl.classic.InternalHttpClient -- ex-00000025: preparing request execution
21:10:39.828 [docker-java-stream-1873660600] DEBUG com.github.dockerjava.zerodep.shaded.org.apache.hc.client5.http.protocol.RequestAddCookies -- Cookie spec selected: strict
21:10:39.828 [docker-java-stream-1873660600] DEBUG com.github.dockerjava.zerodep.shaded.org.apache.hc.client5.http.protocol.RequestAuthCache -- Auth cache not set in the context
21:10:39.828 [docker-java-stream-1873660600] DEBUG com.github.dockerjava.zerodep.shaded.org.apache.hc.client5.http.impl.classic.ProtocolExec -- ex-00000025: target auth state: UNCHALLENGED
21:10:39.828 [docker-java-stream-1873660600] DEBUG com.github.dockerjava.zerodep.shaded.org.apache.hc.client5.http.impl.classic.ProtocolExec -- ex-00000025: proxy auth state: UNCHALLENGED
21:10:39.828 [docker-java-stream-1873660600] DEBUG com.github.dockerjava.zerodep.shaded.org.apache.hc.client5.http.impl.classic.ConnectExec -- ex-00000025: acquiring connection with route {}->npipe://localhost:2375
21:10:39.828 [docker-java-stream-1873660600] DEBUG com.github.dockerjava.zerodep.shaded.org.apache.hc.client5.http.impl.classic.InternalHttpClient -- ex-00000025: acquiring endpoint (3 MINUTES)
21:10:39.828 [docker-java-stream-1873660600] DEBUG com.github.dockerjava.zerodep.shaded.org.apache.hc.client5.http.impl.io.PoolingHttpClientConnectionManager -- ex-00000025: endpoint lease request (3 MINUTES) [route: {}->npipe://localhost:2375][total available: 1; route allocated: 1 of 2147483647; total allocated: 1 of 2147483647]
[...]
21:10:41.930 [main] DEBUG org.hibernate.orm.results.loading.entity -- (EntityResultInitializer) Done materializing entityInstance : org.lab2.Pets.Pet#4
21:10:41.930 [main] DEBUG org.hibernate.orm.results.loading -- Calling top-level assembler (0 / 1) : org.hibernate.sql.results.graph.entity.internal.EntityAssembler@3fb1948c
21:10:41.931 [main] DEBUG org.hibernate.resource.jdbc.internal.LogicalConnectionManagedImpl -- Initiating JDBC connection release from afterTransaction
]]></system-out>
  </testcase>
  <testcase name="testUpdatePet_NullPet_ThrowsException" classname="org.lab2.PetDAOTest" time="0.003"/>
  <testcase name="testDeletePet" classname="org.lab2.PetDAOTest" time="0.046">
    <system-out><![CDATA[21:10:41.944 [main] DEBUG org.hibernate.engine.transaction.internal.TransactionImpl -- On TransactionImpl creation, JpaCompliance#isJpaTransactionComplianceEnabled == false
21:10:41.944 [main] DEBUG org.hibernate.engine.transaction.internal.TransactionImpl -- begin
21:10:41.945 [main] DEBUG org.hibernate.engine.spi.ActionQueue -- Executing identity-insert immediately
21:10:41.945 [main] DEBUG org.hibernate.SQL -- 
    insert 
    into
        pets
        (birth_date, breed, color, name, owner_id) 
    values
        (?, ?, ?, ?, ?)
Hibernate: 
    insert 
    into
        pets
        (birth_date, breed, color, name, owner_id) 
    values
        (?, ?, ?, ?, ?)
21:10:41.952 [main] DEBUG org.hibernate.id.IdentifierGeneratorHelper -- Natively generated identity (org.lab2.Pets.Pet) : 5
21:10:41.952 [main] DEBUG org.hibernate.resource.jdbc.internal.ResourceRegistryStandardImpl -- HHH000387: ResultSet's statement was not registered
21:10:41.952 [main] DEBUG org.hibernate.resource.jdbc.internal.ResourceRegistryStandardImpl -- Exception clearing maxRows/queryTimeout [???? statement ??? ??????.]
21:10:41.952 [main] DEBUG org.hibernate.engine.transaction.internal.TransactionImpl -- committing
21:10:41.952 [main] DEBUG org.hibernate.event.internal.AbstractFlushingEventListener -- Processing flush-time cascades
21:10:41.952 [main] DEBUG org.hibernate.event.internal.AbstractFlushingEventListener -- Dirty checking collections
21:10:41.952 [main] DEBUG org.hibernate.engine.internal.Collections -- Collection found: [org.lab2.Pets.Pet.friends#5], was: [<unreferenced>] (initialized)
21:10:41.952 [main] DEBUG org.hibernate.event.internal.AbstractFlushingEventListener -- Flushed: 0 insertions, 0 updates, 0 deletions to 1 objects
21:10:41.952 [main] DEBUG org.hibernate.event.internal.AbstractFlushingEventListener -- Flushed: 1 (re)creations, 0 updates, 0 removals to 1 collections
21:10:41.952 [main] DEBUG org.hibernate.internal.util.EntityPrinter -- Listing entities:
21:10:41.953 [main] DEBUG org.hibernate.internal.util.EntityPrinter -- org.lab2.Pets.Pet{owner=null, color=ORANGE, name=??????, id=5, birthDate=2020-03-10, breed=????, friends=[]}
21:10:41.953 [main] DEBUG org.hibernate.orm.jdbc.mutation -- Inserting collection rows - org.lab2.Pets.Pet.friends : 5
21:10:41.953 [main] DEBUG org.hibernate.orm.jdbc.mutation -- No collection rows to insert - org.lab2.Pets.Pet.friends : 5
21:10:41.956 [main] DEBUG org.hibernate.resource.jdbc.internal.LogicalConnectionManagedImpl -- Initiating JDBC connection release from afterTransaction
21:10:41.957 [main] DEBUG org.hibernate.resource.jdbc.internal.LogicalConnectionManagedImpl -- Initiating JDBC connection release from afterTransaction
21:10:41.957 [main] DEBUG org.hibernate.engine.transaction.internal.TransactionImpl -- On TransactionImpl creation, JpaCompliance#isJpaTransactionComplianceEnabled == false
21:10:41.957 [main] DEBUG org.hibernate.engine.transaction.internal.TransactionImpl -- begin
21:10:41.958 [main] DEBUG org.hibernate.orm.sql.exec -- Skipping reading Query result cache data: cache-enabled = false, cache-mode = IGNORE
21:10:41.958 [main] DEBUG org.hibernate.orm.results -- Initializer list:
	  org.lab2.Pets.Pet -> EntityResultInitializer(org.lab2.Pets.Pet)@1588609461 (SingleTableEntityPersister(org.lab2.Pets.Pet))
	  org.lab2.Pets.Pet.owner.pets -> DelayedCollectionInitializer(org.lab2.Pets.Pet.owner.pets)@642296347 (PluralAttribute(org.lab2.Owners.Owner.pets))
	  org.lab2.Pets.Pet.friends -> DelayedCollectionInitializer(org.lab2.Pets.Pet.friends)@1244869566 (PluralAttribute(org.lab2.Pets.Pet.friends))
	  org.lab2.Pets.Pet.owner -> EntityJoinedFetchInitializer(org.lab2.Pets.Pet.owner)@330624590 (ToOneAttributeMapping(NavigableRole[org.lab2.Pets.Pet.owner])@1725760738)

21:10:41.958 [main] DEBUG org.hibernate.SQL -- 
    select
        p1_0.id,
        p1_0.birth_date,
        p1_0.breed,
        p1_0.color,
        p1_0.name,
        o1_0.id,
        o1_0.birth_date,
        o1_0.name 
    from
        pets p1_0 
    left join
        owners o1_0 
            on o1_0.id=p1_0.owner_id 
    where
        p1_0.id=?
Hibernate: 
    select
        p1_0.id,
        p1_0.birth_date,
        p1_0.breed,
        p1_0.color,
        p1_0.name,
        o1_0.id,
        o1_0.birth_date,
        o1_0.name 
    from
        pets p1_0 
    left join
        owners o1_0 
            on o1_0.id=p1_0.owner_id 
    where
        p1_0.id=?
21:10:41.964 [main] DEBUG org.hibernate.orm.results -- Extracted JDBC value [5] - [null]
21:10:41.964 [main] DEBUG org.hibernate.orm.results.loading.entity -- (EntityJoinedFetchInitializer) EntityKey (org.lab2.Pets.Pet.owner) is null
21:10:41.964 [main] DEBUG org.hibernate.orm.results.loading.entity -- (EntityResultInitializer) Hydrated EntityKey (org.lab2.Pets.Pet): 5
21:10:41.964 [main] DEBUG org.hibernate.orm.results -- Extracted JDBC value [0] - [5]
21:10:41.965 [main] DEBUG org.hibernate.orm.results.loading.org.hibernate.orm.results.loading.collection -- (DelayedCollectionInitializer) Current row collection key : org.lab2.Pets.Pet.friends#5
21:10:41.965 [main] DEBUG org.hibernate.orm.results -- Extracted JDBC value [5] - [null]
21:10:41.965 [main] DEBUG org.hibernate.orm.results.loading.entity -- (EntityResultInitializer) Created new entity instance [org.lab2.Pets.Pet#5] : 2136187679
21:10:41.965 [main] DEBUG org.hibernate.orm.results -- Extracted JDBC value [1] - [2020-03-10]
21:10:41.966 [main] DEBUG org.hibernate.orm.results -- Extracted JDBC value [2] - [????]
21:10:41.966 [main] DEBUG org.hibernate.orm.results -- Extracted JDBC value [3] - [ORANGE]
21:10:41.966 [main] DEBUG org.hibernate.orm.results -- Extracted JDBC value [4] - [??????]
21:10:41.966 [main] DEBUG org.hibernate.orm.results.loading.entity -- (EntityResultInitializer) Done materializing entityInstance : org.lab2.Pets.Pet#5
21:10:41.966 [main] DEBUG org.hibernate.orm.results.loading -- Calling top-level assembler (0 / 1) : org.hibernate.sql.results.graph.entity.internal.EntityAssembler@29d563bd
21:10:41.966 [main] DEBUG org.hibernate.engine.transaction.internal.TransactionImpl -- committing
21:10:41.966 [main] DEBUG org.hibernate.event.internal.AbstractFlushingEventListener -- Processing flush-time cascades
21:10:41.966 [main] DEBUG org.hibernate.event.internal.AbstractFlushingEventListener -- Dirty checking collections
21:10:41.966 [main] DEBUG org.hibernate.engine.internal.Collections -- Collection dereferenced: [org.lab2.Pets.Pet.friends#5]
21:10:41.966 [main] DEBUG org.hibernate.event.internal.AbstractFlushingEventListener -- Flushed: 0 insertions, 0 updates, 1 deletions to 1 objects
21:10:41.966 [main] DEBUG org.hibernate.event.internal.AbstractFlushingEventListener -- Flushed: 0 (re)creations, 0 updates, 1 removals to 1 collections
21:10:41.966 [main] DEBUG org.hibernate.internal.util.EntityPrinter -- Listing entities:
21:10:41.966 [main] DEBUG org.hibernate.internal.util.EntityPrinter -- org.lab2.Pets.Pet{owner=null, color=ORANGE, name=??????, id=5, birthDate=2020-03-10, breed=????, friends=<uninitialized>}
21:10:41.966 [main] DEBUG org.hibernate.orm.jdbc.mutation -- Deleting collection - org.lab2.Pets.Pet.friends : 5
21:10:41.968 [main] DEBUG org.hibernate.SQL -- 
    delete 
    from
        pet_friends 
    where
        pet_id=?
Hibernate: 
    delete 
    from
        pet_friends 
    where
        pet_id=?
21:10:41.973 [main] DEBUG org.hibernate.SQL -- 
    delete 
    from
        pets 
    where
        id=?
Hibernate: 
    delete 
    from
        pets 
    where
        id=?
21:10:41.980 [main] DEBUG org.hibernate.resource.jdbc.internal.LogicalConnectionManagedImpl -- Initiating JDBC connection release from afterTransaction
21:10:41.981 [main] DEBUG org.hibernate.resource.jdbc.internal.LogicalConnectionManagedImpl -- Initiating JDBC connection release from afterTransaction
21:10:41.981 [main] DEBUG org.hibernate.orm.sql.exec -- Skipping reading Query result cache data: cache-enabled = false, cache-mode = IGNORE
21:10:41.981 [main] DEBUG org.hibernate.orm.results -- Initializer list:
	  org.lab2.Pets.Pet -> EntityResultInitializer(org.lab2.Pets.Pet)@1465511423 (SingleTableEntityPersister(org.lab2.Pets.Pet))
	  org.lab2.Pets.Pet.owner.pets -> DelayedCollectionInitializer(org.lab2.Pets.Pet.owner.pets)@1459864059 (PluralAttribute(org.lab2.Owners.Owner.pets))
	  org.lab2.Pets.Pet.friends -> DelayedCollectionInitializer(org.lab2.Pets.Pet.friends)@2100028185 (PluralAttribute(org.lab2.Pets.Pet.friends))
	  org.lab2.Pets.Pet.owner -> EntityJoinedFetchInitializer(org.lab2.Pets.Pet.owner)@903028779 (ToOneAttributeMapping(NavigableRole[org.lab2.Pets.Pet.owner])@1725760738)

21:10:41.982 [main] DEBUG org.hibernate.SQL -- 
    select
        p1_0.id,
        p1_0.birth_date,
        p1_0.breed,
        p1_0.color,
        p1_0.name,
        o1_0.id,
        o1_0.birth_date,
        o1_0.name 
    from
        pets p1_0 
    left join
        owners o1_0 
            on o1_0.id=p1_0.owner_id 
    where
        p1_0.id=?
Hibernate: 
    select
        p1_0.id,
        p1_0.birth_date,
        p1_0.breed,
        p1_0.color,
        p1_0.name,
        o1_0.id,
        o1_0.birth_date,
        o1_0.name 
    from
        pets p1_0 
    left join
        owners o1_0 
            on o1_0.id=p1_0.owner_id 
    where
        p1_0.id=?
21:10:41.986 [main] DEBUG org.hibernate.resource.jdbc.internal.LogicalConnectionManagedImpl -- Initiating JDBC connection release from afterTransaction
]]></system-out>
  </testcase>
  <testcase name="testDeletePet_InvalidId_ThrowsException" classname="org.lab2.PetDAOTest" time="0.002"/>
  <testcase name="testAddPet_NullPet_ThrowsException" classname="org.lab2.PetDAOTest" time="0.003"/>
  <testcase name="testAddPet" classname="org.lab2.PetDAOTest" time="0.04">
    <system-out><![CDATA[21:10:42.000 [main] DEBUG org.hibernate.engine.transaction.internal.TransactionImpl -- On TransactionImpl creation, JpaCompliance#isJpaTransactionComplianceEnabled == false
21:10:42.000 [main] DEBUG org.hibernate.engine.transaction.internal.TransactionImpl -- begin
21:10:42.000 [main] DEBUG org.hibernate.engine.spi.ActionQueue -- Executing identity-insert immediately
21:10:42.001 [main] DEBUG org.hibernate.SQL -- 
    insert 
    into
        owners
        (birth_date, name) 
    values
        (?, ?)
Hibernate: 
    insert 
    into
        owners
        (birth_date, name) 
    values
        (?, ?)
21:10:42.010 [main] DEBUG org.hibernate.id.IdentifierGeneratorHelper -- Natively generated identity (org.lab2.Owners.Owner) : 7
21:10:42.010 [main] DEBUG org.hibernate.resource.jdbc.internal.ResourceRegistryStandardImpl -- HHH000387: ResultSet's statement was not registered
21:10:42.010 [main] DEBUG org.hibernate.resource.jdbc.internal.ResourceRegistryStandardImpl -- Exception clearing maxRows/queryTimeout [???? statement ??? ??????.]
21:10:42.010 [main] DEBUG org.hibernate.engine.transaction.internal.TransactionImpl -- committing
21:10:42.011 [main] DEBUG org.hibernate.event.internal.AbstractFlushingEventListener -- Processing flush-time cascades
21:10:42.011 [main] DEBUG org.hibernate.event.internal.AbstractFlushingEventListener -- Dirty checking collections
21:10:42.011 [main] DEBUG org.hibernate.engine.internal.Collections -- Collection found: [org.lab2.Owners.Owner.pets#7], was: [<unreferenced>] (initialized)
21:10:42.011 [main] DEBUG org.hibernate.event.internal.AbstractFlushingEventListener -- Flushed: 0 insertions, 0 updates, 0 deletions to 1 objects
21:10:42.011 [main] DEBUG org.hibernate.event.internal.AbstractFlushingEventListener -- Flushed: 1 (re)creations, 0 updates, 0 removals to 1 collections
21:10:42.011 [main] DEBUG org.hibernate.internal.util.EntityPrinter -- Listing entities:
21:10:42.011 [main] DEBUG org.hibernate.internal.util.EntityPrinter -- org.lab2.Owners.Owner{pets=[], name=????, id=7, birthDate=2000-01-01}
21:10:42.013 [main] DEBUG org.hibernate.resource.jdbc.internal.LogicalConnectionManagedImpl -- Initiating JDBC connection release from afterTransaction
21:10:42.013 [main] DEBUG org.hibernate.resource.jdbc.internal.LogicalConnectionManagedImpl -- Initiating JDBC connection release from afterTransaction
21:10:42.013 [main] DEBUG org.hibernate.engine.transaction.internal.TransactionImpl -- On TransactionImpl creation, JpaCompliance#isJpaTransactionComplianceEnabled == false
21:10:42.013 [main] DEBUG org.hibernate.engine.transaction.internal.TransactionImpl -- begin
21:10:42.014 [main] DEBUG org.hibernate.engine.spi.ActionQueue -- Executing identity-insert immediately
21:10:42.014 [main] DEBUG org.hibernate.SQL -- 
    insert 
    into
        pets
        (birth_date, breed, color, name, owner_id) 
    values
        (?, ?, ?, ?, ?)
Hibernate: 
    insert 
    into
        pets
        (birth_date, breed, color, name, owner_id) 
    values
        (?, ?, ?, ?, ?)
21:10:42.023 [main] DEBUG org.hibernate.id.IdentifierGeneratorHelper -- Natively generated identity (org.lab2.Pets.Pet) : 6
21:10:42.023 [main] DEBUG org.hibernate.resource.jdbc.internal.ResourceRegistryStandardImpl -- HHH000387: ResultSet's statement was not registered
21:10:42.023 [main] DEBUG org.hibernate.resource.jdbc.internal.ResourceRegistryStandardImpl -- Exception clearing maxRows/queryTimeout [???? statement ??? ??????.]
21:10:42.023 [main] DEBUG org.hibernate.engine.transaction.internal.TransactionImpl -- committing
21:10:42.023 [main] DEBUG org.hibernate.event.internal.AbstractFlushingEventListener -- Processing flush-time cascades
21:10:42.023 [main] DEBUG org.hibernate.event.internal.AbstractFlushingEventListener -- Dirty checking collections
21:10:42.024 [main] DEBUG org.hibernate.engine.internal.Collections -- Collection found: [org.lab2.Pets.Pet.friends#6], was: [<unreferenced>] (initialized)
21:10:42.024 [main] DEBUG org.hibernate.event.internal.AbstractFlushingEventListener -- Flushed: 0 insertions, 0 updates, 0 deletions to 1 objects
21:10:42.024 [main] DEBUG org.hibernate.event.internal.AbstractFlushingEventListener -- Flushed: 1 (re)creations, 0 updates, 0 removals to 1 collections
21:10:42.024 [main] DEBUG org.hibernate.internal.util.EntityPrinter -- Listing entities:
21:10:42.024 [main] DEBUG org.hibernate.internal.util.EntityPrinter -- org.lab2.Pets.Pet{owner=org.lab2.Owners.Owner#7, color=ORANGE, name=??????, id=6, birthDate=2020-03-10, breed=????, friends=[]}
21:10:42.024 [main] DEBUG org.hibernate.orm.jdbc.mutation -- Inserting collection rows - org.lab2.Pets.Pet.friends : 6
21:10:42.024 [main] DEBUG org.hibernate.orm.jdbc.mutation -- No collection rows to insert - org.lab2.Pets.Pet.friends : 6
21:10:42.027 [main] DEBUG org.hibernate.resource.jdbc.internal.LogicalConnectionManagedImpl -- Initiating JDBC connection release from afterTransaction
21:10:42.027 [main] DEBUG org.hibernate.resource.jdbc.internal.LogicalConnectionManagedImpl -- Initiating JDBC connection release from afterTransaction
21:10:42.028 [main] DEBUG org.hibernate.orm.sql.exec -- Skipping reading Query result cache data: cache-enabled = false, cache-mode = IGNORE
21:10:42.028 [main] DEBUG org.hibernate.orm.results -- Initializer list:
	  org.lab2.Pets.Pet -> EntityResultInitializer(org.lab2.Pets.Pet)@2144211049 (SingleTableEntityPersister(org.lab2.Pets.Pet))
	  org.lab2.Pets.Pet.owner.pets -> DelayedCollectionInitializer(org.lab2.Pets.Pet.owner.pets)@1370756928 (PluralAttribute(org.lab2.Owners.Owner.pets))
	  org.lab2.Pets.Pet.friends -> DelayedCollectionInitializer(org.lab2.Pets.Pet.friends)@1892336170 (PluralAttribute(org.lab2.Pets.Pet.friends))
	  org.lab2.Pets.Pet.owner -> EntityJoinedFetchInitializer(org.lab2.Pets.Pet.owner)@1470153313 (ToOneAttributeMapping(NavigableRole[org.lab2.Pets.Pet.owner])@1725760738)

21:10:42.028 [main] DEBUG org.hibernate.SQL -- 
    select
        p1_0.id,
        p1_0.birth_date,
        p1_0.breed,
        p1_0.color,
        p1_0.name,
        o1_0.id,
        o1_0.birth_date,
        o1_0.name 
    from
        pets p1_0 
    left join
        owners o1_0 
            on o1_0.id=p1_0.owner_id 
    where
        p1_0.id=?
Hibernate: 
    select
        p1_0.id,
        p1_0.birth_date,
        p1_0.breed,
        p1_0.color,
        p1_0.name,
        o1_0.id,
        o1_0.birth_date,
        o1_0.name 
    from
        pets p1_0 
    left join
        owners o1_0 
            on o1_0.id=p1_0.owner_id 
    where
        p1_0.id=?
21:10:42.034 [main] DEBUG org.hibernate.orm.results -- Extracted JDBC value [5] - [7]
21:10:42.034 [main] DEBUG org.hibernate.orm.results.loading.entity -- (EntityJoinedFetchInitializer) Hydrated EntityKey (org.lab2.Pets.Pet.owner): 7
21:10:42.034 [main] DEBUG org.hibernate.orm.results.loading.entity -- (EntityResultInitializer) Hydrated EntityKey (org.lab2.Pets.Pet): 6
21:10:42.034 [main] DEBUG org.hibernate.orm.results -- Extracted JDBC value [0] - [6]
21:10:42.034 [main] DEBUG org.hibernate.orm.results.loading.org.hibernate.orm.results.loading.collection -- (DelayedCollectionInitializer) Current row collection key : org.lab2.Pets.Pet.friends#6
21:10:42.034 [main] DEBUG org.hibernate.orm.results -- Extracted JDBC value [5] - [7]
21:10:42.034 [main] DEBUG org.hibernate.orm.results.loading.org.hibernate.orm.results.loading.collection -- (DelayedCollectionInitializer) Current row collection key : org.lab2.Pets.Pet.owner.pets#7
21:10:42.034 [main] DEBUG org.hibernate.orm.results.loading.entity -- (EntityJoinedFetchInitializer) Created new entity instance [org.lab2.Pets.Pet.owner#7] : 266376052
21:10:42.034 [main] DEBUG org.hibernate.orm.results.loading.entity -- (EntityResultInitializer) Created new entity instance [org.lab2.Pets.Pet#6] : 1577253667
21:10:42.035 [main] DEBUG org.hibernate.orm.results -- Extracted JDBC value [6] - [2000-01-01]
21:10:42.035 [main] DEBUG org.hibernate.orm.results -- Extracted JDBC value [7] - [????]
21:10:42.035 [main] DEBUG org.hibernate.orm.results.loading.entity -- (EntityJoinedFetchInitializer) Done materializing entityInstance : org.lab2.Pets.Pet.owner#7
21:10:42.035 [main] DEBUG org.hibernate.orm.results -- Extracted JDBC value [1] - [2020-03-10]
21:10:42.036 [main] DEBUG org.hibernate.orm.results -- Extracted JDBC value [2] - [????]
21:10:42.036 [main] DEBUG org.hibernate.orm.results -- Extracted JDBC value [3] - [ORANGE]
21:10:42.036 [main] DEBUG org.hibernate.orm.results -- Extracted JDBC value [4] - [??????]
21:10:42.036 [main] DEBUG org.hibernate.orm.results.loading.entity -- (EntityResultInitializer) Done materializing entityInstance : org.lab2.Pets.Pet#6
21:10:42.036 [main] DEBUG org.hibernate.orm.results.loading -- Calling top-level assembler (0 / 1) : org.hibernate.sql.results.graph.entity.internal.EntityAssembler@5c1687d1
21:10:42.036 [main] DEBUG org.hibernate.resource.jdbc.internal.LogicalConnectionManagedImpl -- Initiating JDBC connection release from afterTransaction
]]></system-out>
  </testcase>
  <testcase name="testUpdatePet_NoId_ThrowsException" classname="org.lab2.PetDAOTest" time="0.001"/>
</testsuite>