<?xml version="1.0" encoding="UTF-8"?>
<testsuite xmlns:xsi="http://www.w3.org/2001/XMLSchema-instance" xsi:noNamespaceSchemaLocation="https://maven.apache.org/surefire/maven-surefire-plugin/xsd/surefire-test-report-3.0.xsd" version="3.0" name="org.lab2.OwnerDAOTest" time="19.142" tests="11" errors="0" skipped="0" failures="0">
  <properties>
[...]
</properties>
  <testcase name="testDeleteOwner" classname="org.lab2.OwnerDAOTest" time="3.925">
    <system-out><![CDATA[21:10:19.042 [main] DEBUG org.testcontainers.utility.TestcontainersConfiguration -- Testcontainers configuration overrides will be loaded from file:/C:/Users/76162/.testcontainers.properties
21:10:19.053 [main] INFO org.testcontainers.images.PullPolicy -- Image pull policy will be performed by: DefaultPullPolicy()
21:10:19.055 [main] INFO org.testcontainers.utility.ImageNameSubstitutor -- Image name substitution will be performed by: DefaultImageNameSubstitutor (composite of 'ConfigurationFileImageNameSubstitutor' and 'PrefixingImageNameSubstitutor')
21:10:19.342 [main] INFO org.testcontainers.dockerclient.DockerClientProviderStrategy -- Loaded org.testcontainers.dockerclient.NpipeSocketClientProviderStrategy from ~/.testcontainers.properties, will try it first
21:10:19.347 [main] DEBUG org.testcontainers.dockerclient.DockerClientProviderStrategy -- Trying out strategy: NpipeSocketClientProviderStrategy
21:10:19.525 [main] DEBUG org.testcontainers.shaded.com.github.dockerjava.core.command.AbstrDockerCmd -- Cmd: 
21:10:19.553 [main] DEBUG com.github.dockerjava.zerodep.shaded.org.apache.hc.client5.http.impl.classic.InternalHttpClient -- ex-00000001: preparing request execution
21:10:19.557 [main] DEBUG com.github.dockerjava.zerodep.shaded.org.apache.hc.client5.http.protocol.RequestAddCookies -- Cookie spec selected: strict
21:10:19.562 [main] DEBUG com.github.dockerjava.zerodep.shaded.org.apache.hc.client5.http.protocol.RequestAuthCache -- Auth cache not set in the context
21:10:19.563 [main] DEBUG com.github.dockerjava.zerodep.shaded.org.apache.hc.client5.http.impl.classic.ProtocolExec -- ex-00000001: target auth state: UNCHALLENGED
21:10:19.563 [main] DEBUG com.github.dockerjava.zerodep.shaded.org.apache.hc.client5.http.impl.classic.ProtocolExec -- ex-00000001: proxy auth state: UNCHALLENGED
21:10:19.563 [main] DEBUG com.github.dockerjava.zerodep.shaded.org.apache.hc.client5.http.impl.classic.ConnectExec -- ex-00000001: acquiring connection with route {}->npipe://localhost:2375
21:10:19.564 [main] DEBUG com.github.dockerjava.zerodep.shaded.org.apache.hc.client5.http.impl.classic.InternalHttpClient -- ex-00000001: acquiring endpoint (3 MINUTES)
21:10:19.565 [main] DEBUG com.github.dockerjava.zerodep.shaded.org.apache.hc.client5.http.impl.io.PoolingHttpClientConnectionManager -- ex-00000001: endpoint lease request (3 MINUTES) [route: {}->npipe://localhost:2375][total available: 0; route allocated: 0 of 2147483647; total allocated: 0 of 2147483647]
21:10:19.568 [main] DEBUG com.github.dockerjava.zerodep.shaded.org.apache.hc.client5.http.impl.io.PoolingHttpClientConnectionManager -- ex-00000001: endpoint leased [route: {}->npipe://localhost:2375][total available: 0; route allocated: 1 of 2147483647; total allocated: 1 of 2147483647]
21:10:19.580 [main] DEBUG com.github.dockerjava.zerodep.shaded.org.apache.hc.client5.http.impl.io.PoolingHttpClientConnectionManager -- ex-00000001: acquired ep-00000000
21:10:19.580 [main] DEBUG com.github.dockerjava.zerodep.shaded.org.apache.hc.client5.http.impl.classic.InternalHttpClient -- ex-00000001: acquired endpoint ep-00000000
21:10:19.580 [main] DEBUG com.github.dockerjava.zerodep.shaded.org.apache.hc.client5.http.impl.classic.ConnectExec -- ex-00000001: opening connection {}->npipe://localhost:2375
21:10:19.581 [main] DEBUG com.github.dockerjava.zerodep.shaded.org.apache.hc.client5.http.impl.classic.InternalHttpClient -- ep-00000000: connecting endpoint (3 MINUTES)
21:10:19.581 [main] DEBUG com.github.dockerjava.zerodep.shaded.org.apache.hc.client5.http.impl.io.PoolingHttpClientConnectionManager -- ep-00000000: connecting endpoint to npipe://localhost:2375 (3 MINUTES)
21:10:19.584 [main] DEBUG com.github.dockerjava.zerodep.shaded.org.apache.hc.client5.http.impl.io.DefaultHttpClientConnectionOperator -- http-outgoing-0: connecting to localhost/127.0.0.1:2375
21:10:19.585 [main] DEBUG com.github.dockerjava.zerodep.shaded.org.apache.hc.client5.http.impl.io.DefaultHttpClientConnectionOperator -- http-outgoing-0: connection established 
21:10:19.586 [main] DEBUG com.github.dockerjava.zerodep.shaded.org.apache.hc.client5.http.impl.io.PoolingHttpClientConnectionManager -- ep-00000000: connected http-outgoing-0
21:10:19.586 [main] DEBUG com.github.dockerjava.zerodep.shaded.org.apache.hc.client5.http.impl.classic.InternalHttpClient -- ep-00000000: endpoint connected
21:10:19.587 [main] DEBUG com.github.dockerjava.zerodep.shaded.org.apache.hc.client5.http.impl.classic.MainClientExec -- ex-00000001: executing GET /v1.32/info HTTP/1.1
21:10:19.587 [main] DEBUG com.github.dockerjava.zerodep.shaded.org.apache.hc.client5.http.impl.classic.InternalHttpClient -- ep-00000000: start execution ex-00000001
21:10:19.587 [main] DEBUG com.github.dockerjava.zerodep.shaded.org.apache.hc.client5.http.impl.io.PoolingHttpClientConnectionManager -- ep-00000000: executing exchange ex-00000001 over http-outgoing-0
21:10:19.588 [main] DEBUG com.github.dockerjava.zerodep.shaded.org.apache.hc.client5.http.headers -- http-outgoing-0 >> GET /v1.32/info HTTP/1.1
21:10:19.588 [main] DEBUG com.github.dockerjava.zerodep.shaded.org.apache.hc.client5.http.headers -- http-outgoing-0 >> x-tc-sid: 2a607c29-9f73-4ad7-8e0e-ab764e999503
21:10:19.588 [main] DEBUG com.github.dockerjava.zerodep.shaded.org.apache.hc.client5.http.headers -- http-outgoing-0 >> User-Agent: tc-java/1.19.7
21:10:19.588 [main] DEBUG com.github.dockerjava.zerodep.shaded.org.apache.hc.client5.http.headers -- http-outgoing-0 >> Accept-Encoding: gzip, x-gzip, deflate
21:10:19.588 [main] DEBUG com.github.dockerjava.zerodep.shaded.org.apache.hc.client5.http.headers -- http-outgoing-0 >> Host: localhost:2375
21:10:19.588 [main] DEBUG com.github.dockerjava.zerodep.shaded.org.apache.hc.client5.http.headers -- http-outgoing-0 >> Connection: keep-alive
21:10:19.588 [main] DEBUG com.github.dockerjava.zerodep.shaded.org.apache.hc.client5.http.wire -- http-outgoing-0 >> "GET /v1.32/info HTTP/1.1[\r][\n]"
21:10:19.589 [main] DEBUG com.github.dockerjava.zerodep.shaded.org.apache.hc.client5.http.wire -- http-outgoing-0 >> "x-tc-sid: 2a607c29-9f73-4ad7-8e0e-ab764e999503[\r][\n]"
21:10:19.589 [main] DEBUG com.github.dockerjava.zerodep.shaded.org.apache.hc.client5.http.wire -- http-outgoing-0 >> "User-Agent: tc-java/1.19.7[\r][\n]"
21:10:19.589 [main] DEBUG com.github.dockerjava.zerodep.shaded.org.apache.hc.client5.http.wire -- http-outgoing-0 >> "Accept-Encoding: gzip, x-gzip, deflate[\r][\n]"
21:10:19.589 [main] DEBUG com.github.dockerjava.zerodep.shaded.org.apache.hc.client5.http.wire -- http-outgoing-0 >> "Host: localhost:2375[\r][\n]"
21:10:19.589 [main] DEBUG com.github.dockerjava.zerodep.shaded.org.apache.hc.client5.http.wire -- http-outgoing-0 >> "Connection: keep-alive[\r][\n]"
21:10:19.589 [main] DEBUG com.github.dockerjava.zerodep.shaded.org.apache.hc.client5.http.wire -- http-outgoing-0 >> "[\r][\n]"
21:10:19.593 [main] DEBUG com.github.dockerjava.zerodep.shaded.org.apache.hc.client5.http.wire -- http-outgoing-0 << "HTTP/1.1 200 OK[\r][\n]"
21:10:19.593 [main] DEBUG com.github.dockerjava.zerodep.shaded.org.apache.hc.client5.http.wire -- http-outgoing-0 << "Api-Version: 1.47[\r][\n]"
21:10:19.593 [main] DEBUG com.github.dockerjava.zerodep.shaded.org.apache.hc.client5.http.wire -- http-outgoing-0 << "Content-Type: application/json[\r][\n]"
21:10:19.593 [main] DEBUG com.github.dockerjava.zerodep.shaded.org.apache.hc.client5.http.wire -- http-outgoing-0 << "Date: Fri, 09 May 2025 21:10:19 GMT[\r][\n]"
21:10:19.593 [main] DEBUG com.github.dockerjava.zerodep.shaded.org.apache.hc.client5.http.wire -- http-outgoing-0 << "Docker-Experimental: false[\r][\n]"
21:10:19.593 [main] DEBUG com.github.dockerjava.zerodep.shaded.org.apache.hc.client5.http.wire -- http-outgoing-0 << "Ostype: linux[\r][\n]"
21:10:19.593 [main] DEBUG com.github.dockerjava.zerodep.shaded.org.apache.hc.client5.http.wire -- http-outgoing-0 << "Server: Docker/27.3.1 (linux)[\r][\n]"
21:10:19.593 [main] DEBUG com.github.dockerjava.zerodep.shaded.org.apache.hc.client5.http.wire -- http-outgoing-0 << "Transfer-Encoding: chunked[\r][\n]"
21:10:19.593 [main] DEBUG com.github.dockerjava.zerodep.shaded.org.apache.hc.client5.http.wire -- http-outgoing-0 << "[\r][\n]"
21:10:19.593 [main] DEBUG com.github.dockerjava.zerodep.shaded.org.apache.hc.client5.http.wire -- http-outgoing-0 << "a9b[\r][\n]"
21:10:19.593 [main] DEBUG com.github.dockerjava.zerodep.shaded.org.apache.hc.client5.http.wire -- http-outgoing-0 << "{"ID":"ad6c67b7-9f8e-44a3-b1ec-f87e2e154155","Containers":4,"ContainersRunning":0,"ContainersPaused":0,"ContainersStopped":4,"Images":8,"Driver":"overlayfs","DriverStatus":[["driver-type","io.containerd.snapshotter.v1"]],"Plugins":{"Volume":["local"],"Network":["bridge","host","ipvlan","macvlan","null","overlay"],"Authorization":null,"Log":["awslogs","fluentd","gcplogs","gelf","journald","json-file","local","splunk","syslog"]},"MemoryLimit":true,"SwapLimit":true,"KernelMemoryTCP":true,"CpuCfsPeriod":true,"CpuCfsQuota":true,"CPUShares":true,"CPUSet":true,"PidsLimit":true,"IPv4Forwarding":true,"BridgeNfIptables":true,"BridgeNfIp6tables":true,"Debug":false,"NFd":56,"OomKillDisable":true,"NGoroutines":85,"SystemTime":"2025-05-09T17:48:53.9081128Z","LoggingDriver":"json-file","CgroupDriver":"cgroupfs","CgroupVersion":"1","NEventsListener":15,"KernelVersion":"5.15.167.4-microsoft-standard-WSL2","OperatingSystem":"Docker Desktop","OSVersion":"","OSType":"linux","Architecture":"x86_64","IndexServerAddress":"https://index.docker.io/v1/","RegistryConfig":{"AllowNondistributableArtifactsCIDRs":null,"AllowNondistributableArtifactsHostnames":null,"InsecureRegistryCIDRs":["127.0.0.0/8"],"IndexConfigs":{"docker.io":{"Name":"docker.io","Mirrors":[],"Secure":true,"Official":true},"hubproxy.docker.internal:5555":{"Name":"hubproxy.docker.internal:5555","Mirrors":[],"Secure":false,"Official":false}},"Mirrors":null},"NCPU":8,"MemTotal":4008468480,"GenericResources":null,"DockerRootDir":"/var/lib/docker","HttpProxy":"http.docker.internal:3128","HttpsProxy":"http.docker.internal:3128","NoProxy":"hubproxy.docker.internal","Name":"docker-desktop","Labels":["com.docker.desktop.address=npipe://\\\\.\\pipe\\docker_cli"],"ExperimentalBuild":false,"ServerVersion":"27.3.1","Runtimes":{"io.containerd.runc.v2":{"path":"runc"},"nvidia":{"path":"nvidia-container-runtime"},"runc":{"path":"runc"}},"DefaultRuntime":"runc","Swarm":{"NodeID":"","NodeAddr":"","LocalNodeState":"inactive","ControlAvailable":false,"Error":"","RemoteManagers":null},"LiveRestoreEnabled":false,"Isolation":"","InitBinary":"docker-init","ContainerdCommit":{"ID":"472731909fa34bd7bc9c087e4c27943f9835f111","Expected":"472731909fa34bd7bc9c087e4c27943f9835f111"},"RuncCommit":{"ID":"v1.1.13-0-g58aa920","Expected":"v1.1.13-0-g58aa920"},"InitCommit":{"ID":"de40ad0","Expected":"de40ad0"},"SecurityOptions":["name=seccomp,profile=unconfined"],"CDISpecDirs":[],"Warnings":["WARNING: No blkio throttle.read_bps_device support","WARNING: No blkio throttle.write_bps_device support","WARNING: No blkio throttle.read_iops_device support","WARNING: No blkio throttle.write_iops_device support","WARNING: daemon is not using the default seccomp profile"]}[\r][\n]"
21:10:19.594 [main] DEBUG com.github.dockerjava.zerodep.shaded.org.apache.hc.client5.http.wire -- http-outgoing-0 << "0[\r][\n]"
21:10:19.594 [main] DEBUG com.github.dockerjava.zerodep.shaded.org.apache.hc.client5.http.wire -- http-outgoing-0 << "[\r][\n]"
21:10:19.595 [main] DEBUG com.github.dockerjava.zerodep.shaded.org.apache.hc.client5.http.headers -- http-outgoing-0 << HTTP/1.1 200 OK
21:10:19.596 [main] DEBUG com.github.dockerjava.zerodep.shaded.org.apache.hc.client5.http.headers -- http-outgoing-0 << Api-Version: 1.47
21:10:19.596 [main] DEBUG com.github.dockerjava.zerodep.shaded.org.apache.hc.client5.http.headers -- http-outgoing-0 << Content-Type: application/json
21:10:19.596 [main] DEBUG com.github.dockerjava.zerodep.shaded.org.apache.hc.client5.http.headers -- http-outgoing-0 << Date: Fri, 09 May 2025 21:10:19 GMT
21:10:19.596 [main] DEBUG com.github.dockerjava.zerodep.shaded.org.apache.hc.client5.http.headers -- http-outgoing-0 << Docker-Experimental: false
21:10:19.596 [main] DEBUG com.github.dockerjava.zerodep.shaded.org.apache.hc.client5.http.headers -- http-outgoing-0 << Ostype: linux
21:10:19.596 [main] DEBUG com.github.dockerjava.zerodep.shaded.org.apache.hc.client5.http.headers -- http-outgoing-0 << Server: Docker/27.3.1 (linux)
21:10:19.596 [main] DEBUG com.github.dockerjava.zerodep.shaded.org.apache.hc.client5.http.headers -- http-outgoing-0 << Transfer-Encoding: chunked
21:10:19.599 [main] DEBUG com.github.dockerjava.zerodep.shaded.org.apache.hc.client5.http.impl.classic.MainClientExec -- ex-00000001: connection can be kept alive for 3 MINUTES
21:10:19.692 [main] DEBUG com.github.dockerjava.zerodep.shaded.org.apache.hc.client5.http.impl.classic.InternalHttpClient -- ep-00000000: releasing valid endpoint
21:10:19.692 [main] DEBUG com.github.dockerjava.zerodep.shaded.org.apache.hc.client5.http.impl.io.PoolingHttpClientConnectionManager -- ep-00000000: releasing endpoint
21:10:19.692 [main] DEBUG com.github.dockerjava.zerodep.shaded.org.apache.hc.client5.http.impl.io.PoolingHttpClientConnectionManager -- ep-00000000: connection http-outgoing-0 can be kept alive for 3 MINUTES
21:10:19.693 [main] DEBUG com.github.dockerjava.zerodep.shaded.org.apache.hc.client5.http.impl.io.PoolingHttpClientConnectionManager -- ep-00000000: connection released [route: {}->npipe://localhost:2375][total available: 1; route allocated: 1 of 2147483647; total allocated: 1 of 2147483647]
21:10:19.693 [main] INFO org.testcontainers.dockerclient.DockerClientProviderStrategy -- Found Docker environment with local Npipe socket (npipe:////./pipe/docker_engine)
21:10:19.694 [main] DEBUG org.testcontainers.dockerclient.DockerClientProviderStrategy -- Transport type: 'httpclient5', Docker host: 'npipe:////./pipe/docker_engine'
21:10:19.694 [main] DEBUG org.testcontainers.dockerclient.DockerClientProviderStrategy -- Checking Docker OS type for local Npipe socket (npipe:////./pipe/docker_engine)
21:10:19.695 [main] INFO org.testcontainers.DockerClientFactory -- Docker host IP address is localhost
21:10:19.696 [main] DEBUG org.testcontainers.DockerClientFactory -- Docker info: {CDISpecDirs=[], NGoroutines=85, Name=docker-desktop, Swarm={NodeID=, NodeAddr=, LocalNodeState=inactive, ControlAvailable=false, Error=, RemoteManagers=null}, RuncCommit={ID=v1.1.13-0-g58aa920, Expected=v1.1.13-0-g58aa920}, OSVersion=, Runtimes={io.containerd.runc.v2={path=runc}, nvidia={path=nvidia-container-runtime}, runc={path=runc}}, ID=ad6c67b7-9f8e-44a3-b1ec-f87e2e154155, DriverStatus=[[driver-type, io.containerd.snapshotter.v1]], BridgeNfIptables=true, LiveRestoreEnabled=false, SystemTime=2025-05-09T17:48:53.9081128Z, NoProxy=hubproxy.docker.internal, Architecture=x86_64, NEventsListener=15, HttpsProxy=http.docker.internal:3128, Images=8, ContainersRunning=0, Labels=[com.docker.desktop.address=npipe://\\.\pipe\docker_cli], InitCommit={ID=de40ad0, Expected=de40ad0}, NFd=56, KernelVersion=5.15.167.4-microsoft-standard-WSL2, LoggingDriver=json-file, OSType=linux, SecurityOptions=[name=seccomp,profile=unconfined], ContainerdCommit={ID=472731909fa34bd7bc9c087e4c27943f9835f111, Expected=472731909fa34bd7bc9c087e4c27943f9835f111}, GenericResources=null, OperatingSystem=Docker Desktop, RegistryConfig={AllowNondistributableArtifactsCIDRs=null, AllowNondistributableArtifactsHostnames=null, InsecureRegistryCIDRs=[127.0.0.0/8], IndexConfigs={docker.io={Name=docker.io, Mirrors=[], Secure=true, Official=true}, hubproxy.docker.internal:5555={Name=hubproxy.docker.internal:5555, Mirrors=[], Secure=false, Official=false}}, Mirrors=null}, ServerVersion=27.3.1, OomKillDisable=true, CpuCfsQuota=true, Containers=4, Driver=overlayfs, KernelMemoryTCP=true, IPv4Forwarding=true, ExperimentalBuild=false, DockerRootDir=/var/lib/docker, CPUSet=true, CpuCfsPeriod=true, DefaultRuntime=runc, CPUShares=true, Debug=false, NCPU=8, Plugins={Volume=[local], Network=[bridge, host, ipvlan, macvlan, null, overlay], Authorization=null, Log=[awslogs, fluentd, gcplogs, gelf, journald, json-file, local, splunk, syslog]}, SwapLimit=true, CgroupDriver=cgroupfs, ContainersPaused=0, MemTotal=4008468480, IndexServerAddress=https://index.docker.io/v1/, MemoryLimit=true, HttpProxy=http.docker.internal:3128, InitBinary=docker-init, CgroupVersion=1, PidsLimit=true, Isolation=, BridgeNfIp6tables=true, Warnings=[WARNING: No blkio throttle.read_bps_device support, WARNING: No blkio throttle.write_bps_device support, WARNING: No blkio throttle.read_iops_device support, WARNING: No blkio throttle.write_iops_device support, WARNING: daemon is not using the default seccomp profile], ContainersStopped=4}
21:10:19.698 [main] DEBUG org.testcontainers.shaded.com.github.dockerjava.core.command.AbstrDockerCmd -- Cmd: 
21:10:19.700 [main] DEBUG com.github.dockerjava.zerodep.shaded.org.apache.hc.client5.http.impl.classic.InternalHttpClient -- ex-00000002: preparing request execution
21:10:19.700 [main] DEBUG com.github.dockerjava.zerodep.shaded.org.apache.hc.client5.http.protocol.RequestAddCookies -- Cookie spec selected: strict
21:10:19.700 [main] DEBUG com.github.dockerjava.zerodep.shaded.org.apache.hc.client5.http.protocol.RequestAuthCache -- Auth cache not set in the context
21:10:19.700 [main] DEBUG com.github.dockerjava.zerodep.shaded.org.apache.hc.client5.http.impl.classic.ProtocolExec -- ex-00000002: target auth state: UNCHALLENGED
21:10:19.700 [main] DEBUG com.github.dockerjava.zerodep.shaded.org.apache.hc.client5.http.impl.classic.ProtocolExec -- ex-00000002: proxy auth state: UNCHALLENGED
21:10:19.700 [main] DEBUG com.github.dockerjava.zerodep.shaded.org.apache.hc.client5.http.impl.classic.ConnectExec -- ex-00000002: acquiring connection with route {}->npipe://localhost:2375
21:10:19.700 [main] DEBUG com.github.dockerjava.zerodep.shaded.org.apache.hc.client5.http.impl.classic.InternalHttpClient -- ex-00000002: acquiring endpoint (3 MINUTES)
21:10:19.700 [main] DEBUG com.github.dockerjava.zerodep.shaded.org.apache.hc.client5.http.impl.io.PoolingHttpClientConnectionManager -- ex-00000002: endpoint lease request (3 MINUTES) [route: {}->npipe://localhost:2375][total available: 1; route allocated: 1 of 2147483647; total allocated: 1 of 2147483647]
21:10:19.701 [main] DEBUG com.github.dockerjava.zerodep.shaded.org.apache.hc.client5.http.impl.io.PoolingHttpClientConnectionManager -- ex-00000002: endpoint leased [route: {}->npipe://localhost:2375][total available: 0; route allocated: 1 of 2147483647; total allocated: 1 of 2147483647]
21:10:19.701 [main] DEBUG com.github.dockerjava.zerodep.shaded.org.apache.hc.client5.http.impl.io.PoolingHttpClientConnectionManager -- ex-00000002: acquired ep-00000001
21:10:19.701 [main] DEBUG com.github.dockerjava.zerodep.shaded.org.apache.hc.client5.http.impl.classic.InternalHttpClient -- ex-00000002: acquired endpoint ep-00000001
21:10:19.701 [main] DEBUG com.github.dockerjava.zerodep.shaded.org.apache.hc.client5.http.impl.classic.MainClientExec -- ex-00000002: executing GET /v1.32/version HTTP/1.1
21:10:19.701 [main] DEBUG com.github.dockerjava.zerodep.shaded.org.apache.hc.client5.http.impl.classic.InternalHttpClient -- ep-00000001: start execution ex-00000002
21:10:19.701 [main] DEBUG com.github.dockerjava.zerodep.shaded.org.apache.hc.client5.http.impl.io.PoolingHttpClientConnectionManager -- ep-00000001: executing exchange ex-00000002 over http-outgoing-0
21:10:19.701 [main] DEBUG com.github.dockerjava.zerodep.shaded.org.apache.hc.client5.http.headers -- http-outgoing-0 >> GET /v1.32/version HTTP/1.1
21:10:19.701 [main] DEBUG com.github.dockerjava.zerodep.shaded.org.apache.hc.client5.http.headers -- http-outgoing-0 >> accept: application/json
21:10:19.701 [main] DEBUG com.github.dockerjava.zerodep.shaded.org.apache.hc.client5.http.headers -- http-outgoing-0 >> x-tc-sid: 2a607c29-9f73-4ad7-8e0e-ab764e999503
21:10:19.701 [main] DEBUG com.github.dockerjava.zerodep.shaded.org.apache.hc.client5.http.headers -- http-outgoing-0 >> User-Agent: tc-java/1.19.7
21:10:19.702 [main] DEBUG com.github.dockerjava.zerodep.shaded.org.apache.hc.client5.http.headers -- http-outgoing-0 >> Accept-Encoding: gzip, x-gzip, deflate
21:10:19.702 [main] DEBUG com.github.dockerjava.zerodep.shaded.org.apache.hc.client5.http.headers -- http-outgoing-0 >> Host: localhost:2375
21:10:19.702 [main] DEBUG com.github.dockerjava.zerodep.shaded.org.apache.hc.client5.http.headers -- http-outgoing-0 >> Connection: keep-alive
21:10:19.702 [main] DEBUG com.github.dockerjava.zerodep.shaded.org.apache.hc.client5.http.wire -- http-outgoing-0 >> "GET /v1.32/version HTTP/1.1[\r][\n]"
21:10:19.702 [main] DEBUG com.github.dockerjava.zerodep.shaded.org.apache.hc.client5.http.wire -- http-outgoing-0 >> "accept: application/json[\r][\n]"
21:10:19.702 [main] DEBUG com.github.dockerjava.zerodep.shaded.org.apache.hc.client5.http.wire -- http-outgoing-0 >> "x-tc-sid: 2a607c29-9f73-4ad7-8e0e-ab764e999503[\r][\n]"
21:10:19.702 [main] DEBUG com.github.dockerjava.zerodep.shaded.org.apache.hc.client5.http.wire -- http-outgoing-0 >> "User-Agent: tc-java/1.19.7[\r][\n]"
21:10:19.702 [main] DEBUG com.github.dockerjava.zerodep.shaded.org.apache.hc.client5.http.wire -- http-outgoing-0 >> "Accept-Encoding: gzip, x-gzip, deflate[\r][\n]"
21:10:19.702 [main] DEBUG com.github.dockerjava.zerodep.shaded.org.apache.hc.client5.http.wire -- http-outgoing-0 >> "Host: localhost:2375[\r][\n]"
21:10:19.702 [main] DEBUG com.github.dockerjava.zerodep.shaded.org.apache.hc.client5.http.wire -- http-outgoing-0 >> "Connection: keep-alive[\r][\n]"
21:10:19.702 [main] DEBUG com.github.dockerjava.zerodep.shaded.org.apache.hc.client5.http.wire -- http-outgoing-0 >> "[\r][\n]"
21:10:19.704 [main] DEBUG com.github.dockerjava.zerodep.shaded.org.apache.hc.client5.http.wire -- http-outgoing-0 << "HTTP/1.1 200 OK[\r][\n]"
21:10:19.704 [main] DEBUG com.github.dockerjava.zerodep.shaded.org.apache.hc.client5.http.wire -- http-outgoing-0 << "Api-Version: 1.47[\r][\n]"
21:10:19.704 [main] DEBUG com.github.dockerjava.zerodep.shaded.org.apache.hc.client5.http.wire -- http-outgoing-0 << "Content-Type: application/json[\r][\n]"
21:10:19.704 [main] DEBUG com.github.dockerjava.zerodep.shaded.org.apache.hc.client5.http.wire -- http-outgoing-0 << "Date: Fri, 09 May 2025 21:10:19 GMT[\r][\n]"
21:10:19.704 [main] DEBUG com.github.dockerjava.zerodep.shaded.org.apache.hc.client5.http.wire -- http-outgoing-0 << "Docker-Experimental: false[\r][\n]"
21:10:19.704 [main] DEBUG com.github.dockerjava.zerodep.shaded.org.apache.hc.client5.http.wire -- http-outgoing-0 << "Ostype: linux[\r][\n]"
21:10:19.704 [main] DEBUG com.github.dockerjava.zerodep.shaded.org.apache.hc.client5.http.wire -- http-outgoing-0 << "Server: Docker/27.3.1 (linux)[\r][\n]"
21:10:19.704 [main] DEBUG com.github.dockerjava.zerodep.shaded.org.apache.hc.client5.http.wire -- http-outgoing-0 << "Content-Length: 863[\r][\n]"
21:10:19.704 [main] DEBUG com.github.dockerjava.zerodep.shaded.org.apache.hc.client5.http.wire -- http-outgoing-0 << "[\r][\n]"
21:10:19.704 [main] DEBUG com.github.dockerjava.zerodep.shaded.org.apache.hc.client5.http.wire -- http-outgoing-0 << "{"Platform":{"Name":"Docker Desktop 4.36.0 (175267)"},"Components":[{"Name":"Engine","Version":"27.3.1","Details":{"ApiVersion":"1.47","Arch":"amd64","BuildTime":"2024-09-20T11:41:11.000000000+00:00","Experimental":"false","GitCommit":"41ca978","GoVersion":"go1.22.7","KernelVersion":"5.15.167.4-microsoft-standard-WSL2","MinAPIVersion":"1.24","Os":"linux"}},{"Name":"containerd","Version":"1.7.21","Details":{"GitCommit":"472731909fa34bd7bc9c087e4c27943f9835f111"}},{"Name":"runc","Version":"1.1.13","Details":{"GitCommit":"v1.1.13-0-g58aa920"}},{"Name":"docker-init","Version":"0.19.0","Details":{"GitCommit":"de40ad0"}}],"Version":"27.3.1","ApiVersion":"1.47","MinAPIVersion":"1.24","GitCommit":"41ca978","GoVersion":"go1.22.7","Os":"linux","Arch":"amd64","KernelVersion":"5.15.167.4-microsoft-standard-WSL2","BuildTime":"2024-09-20T11:41:11.000000000+00:00"}[\n]"
21:10:19.704 [main] DEBUG com.github.dockerjava.zerodep.shaded.org.apache.hc.client5.http.headers -- http-outgoing-0 << HTTP/1.1 200 OK
21:10:19.704 [main] DEBUG com.github.dockerjava.zerodep.shaded.org.apache.hc.client5.http.headers -- http-outgoing-0 << Api-Version: 1.47
21:10:19.704 [main] DEBUG com.github.dockerjava.zerodep.shaded.org.apache.hc.client5.http.headers -- http-outgoing-0 << Content-Type: application/json
21:10:19.704 [main] DEBUG com.github.dockerjava.zerodep.shaded.org.apache.hc.client5.http.headers -- http-outgoing-0 << Date: Fri, 09 May 2025 21:10:19 GMT
21:10:19.705 [main] DEBUG com.github.dockerjava.zerodep.shaded.org.apache.hc.client5.http.headers -- http-outgoing-0 << Docker-Experimental: false
21:10:19.705 [main] DEBUG com.github.dockerjava.zerodep.shaded.org.apache.hc.client5.http.headers -- http-outgoing-0 << Ostype: linux
21:10:19.705 [main] DEBUG com.github.dockerjava.zerodep.shaded.org.apache.hc.client5.http.headers -- http-outgoing-0 << Server: Docker/27.3.1 (linux)
21:10:19.705 [main] DEBUG com.github.dockerjava.zerodep.shaded.org.apache.hc.client5.http.headers -- http-outgoing-0 << Content-Length: 863
21:10:19.706 [main] DEBUG com.github.dockerjava.zerodep.shaded.org.apache.hc.client5.http.impl.classic.MainClientExec -- ex-00000002: connection can be kept alive for 3 MINUTES
21:10:19.713 [main] DEBUG com.github.dockerjava.zerodep.shaded.org.apache.hc.client5.http.impl.classic.InternalHttpClient -- ep-00000001: releasing valid endpoint
21:10:19.713 [main] DEBUG com.github.dockerjava.zerodep.shaded.org.apache.hc.client5.http.impl.io.PoolingHttpClientConnectionManager -- ep-00000001: releasing endpoint
21:10:19.714 [main] DEBUG com.github.dockerjava.zerodep.shaded.org.apache.hc.client5.http.impl.io.PoolingHttpClientConnectionManager -- ep-00000001: connection http-outgoing-0 can be kept alive for 3 MINUTES
21:10:19.714 [main] DEBUG com.github.dockerjava.zerodep.shaded.org.apache.hc.client5.http.impl.io.PoolingHttpClientConnectionManager -- ep-00000001: connection released [route: {}->npipe://localhost:2375][total available: 1; route allocated: 1 of 2147483647; total allocated: 1 of 2147483647]
21:10:19.714 [main] DEBUG org.testcontainers.DockerClientFactory -- Docker version: {Components=[{Name=Engine, Version=27.3.1, Details={ApiVersion=1.47, Arch=amd64, BuildTime=2024-09-20T11:41:11.000000000+00:00, Experimental=false, GitCommit=41ca978, GoVersion=go1.22.7, KernelVersion=5.15.167.4-microsoft-standard-WSL2, MinAPIVersion=1.24, Os=linux}}, {Name=containerd, Version=1.7.21, Details={GitCommit=472731909fa34bd7bc9c087e4c27943f9835f111}}, {Name=runc, Version=1.1.13, Details={GitCommit=v1.1.13-0-g58aa920}}, {Name=docker-init, Version=0.19.0, Details={GitCommit=de40ad0}}], KernelVersion=5.15.167.4-microsoft-standard-WSL2, ApiVersion=1.47, Platform={Name=Docker Desktop 4.36.0 (175267)}, GitCommit=41ca978, Os=linux, Version=27.3.1, MinAPIVersion=1.24, Arch=amd64, GoVersion=go1.22.7, BuildTime=2024-09-20T11:41:11.000000000+00:00}
21:10:19.714 [main] INFO org.testcontainers.DockerClientFactory -- Connected to docker: 
  Server Version: 27.3.1
  API Version: 1.47
  Operating System: Docker Desktop
  Total Memory: 3822 MB
21:10:19.727 [main] DEBUG org.testcontainers.utility.RyukResourceReaper -- Ryuk is enabled
21:10:19.730 [main] DEBUG org.testcontainers.utility.PrefixingImageNameSubstitutor -- No prefix is configured
21:10:19.730 [main] DEBUG org.testcontainers.utility.ImageNameSubstitutor -- Did not find a substitute image for testcontainers/ryuk:0.6.0 (using image substitutor: DefaultImageNameSubstitutor (composite of 'ConfigurationFileImageNameSubstitutor' and 'PrefixingImageNameSubstitutor'))
21:10:19.734 [main] DEBUG org.testcontainers.shaded.com.github.dockerjava.core.command.AbstrDockerCmd -- Cmd: ListImagesCmdImpl[filters=org.testcontainers.shaded.com.github.dockerjava.core.util.FiltersBuilder@0,imageNameFilter=<null>,showAll=false]
21:10:19.739 [main] DEBUG com.github.dockerjava.zerodep.shaded.org.apache.hc.client5.http.impl.classic.InternalHttpClient -- ex-00000003: preparing request execution
21:10:19.739 [main] DEBUG com.github.dockerjava.zerodep.shaded.org.apache.hc.client5.http.protocol.RequestAddCookies -- Cookie spec selected: strict
21:10:19.739 [main] DEBUG com.github.dockerjava.zerodep.shaded.org.apache.hc.client5.http.protocol.RequestAuthCache -- Auth cache not set in the context
21:10:19.739 [main] DEBUG com.github.dockerjava.zerodep.shaded.org.apache.hc.client5.http.impl.classic.ProtocolExec -- ex-00000003: target auth state: UNCHALLENGED
21:10:19.739 [main] DEBUG com.github.dockerjava.zerodep.shaded.org.apache.hc.client5.http.impl.classic.ProtocolExec -- ex-00000003: proxy auth state: UNCHALLENGED
21:10:19.740 [main] DEBUG com.github.dockerjava.zerodep.shaded.org.apache.hc.client5.http.impl.classic.ConnectExec -- ex-00000003: acquiring connection with route {}->npipe://localhost:2375
21:10:19.740 [main] DEBUG com.github.dockerjava.zerodep.shaded.org.apache.hc.client5.http.impl.classic.InternalHttpClient -- ex-00000003: acquiring endpoint (3 MINUTES)
21:10:19.740 [main] DEBUG com.github.dockerjava.zerodep.shaded.org.apache.hc.client5.http.impl.io.PoolingHttpClientConnectionManager -- ex-00000003: endpoint lease request (3 MINUTES) [route: {}->npipe://localhost:2375][total available: 1; route allocated: 1 of 2147483647; total allocated: 1 of 2147483647]
21:10:19.740 [main] DEBUG com.github.dockerjava.zerodep.shaded.org.apache.hc.client5.http.impl.io.PoolingHttpClientConnectionManager -- ex-00000003: endpoint leased [route: {}->npipe://localhost:2375][total available: 0; route allocated: 1 of 2147483647; total allocated: 1 of 2147483647]
21:10:19.740 [main] DEBUG com.github.dockerjava.zerodep.shaded.org.apache.hc.client5.http.impl.io.PoolingHttpClientConnectionManager -- ex-00000003: acquired ep-00000002
21:10:19.740 [main] DEBUG com.github.dockerjava.zerodep.shaded.org.apache.hc.client5.http.impl.classic.InternalHttpClient -- ex-00000003: acquired endpoint ep-00000002
21:10:19.740 [main] DEBUG com.github.dockerjava.zerodep.shaded.org.apache.hc.client5.http.impl.classic.MainClientExec -- ex-00000003: executing GET /v1.32/images/json HTTP/1.1
21:10:19.740 [main] DEBUG com.github.dockerjava.zerodep.shaded.org.apache.hc.client5.http.impl.classic.InternalHttpClient -- ep-00000002: start execution ex-00000003
21:10:19.741 [main] DEBUG com.github.dockerjava.zerodep.shaded.org.apache.hc.client5.http.impl.io.PoolingHttpClientConnectionManager -- ep-00000002: executing exchange ex-00000003 over http-outgoing-0
21:10:19.741 [main] DEBUG com.github.dockerjava.zerodep.shaded.org.apache.hc.client5.http.headers -- http-outgoing-0 >> GET /v1.32/images/json HTTP/1.1
21:10:19.741 [main] DEBUG com.github.dockerjava.zerodep.shaded.org.apache.hc.client5.http.headers -- http-outgoing-0 >> accept: application/json
21:10:19.741 [main] DEBUG com.github.dockerjava.zerodep.shaded.org.apache.hc.client5.http.headers -- http-outgoing-0 >> x-tc-sid: 2a607c29-9f73-4ad7-8e0e-ab764e999503
21:10:19.741 [main] DEBUG com.github.dockerjava.zerodep.shaded.org.apache.hc.client5.http.headers -- http-outgoing-0 >> User-Agent: tc-java/1.19.7
21:10:19.741 [main] DEBUG com.github.dockerjava.zerodep.shaded.org.apache.hc.client5.http.headers -- http-outgoing-0 >> Accept-Encoding: gzip, x-gzip, deflate
21:10:19.741 [main] DEBUG com.github.dockerjava.zerodep.shaded.org.apache.hc.client5.http.headers -- http-outgoing-0 >> Host: localhost:2375
21:10:19.741 [main] DEBUG com.github.dockerjava.zerodep.shaded.org.apache.hc.client5.http.headers -- http-outgoing-0 >> Connection: keep-alive
21:10:19.741 [main] DEBUG com.github.dockerjava.zerodep.shaded.org.apache.hc.client5.http.wire -- http-outgoing-0 >> "GET /v1.32/images/json HTTP/1.1[\r][\n]"
21:10:19.741 [main] DEBUG com.github.dockerjava.zerodep.shaded.org.apache.hc.client5.http.wire -- http-outgoing-0 >> "accept: application/json[\r][\n]"
21:10:19.741 [main] DEBUG com.github.dockerjava.zerodep.shaded.org.apache.hc.client5.http.wire -- http-outgoing-0 >> "x-tc-sid: 2a607c29-9f73-4ad7-8e0e-ab764e999503[\r][\n]"
21:10:19.741 [main] DEBUG com.github.dockerjava.zerodep.shaded.org.apache.hc.client5.http.wire -- http-outgoing-0 >> "User-Agent: tc-java/1.19.7[\r][\n]"
21:10:19.742 [main] DEBUG com.github.dockerjava.zerodep.shaded.org.apache.hc.client5.http.wire -- http-outgoing-0 >> "Accept-Encoding: gzip, x-gzip, deflate[\r][\n]"
21:10:19.742 [main] DEBUG com.github.dockerjava.zerodep.shaded.org.apache.hc.client5.http.wire -- http-outgoing-0 >> "Host: localhost:2375[\r][\n]"
21:10:19.742 [main] DEBUG com.github.dockerjava.zerodep.shaded.org.apache.hc.client5.http.wire -- http-outgoing-0 >> "Connection: keep-alive[\r][\n]"
21:10:19.742 [main] DEBUG com.github.dockerjava.zerodep.shaded.org.apache.hc.client5.http.wire -- http-outgoing-0 >> "[\r][\n]"
21:10:19.746 [main] DEBUG com.github.dockerjava.zerodep.shaded.org.apache.hc.client5.http.wire -- http-outgoing-0 << "HTTP/1.1 200 OK[\r][\n]"
21:10:19.746 [main] DEBUG com.github.dockerjava.zerodep.shaded.org.apache.hc.client5.http.wire -- http-outgoing-0 << "Api-Version: 1.47[\r][\n]"
21:10:19.746 [main] DEBUG com.github.dockerjava.zerodep.shaded.org.apache.hc.client5.http.wire -- http-outgoing-0 << "Content-Type: application/json[\r][\n]"
21:10:19.746 [main] DEBUG com.github.dockerjava.zerodep.shaded.org.apache.hc.client5.http.wire -- http-outgoing-0 << "Date: Fri, 09 May 2025 21:10:19 GMT[\r][\n]"
21:10:19.746 [main] DEBUG com.github.dockerjava.zerodep.shaded.org.apache.hc.client5.http.wire -- http-outgoing-0 << "Docker-Experimental: false[\r][\n]"
21:10:19.746 [main] DEBUG com.github.dockerjava.zerodep.shaded.org.apache.hc.client5.http.wire -- http-outgoing-0 << "Ostype: linux[\r][\n]"
21:10:19.746 [main] DEBUG com.github.dockerjava.zerodep.shaded.org.apache.hc.client5.http.wire -- http-outgoing-0 << "Server: Docker/27.3.1 (linux)[\r][\n]"
21:10:19.746 [main] DEBUG com.github.dockerjava.zerodep.shaded.org.apache.hc.client5.http.wire -- http-outgoing-0 << "Transfer-Encoding: chunked[\r][\n]"
21:10:19.746 [main] DEBUG com.github.dockerjava.zerodep.shaded.org.apache.hc.client5.http.wire -- http-outgoing-0 << "[\r][\n]"
21:10:19.747 [main] DEBUG com.github.dockerjava.zerodep.shaded.org.apache.hc.client5.http.wire -- http-outgoing-0 << "b3d[\r][\n]"
21:10:19.747 [main] DEBUG com.github.dockerjava.zerodep.shaded.org.apache.hc.client5.http.wire -- http-outgoing-0 << "[{"Containers":-1,"Created":1743589705,"Id":"sha256:52cb72a9e3da275324ca0b9bb3891021366d501aad375db34584a7bca8ce02ff","Labels":null,"ParentId":"","RepoDigests":["dpage/pgadmin4@sha256:52cb72a9e3da275324ca0b9bb3891021366d501aad375db34584a7bca8ce02ff"],"RepoTags":["dpage/pgadmin4:latest"],"SharedSize":-1,"Size":773528257,"VirtualSize":773528257},{"Containers":-1,"Created":1740617592,"Id":"sha256:fe3f571d128e8efadcd8b2fde0e2b73ebab6dbec33f6bfe69d98c682c7d8f7bd","Labels":null,"ParentId":"","RepoDigests":["postgres@sha256:fe3f571d128e8efadcd8b2fde0e2b73ebab6dbec33f6bfe69d98c682c7d8f7bd"],"RepoTags":["postgres:17"],"SharedSize":-1,"Size":620689309,"VirtualSize":620689309},{"Containers":-1,"Created":1740617592,"Id":"sha256:cef2d22004db69e3d601442ca4cac142adda0987ad7ca4f28c4e998bef690951","Labels":null,"ParentId":"","RepoDigests":["postgres@sha256:cef2d22004db69e3d601442ca4cac142adda0987ad7ca4f28c4e998bef690951"],"RepoTags":["postgres:16"],"SharedSize":-1,"Size":617100261,"VirtualSize":617100261},{"Containers":-1,"Created":1740617592,"Id":"sha256:fe45ed1a824b81c0c9c605890963b67501758ca8c946db89089c85ce0f88e974","Labels":null,"ParentId":"","RepoDigests":["postgres@sha256:fe45ed1a824b81c0c9c605890963b67501758ca8c946db89089c85ce0f88e974"],"RepoTags":["postgres:15"],"SharedSize":-1,"Size":608444682,"VirtualSize":608444682},{"Containers":-1,"Created":1736195656,"Id":"sha256:d638112ad9719f20797a9492632b5a08c02ad582fe095df64034eb4ebb556ae8","Labels":null,"ParentId":"","RepoDigests":["registry.gitlab.com/dalibo/postgresql_anonymizer@sha256:d638112ad9719f20797a9492632b5a08c02ad582fe095df64034eb4ebb556ae8"],"RepoTags":["registry.gitlab.com/dalibo/postgresql_anonymizer:latest"],"SharedSize":-1,"Size":651485591,"VirtualSize":651485591},{"Containers":-1,"Created":1732220204,"Id":"sha256:fe4efc6901dda0d952306fd962643d8022d7bb773ffe13fe8a21551b9276e50c","Labels":null,"ParentId":"","RepoDigests":["postgres@sha256:fe4efc6901dda0d952306fd962643d8022d7bb773ffe13fe8a21551b9276e50c"],"RepoTags":["postgres:latest"],"SharedSize":-1,"Size":614495260,"VirtualSize":614495260},{"Containers":-1,"Created":1709566432,"Id":"sha256:618b107401c3efa671017681c4bde2a1d1c3f34dc80b8512b02bbbbf41d22fc7","Labels":null,"ParentId":"","RepoDigests":["registry.gitlab.com/dalibo/postgresql_anonymizer@sha256:618b107401c3efa671017681c4bde2a1d1c3f34dc80b8512b02bbbbf41d22fc7"],"RepoTags":["registry.gitlab.com/dalibo/postgresql_anonymizer:stable"],"SharedSize":-1,"Size":2127995226,"VirtualSize":2127995226},{"Containers":-1,"Created":1703169114,"Id":"sha256:739f19eb83b1710f22ff452d7bec9cdd3f53d0ba5ff4096c6516a85de88eba0c","Labels":{"org.testcontainers.ryuk":"true"},"ParentId":"","RepoDigests":["testcontainers/ryuk@sha256:739f19eb83b1710f22ff452d7bec9cdd3f53d0ba5ff4096c6516a85de88eba0c"],"RepoTags":["testcontainers/ryuk:0.6.0"],"SharedSize":-1,"Size":23149068,"VirtualSize":23149068}][\n]"
21:10:19.747 [main] DEBUG com.github.dockerjava.zerodep.shaded.org.apache.hc.client5.http.wire -- http-outgoing-0 << "[\r][\n]"
21:10:19.747 [main] DEBUG com.github.dockerjava.zerodep.shaded.org.apache.hc.client5.http.wire -- http-outgoing-0 << "0[\r][\n]"
21:10:19.747 [main] DEBUG com.github.dockerjava.zerodep.shaded.org.apache.hc.client5.http.wire -- http-outgoing-0 << "[\r][\n]"
21:10:19.747 [main] DEBUG com.github.dockerjava.zerodep.shaded.org.apache.hc.client5.http.headers -- http-outgoing-0 << HTTP/1.1 200 OK
21:10:19.748 [main] DEBUG com.github.dockerjava.zerodep.shaded.org.apache.hc.client5.http.headers -- http-outgoing-0 << Api-Version: 1.47
21:10:19.748 [main] DEBUG com.github.dockerjava.zerodep.shaded.org.apache.hc.client5.http.headers -- http-outgoing-0 << Content-Type: application/json
21:10:19.748 [main] DEBUG com.github.dockerjava.zerodep.shaded.org.apache.hc.client5.http.headers -- http-outgoing-0 << Date: Fri, 09 May 2025 21:10:19 GMT
21:10:19.748 [main] DEBUG com.github.dockerjava.zerodep.shaded.org.apache.hc.client5.http.headers -- http-outgoing-0 << Docker-Experimental: false
21:10:19.748 [main] DEBUG com.github.dockerjava.zerodep.shaded.org.apache.hc.client5.http.headers -- http-outgoing-0 << Ostype: linux
21:10:19.748 [main] DEBUG com.github.dockerjava.zerodep.shaded.org.apache.hc.client5.http.headers -- http-outgoing-0 << Server: Docker/27.3.1 (linux)
21:10:19.748 [main] DEBUG com.github.dockerjava.zerodep.shaded.org.apache.hc.client5.http.headers -- http-outgoing-0 << Transfer-Encoding: chunked
21:10:19.749 [main] DEBUG com.github.dockerjava.zerodep.shaded.org.apache.hc.client5.http.impl.classic.MainClientExec -- ex-00000003: connection can be kept alive for 3 MINUTES
21:10:19.754 [main] DEBUG com.github.dockerjava.zerodep.shaded.org.apache.hc.client5.http.impl.classic.InternalHttpClient -- ep-00000002: releasing valid endpoint
21:10:19.754 [main] DEBUG com.github.dockerjava.zerodep.shaded.org.apache.hc.client5.http.impl.io.PoolingHttpClientConnectionManager -- ep-00000002: releasing endpoint
21:10:19.754 [main] DEBUG com.github.dockerjava.zerodep.shaded.org.apache.hc.client5.http.impl.io.PoolingHttpClientConnectionManager -- ep-00000002: connection http-outgoing-0 can be kept alive for 3 MINUTES
21:10:19.754 [main] DEBUG com.github.dockerjava.zerodep.shaded.org.apache.hc.client5.http.impl.io.PoolingHttpClientConnectionManager -- ep-00000002: connection released [route: {}->npipe://localhost:2375][total available: 1; route allocated: 1 of 2147483647; total allocated: 1 of 2147483647]
21:10:19.760 [main] DEBUG org.testcontainers.images.AbstractImagePullPolicy -- Using locally available and not pulling image: testcontainers/ryuk:0.6.0
21:10:19.760 [main] DEBUG tc.testcontainers/ryuk:0.6.0 -- Starting container: testcontainers/ryuk:0.6.0
21:10:19.763 [main] DEBUG tc.testcontainers/ryuk:0.6.0 -- Trying to start container: testcontainers/ryuk:0.6.0 (attempt 1/1)
21:10:19.763 [main] DEBUG tc.testcontainers/ryuk:0.6.0 -- Starting container: testcontainers/ryuk:0.6.0
21:10:19.763 [main] INFO tc.testcontainers/ryuk:0.6.0 -- Creating container for image: testcontainers/ryuk:0.6.0
21:10:19.773 [main] DEBUG org.testcontainers.utility.RegistryAuthLocator -- Looking up auth config for image: testcontainers/ryuk:0.6.0 at registry: https://index.docker.io/v1/
21:10:19.774 [main] DEBUG org.testcontainers.utility.RegistryAuthLocator -- RegistryAuthLocator has configFile: C:\Users\76162\.docker\config.json (exists) configEnv: DOCKER_AUTH_CONFIG (does not exist) and commandPathPrefix: 
21:10:19.774 [main] DEBUG org.testcontainers.utility.RegistryAuthLocator -- RegistryAuthLocator reading from configFile: C:\Users\76162\.docker\config.json
21:10:19.775 [main] DEBUG org.testcontainers.utility.RegistryAuthLocator -- registryName [https://index.docker.io/v1/] for dockerImageName [testcontainers/ryuk:0.6.0]
21:10:19.775 [main] DEBUG org.testcontainers.utility.RegistryAuthLocator -- Executing docker credential provider: docker-credential-desktop to locate auth config for: https://index.docker.io/v1/
21:10:19.786 [main] DEBUG org.testcontainers.shaded.org.zeroturnaround.exec.ProcessExecutor -- Executing [cmd, /c, docker-credential-desktop, get].
21:10:19.846 [main] DEBUG org.testcontainers.shaded.org.zeroturnaround.exec.ProcessExecutor -- Started Process[pid=14980, exitValue="not exited"]
21:10:21.033 [WaitForProcess-Process[pid=14980, exitValue="not exited"]] DEBUG org.testcontainers.shaded.org.zeroturnaround.exec.WaitForProcess -- Process[pid=14980, exitValue=0] stopped with exit code 0
21:10:21.036 [main] DEBUG org.testcontainers.utility.RegistryAuthLocator -- Credential helper/store provided auth config for: https://index.docker.io/v1/
21:10:21.039 [main] DEBUG org.testcontainers.utility.RegistryAuthLocator -- found creds store auth config [AuthConfig{username=asurz, password=hidden non-blank value, auth=blank, email=null, registryAddress=https://index.docker.io/v1/, registryToken=blank}]
21:10:21.039 [main] DEBUG org.testcontainers.utility.RegistryAuthLocator -- Cached auth found: [AuthConfig{username=asurz, password=hidden non-blank value, auth=blank, email=null, registryAddress=https://index.docker.io/v1/, registryToken=blank}]
21:10:21.039 [main] DEBUG org.testcontainers.dockerclient.AuthDelegatingDockerClientConfig -- Effective auth config [AuthConfig{username=asurz, password=hidden non-blank value, auth=blank, email=null, registryAddress=https://index.docker.io/v1/, registryToken=blank}]
21:10:21.051 [main] DEBUG org.testcontainers.shaded.com.github.dockerjava.core.command.AbstrDockerCmd -- Cmd: org.testcontainers.shaded.com.github.dockerjava.core.command.CreateContainerCmdImpl@30f4b1a6[aliases=<null>,argsEscaped=<null>,attachStderr=<null>,attachStdin=<null>,attachStdout=<null>,authConfig=AuthConfig(username=asurz, email=null, registryAddress=https://index.docker.io/v1/, stackOrchestrator=null),cmd={},domainName=<null>,entrypoint=<null>,env={},exposedPorts=ExposedPorts(exposedPorts=[8080/tcp]),healthcheck=<null>,hostConfig=HostConfig(binds=[//var/run/docker.sock:/var/run/docker.sock:rw], blkioWeight=null, blkioWeightDevice=null, blkioDeviceReadBps=null, blkioDeviceWriteBps=null, blkioDeviceReadIOps=null, blkioDeviceWriteIOps=null, memorySwappiness=null, nanoCPUs=null, capAdd=null, capDrop=null, containerIDFile=null, cpuPeriod=null, cpuRealtimePeriod=null, cpuRealtimeRuntime=null, cpuShares=null, cpuQuota=null, cpusetCpus=null, cpusetMems=null, devices=null, deviceCgroupRules=null, deviceRequests=null, diskQuota=null, dns=null, dnsOptions=null, dnsSearch=null, extraHosts=[], groupAdd=null, ipcMode=null, cgroup=null, links=[], logConfig=LogConfig(type=null, config=null), lxcConf=null, memory=null, memorySwap=null, memoryReservation=null, kernelMemory=null, networkMode=null, oomKillDisable=null, init=null, autoRemove=true, oomScoreAdj=null, portBindings={8080/tcp=[Lcom.github.dockerjava.api.model.Ports$Binding;@7d2a6eac}, privileged=true, publishAllPorts=null, readonlyRootfs=null, restartPolicy=null, ulimits=null, cpuCount=null, cpuPercent=null, ioMaximumIOps=null, ioMaximumBandwidth=null, volumesFrom=[], mounts=null, pidMode=null, isolation=null, securityOpts=null, storageOpt=null, cgroupParent=null, volumeDriver=null, shmSize=null, pidsLimit=null, runtime=null, tmpFs=null, utSMode=null, usernsMode=null, sysctls=null, consoleSize=null, cgroupnsMode=null),hostName=<null>,image=testcontainers/ryuk:0.6.0,ipv4Address=<null>,ipv6Address=<null>,labels={org.testcontainers=true, org.testcontainers.lang=java, org.testcontainers.version=1.19.7},macAddress=<null>,name=testcontainers-ryuk-2a607c29-9f73-4ad7-8e0e-ab764e999503,networkDisabled=<null>,networkingConfig=<null>,onBuild=<null>,platform=<null>,portSpecs=<null>,shell=<null>,stdInOnce=<null>,stdinOpen=<null>,stopSignal=<null>,stopTimeout=<null>,tty=<null>,user=<null>,volumes=Volumes(volumes=[]),workingDir=<null>]
21:10:21.128 [main] DEBUG com.github.dockerjava.zerodep.shaded.org.apache.hc.client5.http.impl.classic.InternalHttpClient -- ex-00000004: preparing request execution
21:10:21.128 [main] DEBUG com.github.dockerjava.zerodep.shaded.org.apache.hc.client5.http.protocol.RequestAddCookies -- Cookie spec selected: strict
21:10:21.128 [main] DEBUG com.github.dockerjava.zerodep.shaded.org.apache.hc.client5.http.protocol.RequestAuthCache -- Auth cache not set in the context
21:10:21.129 [main] DEBUG com.github.dockerjava.zerodep.shaded.org.apache.hc.client5.http.impl.classic.ProtocolExec -- ex-00000004: target auth state: UNCHALLENGED
21:10:21.129 [main] DEBUG com.github.dockerjava.zerodep.shaded.org.apache.hc.client5.http.impl.classic.ProtocolExec -- ex-00000004: proxy auth state: UNCHALLENGED
21:10:21.129 [main] DEBUG com.github.dockerjava.zerodep.shaded.org.apache.hc.client5.http.impl.classic.ConnectExec -- ex-00000004: acquiring connection with route {}->npipe://localhost:2375
21:10:21.129 [main] DEBUG com.github.dockerjava.zerodep.shaded.org.apache.hc.client5.http.impl.classic.InternalHttpClient -- ex-00000004: acquiring endpoint (3 MINUTES)
21:10:21.129 [main] DEBUG com.github.dockerjava.zerodep.shaded.org.apache.hc.client5.http.impl.io.PoolingHttpClientConnectionManager -- ex-00000004: endpoint lease request (3 MINUTES) [route: {}->npipe://localhost:2375][total available: 1; route allocated: 1 of 2147483647; total allocated: 1 of 2147483647]
21:10:21.129 [main] DEBUG com.github.dockerjava.zerodep.shaded.org.apache.hc.client5.http.impl.io.PoolingHttpClientConnectionManager -- ex-00000004: endpoint leased [route: {}->npipe://localhost:2375][total available: 0; route allocated: 1 of 2147483647; total allocated: 1 of 2147483647]
21:10:21.129 [main] DEBUG com.github.dockerjava.zerodep.shaded.org.apache.hc.client5.http.impl.io.PoolingHttpClientConnectionManager -- ex-00000004: acquired ep-00000003
21:10:21.129 [main] DEBUG com.github.dockerjava.zerodep.shaded.org.apache.hc.client5.http.impl.classic.InternalHttpClient -- ex-00000004: acquired endpoint ep-00000003
21:10:21.129 [main] DEBUG com.github.dockerjava.zerodep.shaded.org.apache.hc.client5.http.impl.classic.MainClientExec -- ex-00000004: executing POST /v1.32/containers/create?name=testcontainers-ryuk-2a607c29-9f73-4ad7-8e0e-ab764e999503 HTTP/1.1
21:10:21.129 [main] DEBUG com.github.dockerjava.zerodep.shaded.org.apache.hc.client5.http.impl.classic.InternalHttpClient -- ep-00000003: start execution ex-00000004
21:10:21.129 [main] DEBUG com.github.dockerjava.zerodep.shaded.org.apache.hc.client5.http.impl.io.PoolingHttpClientConnectionManager -- ep-00000003: executing exchange ex-00000004 over http-outgoing-0
21:10:21.129 [main] DEBUG com.github.dockerjava.zerodep.shaded.org.apache.hc.client5.http.headers -- http-outgoing-0 >> POST /v1.32/containers/create?name=testcontainers-ryuk-2a607c29-9f73-4ad7-8e0e-ab764e999503 HTTP/1.1
21:10:21.129 [main] DEBUG com.github.dockerjava.zerodep.shaded.org.apache.hc.client5.http.headers -- http-outgoing-0 >> X-Registry-Auth: eyJ1c2VybmFtZSI6ImFzdXJ6IiwicGFzc3dvcmQiOiJkY2tyX3BhdF9uaTZadWI4LXBBdllVaWhBbi11YVhXZWUwc00iLCJlbWFpbCI6bnVsbCwic2VydmVyYWRkcmVzcyI6Imh0dHBzOi8vaW5kZXguZG9ja2VyLmlvL3YxLyIsImF1dGgiOm51bGwsInJlZ2lzdHJ5dG9rZW4iOm51bGwsImlkZW50aXR5dG9rZW4iOm51bGwsInN0YWNrT3JjaGVzdHJhdG9yIjpudWxsfQ==
21:10:21.129 [main] DEBUG com.github.dockerjava.zerodep.shaded.org.apache.hc.client5.http.headers -- http-outgoing-0 >> accept: application/json
21:10:21.129 [main] DEBUG com.github.dockerjava.zerodep.shaded.org.apache.hc.client5.http.headers -- http-outgoing-0 >> content-type: application/json
21:10:21.129 [main] DEBUG com.github.dockerjava.zerodep.shaded.org.apache.hc.client5.http.headers -- http-outgoing-0 >> x-tc-sid: 2a607c29-9f73-4ad7-8e0e-ab764e999503
21:10:21.129 [main] DEBUG com.github.dockerjava.zerodep.shaded.org.apache.hc.client5.http.headers -- http-outgoing-0 >> User-Agent: tc-java/1.19.7
21:10:21.129 [main] DEBUG com.github.dockerjava.zerodep.shaded.org.apache.hc.client5.http.headers -- http-outgoing-0 >> Accept-Encoding: gzip, x-gzip, deflate
21:10:21.130 [main] DEBUG com.github.dockerjava.zerodep.shaded.org.apache.hc.client5.http.headers -- http-outgoing-0 >> Content-Length: 1955
21:10:21.130 [main] DEBUG com.github.dockerjava.zerodep.shaded.org.apache.hc.client5.http.headers -- http-outgoing-0 >> Host: localhost:2375
21:10:21.130 [main] DEBUG com.github.dockerjava.zerodep.shaded.org.apache.hc.client5.http.headers -- http-outgoing-0 >> Connection: keep-alive
21:10:21.130 [main] DEBUG com.github.dockerjava.zerodep.shaded.org.apache.hc.client5.http.wire -- http-outgoing-0 >> "POST /v1.32/containers/create?name=testcontainers-ryuk-2a607c29-9f73-4ad7-8e0e-ab764e999503 HTTP/1.1[\r][\n]"
21:10:21.130 [main] DEBUG com.github.dockerjava.zerodep.shaded.org.apache.hc.client5.http.wire -- http-outgoing-0 >> "X-Registry-Auth: eyJ1c2VybmFtZSI6ImFzdXJ6IiwicGFzc3dvcmQiOiJkY2tyX3BhdF9uaTZadWI4LXBBdllVaWhBbi11YVhXZWUwc00iLCJlbWFpbCI6bnVsbCwic2VydmVyYWRkcmVzcyI6Imh0dHBzOi8vaW5kZXguZG9ja2VyLmlvL3YxLyIsImF1dGgiOm51bGwsInJlZ2lzdHJ5dG9rZW4iOm51bGwsImlkZW50aXR5dG9rZW4iOm51bGwsInN0YWNrT3JjaGVzdHJhdG9yIjpudWxsfQ==[\r][\n]"
21:10:21.130 [main] DEBUG com.github.dockerjava.zerodep.shaded.org.apache.hc.client5.http.wire -- http-outgoing-0 >> "accept: application/json[\r][\n]"
21:10:21.130 [main] DEBUG com.github.dockerjava.zerodep.shaded.org.apache.hc.client5.http.wire -- http-outgoing-0 >> "content-type: application/json[\r][\n]"
21:10:21.130 [main] DEBUG com.github.dockerjava.zerodep.shaded.org.apache.hc.client5.http.wire -- http-outgoing-0 >> "x-tc-sid: 2a607c29-9f73-4ad7-8e0e-ab764e999503[\r][\n]"
21:10:21.130 [main] DEBUG com.github.dockerjava.zerodep.shaded.org.apache.hc.client5.http.wire -- http-outgoing-0 >> "User-Agent: tc-java/1.19.7[\r][\n]"
21:10:21.130 [main] DEBUG com.github.dockerjava.zerodep.shaded.org.apache.hc.client5.http.wire -- http-outgoing-0 >> "Accept-Encoding: gzip, x-gzip, deflate[\r][\n]"
21:10:21.130 [main] DEBUG com.github.dockerjava.zerodep.shaded.org.apache.hc.client5.http.wire -- http-outgoing-0 >> "Content-Length: 1955[\r][\n]"
21:10:21.130 [main] DEBUG com.github.dockerjava.zerodep.shaded.org.apache.hc.client5.http.wire -- http-outgoing-0 >> "Host: localhost:2375[\r][\n]"
21:10:21.130 [main] DEBUG com.github.dockerjava.zerodep.shaded.org.apache.hc.client5.http.wire -- http-outgoing-0 >> "Connection: keep-alive[\r][\n]"
21:10:21.130 [main] DEBUG com.github.dockerjava.zerodep.shaded.org.apache.hc.client5.http.wire -- http-outgoing-0 >> "[\r][\n]"
21:10:21.130 [main] DEBUG com.github.dockerjava.zerodep.shaded.org.apache.hc.client5.http.wire -- http-outgoing-0 >> "{"Hostname":null,"Domainname":null,"User":null,"AttachStdin":null,"AttachStdout":null,"AttachStderr":null,"PortSpecs":null,"Tty":null,"OpenStdin":null,"StdinOnce":null,"Env":[],"Cmd":[],"Healthcheck":null,"ArgsEscaped":null,"Entrypoint":null,"Image":"testcontainers/ryuk:0.6.0","Volumes":{},"WorkingDir":null,"MacAddress":null,"OnBuild":null,"NetworkDisabled":null,"ExposedPorts":{"8080/tcp":{}},"StopSignal":null,"StopTimeout":null,"HostConfig":{"Binds":["//var/run/docker.sock:/var/run/docker.sock:rw"],"BlkioWeight":null,"BlkioWeightDevice":null,"BlkioDeviceReadBps":null,"BlkioDeviceWriteBps":null,"BlkioDeviceReadIOps":null,"BlkioDeviceWriteIOps":null,"MemorySwappiness":null,"NanoCpus":null,"CapAdd":null,"CapDrop":null,"ContainerIDFile":null,"CpuPeriod":null,"CpuRealtimePeriod":null,"CpuRealtimeRuntime":null,"CpuShares":null,"CpuQuota":null,"CpusetCpus":null,"CpusetMems":null,"Devices":null,"DeviceCgroupRules":null,"DeviceRequests":null,"DiskQuota":null,"Dns":null,"DnsOptions":null,"DnsSearch":null,"ExtraHosts":[],"GroupAdd":null,"IpcMode":null,"Cgroup":null,"Links":[],"LogConfig":null,"LxcConf":null,"Memory":null,"MemorySwap":null,"MemoryReservation":null,"KernelMemory":null,"NetworkMode":null,"OomKillDisable":null,"Init":null,"AutoRemove":true,"OomScoreAdj":null,"PortBindings":{"8080/tcp":[{"HostIp":"","HostPort":""}]},"Privileged":true,"PublishAllPorts":null,"ReadonlyRootfs":null,"RestartPolicy":null,"Ulimits":null,"CpuCount":null,"CpuPercent":null,"IOMaximumIOps":null,"IOMaximumBandwidth":null,"VolumesFrom":[],"Mounts":null,"PidMode":null,"Isolation":null,"SecurityOpt":null,"StorageOpt":null,"CgroupParent":null,"VolumeDriver":null,"ShmSize":null,"PidsLimit":null,"Runtime":null,"Tmpfs":null,"UTSMode":null,"UsernsMode":null,"Sysctls":null,"ConsoleSize":null,"CgroupnsMode":null},"Labels":{"org.testcontainers":"true","org.testcontainers.lang":"java","org.testcontainers.version":"1.19.7"},"Shell":null,"NetworkingConfig":null}"
21:10:21.240 [main] DEBUG com.github.dockerjava.zerodep.shaded.org.apache.hc.client5.http.wire -- http-outgoing-0 << "HTTP/1.1 201 Created[\r][\n]"
21:10:21.241 [main] DEBUG com.github.dockerjava.zerodep.shaded.org.apache.hc.client5.http.wire -- http-outgoing-0 << "Api-Version: 1.47[\r][\n]"
21:10:21.241 [main] DEBUG com.github.dockerjava.zerodep.shaded.org.apache.hc.client5.http.wire -- http-outgoing-0 << "Content-Type: application/json[\r][\n]"
21:10:21.241 [main] DEBUG com.github.dockerjava.zerodep.shaded.org.apache.hc.client5.http.wire -- http-outgoing-0 << "Date: Fri, 09 May 2025 18:10:21 GMT[\r][\n]"
21:10:21.241 [main] DEBUG com.github.dockerjava.zerodep.shaded.org.apache.hc.client5.http.wire -- http-outgoing-0 << "Docker-Experimental: false[\r][\n]"
21:10:21.241 [main] DEBUG com.github.dockerjava.zerodep.shaded.org.apache.hc.client5.http.wire -- http-outgoing-0 << "Ostype: linux[\r][\n]"
21:10:21.241 [main] DEBUG com.github.dockerjava.zerodep.shaded.org.apache.hc.client5.http.wire -- http-outgoing-0 << "Server: Docker/27.3.1 (linux)[\r][\n]"
21:10:21.241 [main] DEBUG com.github.dockerjava.zerodep.shaded.org.apache.hc.client5.http.wire -- http-outgoing-0 << "Transfer-Encoding: chunked[\r][\n]"
21:10:21.241 [main] DEBUG com.github.dockerjava.zerodep.shaded.org.apache.hc.client5.http.wire -- http-outgoing-0 << "[\r][\n]"
21:10:21.241 [main] DEBUG com.github.dockerjava.zerodep.shaded.org.apache.hc.client5.http.headers -- http-outgoing-0 << HTTP/1.1 201 Created
21:10:21.241 [main] DEBUG com.github.dockerjava.zerodep.shaded.org.apache.hc.client5.http.headers -- http-outgoing-0 << Api-Version: 1.47
21:10:21.241 [main] DEBUG com.github.dockerjava.zerodep.shaded.org.apache.hc.client5.http.headers -- http-outgoing-0 << Content-Type: application/json
21:10:21.241 [main] DEBUG com.github.dockerjava.zerodep.shaded.org.apache.hc.client5.http.headers -- http-outgoing-0 << Date: Fri, 09 May 2025 18:10:21 GMT
21:10:21.241 [main] DEBUG com.github.dockerjava.zerodep.shaded.org.apache.hc.client5.http.headers -- http-outgoing-0 << Docker-Experimental: false
21:10:21.241 [main] DEBUG com.github.dockerjava.zerodep.shaded.org.apache.hc.client5.http.headers -- http-outgoing-0 << Ostype: linux
21:10:21.242 [main] DEBUG com.github.dockerjava.zerodep.shaded.org.apache.hc.client5.http.headers -- http-outgoing-0 << Server: Docker/27.3.1 (linux)
21:10:21.242 [main] DEBUG com.github.dockerjava.zerodep.shaded.org.apache.hc.client5.http.headers -- http-outgoing-0 << Transfer-Encoding: chunked
21:10:21.242 [main] DEBUG com.github.dockerjava.zerodep.shaded.org.apache.hc.client5.http.impl.classic.MainClientExec -- ex-00000004: connection can be kept alive for 3 MINUTES
21:10:21.242 [main] DEBUG com.github.dockerjava.zerodep.shaded.org.apache.hc.client5.http.wire -- http-outgoing-0 << "58[\r][\n]"
21:10:21.243 [main] DEBUG com.github.dockerjava.zerodep.shaded.org.apache.hc.client5.http.wire -- http-outgoing-0 << "{"Id":"61caf9da778519bd66d0de2ea4aa241d7c8a5f7a948e5f3d0d37d5cf6bc122ce","Warnings":[]}[\n]"
21:10:21.243 [main] DEBUG com.github.dockerjava.zerodep.shaded.org.apache.hc.client5.http.wire -- http-outgoing-0 << "[\r][\n]"
21:10:21.243 [main] DEBUG com.github.dockerjava.zerodep.shaded.org.apache.hc.client5.http.wire -- http-outgoing-0 << "0[\r][\n]"
21:10:21.243 [main] DEBUG com.github.dockerjava.zerodep.shaded.org.apache.hc.client5.http.wire -- http-outgoing-0 << "[\r][\n]"
21:10:21.244 [main] DEBUG com.github.dockerjava.zerodep.shaded.org.apache.hc.client5.http.impl.classic.InternalHttpClient -- ep-00000003: releasing valid endpoint
21:10:21.244 [main] DEBUG com.github.dockerjava.zerodep.shaded.org.apache.hc.client5.http.impl.io.PoolingHttpClientConnectionManager -- ep-00000003: releasing endpoint
21:10:21.244 [main] DEBUG com.github.dockerjava.zerodep.shaded.org.apache.hc.client5.http.impl.io.PoolingHttpClientConnectionManager -- ep-00000003: connection http-outgoing-0 can be kept alive for 3 MINUTES
21:10:21.244 [main] DEBUG com.github.dockerjava.zerodep.shaded.org.apache.hc.client5.http.impl.io.PoolingHttpClientConnectionManager -- ep-00000003: connection released [route: {}->npipe://localhost:2375][total available: 1; route allocated: 1 of 2147483647; total allocated: 1 of 2147483647]
21:10:21.246 [main] INFO tc.testcontainers/ryuk:0.6.0 -- Container testcontainers/ryuk:0.6.0 is starting: 61caf9da778519bd66d0de2ea4aa241d7c8a5f7a948e5f3d0d37d5cf6bc122ce
21:10:21.247 [main] DEBUG org.testcontainers.shaded.com.github.dockerjava.core.command.AbstrDockerCmd -- Cmd: 61caf9da778519bd66d0de2ea4aa241d7c8a5f7a948e5f3d0d37d5cf6bc122ce
21:10:21.248 [main] DEBUG com.github.dockerjava.zerodep.shaded.org.apache.hc.client5.http.impl.classic.InternalHttpClient -- ex-00000005: preparing request execution
21:10:21.248 [main] DEBUG com.github.dockerjava.zerodep.shaded.org.apache.hc.client5.http.protocol.RequestAddCookies -- Cookie spec selected: strict
21:10:21.248 [main] DEBUG com.github.dockerjava.zerodep.shaded.org.apache.hc.client5.http.protocol.RequestAuthCache -- Auth cache not set in the context
21:10:21.248 [main] DEBUG com.github.dockerjava.zerodep.shaded.org.apache.hc.client5.http.impl.classic.ProtocolExec -- ex-00000005: target auth state: UNCHALLENGED
21:10:21.248 [main] DEBUG com.github.dockerjava.zerodep.shaded.org.apache.hc.client5.http.impl.classic.ProtocolExec -- ex-00000005: proxy auth state: UNCHALLENGED
21:10:21.249 [main] DEBUG com.github.dockerjava.zerodep.shaded.org.apache.hc.client5.http.impl.classic.ConnectExec -- ex-00000005: acquiring connection with route {}->npipe://localhost:2375
21:10:21.249 [main] DEBUG com.github.dockerjava.zerodep.shaded.org.apache.hc.client5.http.impl.classic.InternalHttpClient -- ex-00000005: acquiring endpoint (3 MINUTES)
21:10:21.249 [main] DEBUG com.github.dockerjava.zerodep.shaded.org.apache.hc.client5.http.impl.io.PoolingHttpClientConnectionManager -- ex-00000005: endpoint lease request (3 MINUTES) [route: {}->npipe://localhost:2375][total available: 1; route allocated: 1 of 2147483647; total allocated: 1 of 2147483647]
21:10:21.249 [main] DEBUG com.github.dockerjava.zerodep.shaded.org.apache.hc.client5.http.impl.io.PoolingHttpClientConnectionManager -- ex-00000005: endpoint leased [route: {}->npipe://localhost:2375][total available: 0; route allocated: 1 of 2147483647; total allocated: 1 of 2147483647]
21:10:21.249 [main] DEBUG com.github.dockerjava.zerodep.shaded.org.apache.hc.client5.http.impl.io.PoolingHttpClientConnectionManager -- ex-00000005: acquired ep-00000004
21:10:21.249 [main] DEBUG com.github.dockerjava.zerodep.shaded.org.apache.hc.client5.http.impl.classic.InternalHttpClient -- ex-00000005: acquired endpoint ep-00000004
21:10:21.249 [main] DEBUG com.github.dockerjava.zerodep.shaded.org.apache.hc.client5.http.impl.classic.MainClientExec -- ex-00000005: executing POST /v1.32/containers/61caf9da778519bd66d0de2ea4aa241d7c8a5f7a948e5f3d0d37d5cf6bc122ce/start HTTP/1.1
21:10:21.249 [main] DEBUG com.github.dockerjava.zerodep.shaded.org.apache.hc.client5.http.impl.classic.InternalHttpClient -- ep-00000004: start execution ex-00000005
21:10:21.249 [main] DEBUG com.github.dockerjava.zerodep.shaded.org.apache.hc.client5.http.impl.io.PoolingHttpClientConnectionManager -- ep-00000004: executing exchange ex-00000005 over http-outgoing-0
21:10:21.249 [main] DEBUG com.github.dockerjava.zerodep.shaded.org.apache.hc.client5.http.headers -- http-outgoing-0 >> POST /v1.32/containers/61caf9da778519bd66d0de2ea4aa241d7c8a5f7a948e5f3d0d37d5cf6bc122ce/start HTTP/1.1
21:10:21.249 [main] DEBUG com.github.dockerjava.zerodep.shaded.org.apache.hc.client5.http.headers -- http-outgoing-0 >> accept: application/json
21:10:21.249 [main] DEBUG com.github.dockerjava.zerodep.shaded.org.apache.hc.client5.http.headers -- http-outgoing-0 >> content-type: application/json
21:10:21.249 [main] DEBUG com.github.dockerjava.zerodep.shaded.org.apache.hc.client5.http.headers -- http-outgoing-0 >> x-tc-sid: 2a607c29-9f73-4ad7-8e0e-ab764e999503
21:10:21.249 [main] DEBUG com.github.dockerjava.zerodep.shaded.org.apache.hc.client5.http.headers -- http-outgoing-0 >> User-Agent: tc-java/1.19.7
21:10:21.249 [main] DEBUG com.github.dockerjava.zerodep.shaded.org.apache.hc.client5.http.headers -- http-outgoing-0 >> Accept-Encoding: gzip, x-gzip, deflate
21:10:21.249 [main] DEBUG com.github.dockerjava.zerodep.shaded.org.apache.hc.client5.http.headers -- http-outgoing-0 >> Host: localhost:2375
21:10:21.249 [main] DEBUG com.github.dockerjava.zerodep.shaded.org.apache.hc.client5.http.headers -- http-outgoing-0 >> Connection: keep-alive
21:10:21.249 [main] DEBUG com.github.dockerjava.zerodep.shaded.org.apache.hc.client5.http.wire -- http-outgoing-0 >> "POST /v1.32/containers/61caf9da778519bd66d0de2ea4aa241d7c8a5f7a948e5f3d0d37d5cf6bc122ce/start HTTP/1.1[\r][\n]"
21:10:21.249 [main] DEBUG com.github.dockerjava.zerodep.shaded.org.apache.hc.client5.http.wire -- http-outgoing-0 >> "accept: application/json[\r][\n]"
21:10:21.249 [main] DEBUG com.github.dockerjava.zerodep.shaded.org.apache.hc.client5.http.wire -- http-outgoing-0 >> "content-type: application/json[\r][\n]"
21:10:21.249 [main] DEBUG com.github.dockerjava.zerodep.shaded.org.apache.hc.client5.http.wire -- http-outgoing-0 >> "x-tc-sid: 2a607c29-9f73-4ad7-8e0e-ab764e999503[\r][\n]"
21:10:21.249 [main] DEBUG com.github.dockerjava.zerodep.shaded.org.apache.hc.client5.http.wire -- http-outgoing-0 >> "User-Agent: tc-java/1.19.7[\r][\n]"
21:10:21.249 [main] DEBUG com.github.dockerjava.zerodep.shaded.org.apache.hc.client5.http.wire -- http-outgoing-0 >> "Accept-Encoding: gzip, x-gzip, deflate[\r][\n]"
21:10:21.250 [main] DEBUG com.github.dockerjava.zerodep.shaded.org.apache.hc.client5.http.wire -- http-outgoing-0 >> "Host: localhost:2375[\r][\n]"
21:10:21.250 [main] DEBUG com.github.dockerjava.zerodep.shaded.org.apache.hc.client5.http.wire -- http-outgoing-0 >> "Connection: keep-alive[\r][\n]"
21:10:21.250 [main] DEBUG com.github.dockerjava.zerodep.shaded.org.apache.hc.client5.http.wire -- http-outgoing-0 >> "[\r][\n]"
21:10:21.621 [main] DEBUG com.github.dockerjava.zerodep.shaded.org.apache.hc.client5.http.wire -- http-outgoing-0 << "HTTP/1.1 204 No Content[\r][\n]"
21:10:21.621 [main] DEBUG com.github.dockerjava.zerodep.shaded.org.apache.hc.client5.http.wire -- http-outgoing-0 << "Api-Version: 1.47[\r][\n]"
21:10:21.621 [main] DEBUG com.github.dockerjava.zerodep.shaded.org.apache.hc.client5.http.wire -- http-outgoing-0 << "Date: Fri, 09 May 2025 18:10:21 GMT[\r][\n]"
21:10:21.621 [main] DEBUG com.github.dockerjava.zerodep.shaded.org.apache.hc.client5.http.wire -- http-outgoing-0 << "Docker-Experimental: false[\r][\n]"
21:10:21.622 [main] DEBUG com.github.dockerjava.zerodep.shaded.org.apache.hc.client5.http.wire -- http-outgoing-0 << "Ostype: linux[\r][\n]"
21:10:21.622 [main] DEBUG com.github.dockerjava.zerodep.shaded.org.apache.hc.client5.http.wire -- http-outgoing-0 << "Server: Docker/27.3.1 (linux)[\r][\n]"
21:10:21.622 [main] DEBUG com.github.dockerjava.zerodep.shaded.org.apache.hc.client5.http.wire -- http-outgoing-0 << "[\r][\n]"
21:10:21.622 [main] DEBUG com.github.dockerjava.zerodep.shaded.org.apache.hc.client5.http.headers -- http-outgoing-0 << HTTP/1.1 204 No Content
21:10:21.622 [main] DEBUG com.github.dockerjava.zerodep.shaded.org.apache.hc.client5.http.headers -- http-outgoing-0 << Api-Version: 1.47
21:10:21.622 [main] DEBUG com.github.dockerjava.zerodep.shaded.org.apache.hc.client5.http.headers -- http-outgoing-0 << Date: Fri, 09 May 2025 18:10:21 GMT
21:10:21.622 [main] DEBUG com.github.dockerjava.zerodep.shaded.org.apache.hc.client5.http.headers -- http-outgoing-0 << Docker-Experimental: false
21:10:21.622 [main] DEBUG com.github.dockerjava.zerodep.shaded.org.apache.hc.client5.http.headers -- http-outgoing-0 << Ostype: linux
21:10:21.622 [main] DEBUG com.github.dockerjava.zerodep.shaded.org.apache.hc.client5.http.headers -- http-outgoing-0 << Server: Docker/27.3.1 (linux)
21:10:21.622 [main] DEBUG com.github.dockerjava.zerodep.shaded.org.apache.hc.client5.http.impl.classic.MainClientExec -- ex-00000005: connection can be kept alive for 3 MINUTES
21:10:21.622 [main] DEBUG com.github.dockerjava.zerodep.shaded.org.apache.hc.client5.http.impl.classic.InternalHttpClient -- ep-00000004: releasing valid endpoint
21:10:21.622 [main] DEBUG com.github.dockerjava.zerodep.shaded.org.apache.hc.client5.http.impl.io.PoolingHttpClientConnectionManager -- ep-00000004: releasing endpoint
21:10:21.623 [main] DEBUG com.github.dockerjava.zerodep.shaded.org.apache.hc.client5.http.impl.io.PoolingHttpClientConnectionManager -- ep-00000004: connection http-outgoing-0 can be kept alive for 3 MINUTES
21:10:21.623 [main] DEBUG com.github.dockerjava.zerodep.shaded.org.apache.hc.client5.http.impl.io.PoolingHttpClientConnectionManager -- ep-00000004: connection released [route: {}->npipe://localhost:2375][total available: 1; route allocated: 1 of 2147483647; total allocated: 1 of 2147483647]
21:10:21.632 [main] DEBUG org.testcontainers.shaded.com.github.dockerjava.core.command.AbstrDockerCmd -- Cmd: 61caf9da778519bd66d0de2ea4aa241d7c8a5f7a948e5f3d0d37d5cf6bc122ce,false
21:10:21.632 [main] DEBUG org.testcontainers.shaded.com.github.dockerjava.core.exec.InspectContainerCmdExec -- GET: DefaultWebTarget{path=[/containers/61caf9da778519bd66d0de2ea4aa241d7c8a5f7a948e5f3d0d37d5cf6bc122ce/json], queryParams={}}
21:10:21.633 [main] DEBUG com.github.dockerjava.zerodep.shaded.org.apache.hc.client5.http.impl.classic.InternalHttpClient -- ex-00000006: preparing request execution
21:10:21.633 [main] DEBUG com.github.dockerjava.zerodep.shaded.org.apache.hc.client5.http.protocol.RequestAddCookies -- Cookie spec selected: strict
21:10:21.633 [main] DEBUG com.github.dockerjava.zerodep.shaded.org.apache.hc.client5.http.protocol.RequestAuthCache -- Auth cache not set in the context
21:10:21.633 [main] DEBUG com.github.dockerjava.zerodep.shaded.org.apache.hc.client5.http.impl.classic.ProtocolExec -- ex-00000006: target auth state: UNCHALLENGED
21:10:21.633 [main] DEBUG com.github.dockerjava.zerodep.shaded.org.apache.hc.client5.http.impl.classic.ProtocolExec -- ex-00000006: proxy auth state: UNCHALLENGED
21:10:21.633 [main] DEBUG com.github.dockerjava.zerodep.shaded.org.apache.hc.client5.http.impl.classic.ConnectExec -- ex-00000006: acquiring connection with route {}->npipe://localhost:2375
21:10:21.633 [main] DEBUG com.github.dockerjava.zerodep.shaded.org.apache.hc.client5.http.impl.classic.InternalHttpClient -- ex-00000006: acquiring endpoint (3 MINUTES)
21:10:21.633 [main] DEBUG com.github.dockerjava.zerodep.shaded.org.apache.hc.client5.http.impl.io.PoolingHttpClientConnectionManager -- ex-00000006: endpoint lease request (3 MINUTES) [route: {}->npipe://localhost:2375][total available: 1; route allocated: 1 of 2147483647; total allocated: 1 of 2147483647]
21:10:21.633 [main] DEBUG com.github.dockerjava.zerodep.shaded.org.apache.hc.client5.http.impl.io.PoolingHttpClientConnectionManager -- ex-00000006: endpoint leased [route: {}->npipe://localhost:2375][total available: 0; route allocated: 1 of 2147483647; total allocated: 1 of 2147483647]
21:10:21.634 [main] DEBUG com.github.dockerjava.zerodep.shaded.org.apache.hc.client5.http.impl.io.PoolingHttpClientConnectionManager -- ex-00000006: acquired ep-00000005
21:10:21.634 [main] DEBUG com.github.dockerjava.zerodep.shaded.org.apache.hc.client5.http.impl.classic.InternalHttpClient -- ex-00000006: acquired endpoint ep-00000005
21:10:21.634 [main] DEBUG com.github.dockerjava.zerodep.shaded.org.apache.hc.client5.http.impl.classic.MainClientExec -- ex-00000006: executing GET /v1.32/containers/61caf9da778519bd66d0de2ea4aa241d7c8a5f7a948e5f3d0d37d5cf6bc122ce/json HTTP/1.1
21:10:21.634 [main] DEBUG com.github.dockerjava.zerodep.shaded.org.apache.hc.client5.http.impl.classic.InternalHttpClient -- ep-00000005: start execution ex-00000006
21:10:21.634 [main] DEBUG com.github.dockerjava.zerodep.shaded.org.apache.hc.client5.http.impl.io.PoolingHttpClientConnectionManager -- ep-00000005: executing exchange ex-00000006 over http-outgoing-0
21:10:21.634 [main] DEBUG com.github.dockerjava.zerodep.shaded.org.apache.hc.client5.http.headers -- http-outgoing-0 >> GET /v1.32/containers/61caf9da778519bd66d0de2ea4aa241d7c8a5f7a948e5f3d0d37d5cf6bc122ce/json HTTP/1.1
21:10:21.634 [main] DEBUG com.github.dockerjava.zerodep.shaded.org.apache.hc.client5.http.headers -- http-outgoing-0 >> accept: application/json
21:10:21.634 [main] DEBUG com.github.dockerjava.zerodep.shaded.org.apache.hc.client5.http.headers -- http-outgoing-0 >> x-tc-sid: 2a607c29-9f73-4ad7-8e0e-ab764e999503
21:10:21.634 [main] DEBUG com.github.dockerjava.zerodep.shaded.org.apache.hc.client5.http.headers -- http-outgoing-0 >> User-Agent: tc-java/1.19.7
21:10:21.634 [main] DEBUG com.github.dockerjava.zerodep.shaded.org.apache.hc.client5.http.headers -- http-outgoing-0 >> Accept-Encoding: gzip, x-gzip, deflate
21:10:21.634 [main] DEBUG com.github.dockerjava.zerodep.shaded.org.apache.hc.client5.http.headers -- http-outgoing-0 >> Host: localhost:2375
21:10:21.634 [main] DEBUG com.github.dockerjava.zerodep.shaded.org.apache.hc.client5.http.headers -- http-outgoing-0 >> Connection: keep-alive
21:10:21.634 [main] DEBUG com.github.dockerjava.zerodep.shaded.org.apache.hc.client5.http.wire -- http-outgoing-0 >> "GET /v1.32/containers/61caf9da778519bd66d0de2ea4aa241d7c8a5f7a948e5f3d0d37d5cf6bc122ce/json HTTP/1.1[\r][\n]"
21:10:21.634 [main] DEBUG com.github.dockerjava.zerodep.shaded.org.apache.hc.client5.http.wire -- http-outgoing-0 >> "accept: application/json[\r][\n]"
21:10:21.634 [main] DEBUG com.github.dockerjava.zerodep.shaded.org.apache.hc.client5.http.wire -- http-outgoing-0 >> "x-tc-sid: 2a607c29-9f73-4ad7-8e0e-ab764e999503[\r][\n]"
21:10:21.635 [main] DEBUG com.github.dockerjava.zerodep.shaded.org.apache.hc.client5.http.wire -- http-outgoing-0 >> "User-Agent: tc-java/1.19.7[\r][\n]"
21:10:21.635 [main] DEBUG com.github.dockerjava.zerodep.shaded.org.apache.hc.client5.http.wire -- http-outgoing-0 >> "Accept-Encoding: gzip, x-gzip, deflate[\r][\n]"
21:10:21.635 [main] DEBUG com.github.dockerjava.zerodep.shaded.org.apache.hc.client5.http.wire -- http-outgoing-0 >> "Host: localhost:2375[\r][\n]"
21:10:21.635 [main] DEBUG com.github.dockerjava.zerodep.shaded.org.apache.hc.client5.http.wire -- http-outgoing-0 >> "Connection: keep-alive[\r][\n]"
21:10:21.635 [main] DEBUG com.github.dockerjava.zerodep.shaded.org.apache.hc.client5.http.wire -- http-outgoing-0 >> "[\r][\n]"
21:10:21.639 [main] DEBUG com.github.dockerjava.zerodep.shaded.org.apache.hc.client5.http.wire -- http-outgoing-0 << "HTTP/1.1 200 OK[\r][\n]"
21:10:21.639 [main] DEBUG com.github.dockerjava.zerodep.shaded.org.apache.hc.client5.http.wire -- http-outgoing-0 << "Api-Version: 1.47[\r][\n]"
21:10:21.639 [main] DEBUG com.github.dockerjava.zerodep.shaded.org.apache.hc.client5.http.wire -- http-outgoing-0 << "Content-Type: application/json[\r][\n]"
21:10:21.639 [main] DEBUG com.github.dockerjava.zerodep.shaded.org.apache.hc.client5.http.wire -- http-outgoing-0 << "Date: Fri, 09 May 2025 18:10:21 GMT[\r][\n]"
21:10:21.639 [main] DEBUG com.github.dockerjava.zerodep.shaded.org.apache.hc.client5.http.wire -- http-outgoing-0 << "Docker-Experimental: false[\r][\n]"
21:10:21.639 [main] DEBUG com.github.dockerjava.zerodep.shaded.org.apache.hc.client5.http.wire -- http-outgoing-0 << "Ostype: linux[\r][\n]"
21:10:21.640 [main] DEBUG com.github.dockerjava.zerodep.shaded.org.apache.hc.client5.http.wire -- http-outgoing-0 << "Server: Docker/27.3.1 (linux)[\r][\n]"
21:10:21.640 [main] DEBUG com.github.dockerjava.zerodep.shaded.org.apache.hc.client5.http.wire -- http-outgoing-0 << "Transfer-Encoding: chunked[\r][\n]"
21:10:21.640 [main] DEBUG com.github.dockerjava.zerodep.shaded.org.apache.hc.client5.http.wire -- http-outgoing-0 << "[\r][\n]"
21:10:21.640 [main] DEBUG com.github.dockerjava.zerodep.shaded.org.apache.hc.client5.http.headers -- http-outgoing-0 << HTTP/1.1 200 OK
21:10:21.640 [main] DEBUG com.github.dockerjava.zerodep.shaded.org.apache.hc.client5.http.headers -- http-outgoing-0 << Api-Version: 1.47
21:10:21.640 [main] DEBUG com.github.dockerjava.zerodep.shaded.org.apache.hc.client5.http.headers -- http-outgoing-0 << Content-Type: application/json
21:10:21.640 [main] DEBUG com.github.dockerjava.zerodep.shaded.org.apache.hc.client5.http.headers -- http-outgoing-0 << Date: Fri, 09 May 2025 18:10:21 GMT
21:10:21.640 [main] DEBUG com.github.dockerjava.zerodep.shaded.org.apache.hc.client5.http.headers -- http-outgoing-0 << Docker-Experimental: false
21:10:21.640 [main] DEBUG com.github.dockerjava.zerodep.shaded.org.apache.hc.client5.http.headers -- http-outgoing-0 << Ostype: linux
21:10:21.640 [main] DEBUG com.github.dockerjava.zerodep.shaded.org.apache.hc.client5.http.headers -- http-outgoing-0 << Server: Docker/27.3.1 (linux)
21:10:21.640 [main] DEBUG com.github.dockerjava.zerodep.shaded.org.apache.hc.client5.http.headers -- http-outgoing-0 << Transfer-Encoding: chunked
21:10:21.640 [main] DEBUG com.github.dockerjava.zerodep.shaded.org.apache.hc.client5.http.impl.classic.MainClientExec -- ex-00000006: connection can be kept alive for 3 MINUTES
21:10:21.642 [main] DEBUG com.github.dockerjava.zerodep.shaded.org.apache.hc.client5.http.wire -- http-outgoing-0 << "1082[\r][\n]"
21:10:21.642 [main] DEBUG com.github.dockerjava.zerodep.shaded.org.apache.hc.client5.http.wire -- http-outgoing-0 << "{"Id":"61caf9da778519bd66d0de2ea4aa241d7c8a5f7a948e5f3d0d37d5cf6bc122ce","Created":"2025-05-09T18:10:21.181805068Z","Path":"/bin/ryuk","Args":[],"State":{"Status":"running","Running":true,"Paused":false,"Restarting":false,"OOMKilled":false,"Dead":false,"Pid":1841,"ExitCode":0,"Error":"","StartedAt":"2025-05-09T18:10:21.288912302Z","FinishedAt":"0001-01-01T00:00:00Z"},"Image":"sha256:739f19eb83b1710f22ff452d7bec9cdd3f53d0ba5ff4096c6516a85de88eba0c","ResolvConfPath":"/var/lib/docker/containers/61caf9da778519bd66d0de2ea4aa241d7c8a5f7a948e5f3d0d37d5cf6bc122ce/resolv.conf","HostnamePath":"/var/lib/docker/containers/61caf9da778519bd66d0de2ea4aa241d7c8a5f7a948e5f3d0d37d5cf6bc122ce/hostname","HostsPath":"/var/lib/docker/containers/61caf9da778519bd66d0de2ea4aa241d7c8a5f7a948e5f3d0d37d5cf6bc122ce/hosts","LogPath":"/var/lib/docker/containers/61caf9da778519bd66d0de2ea4aa241d7c8a5f7a948e5f3d0d37d5cf6bc122ce/61caf9da778519bd66d0de2ea4aa241d7c8a5f7a948e5f3d0d37d5cf6bc122ce-json.log","Name":"/testcontainers-ryuk-2a607c29-9f73-4ad7-8e0e-ab764e999503","RestartCount":0,"Driver":"overlayfs","Platform":"linux","MountLabel":"","ProcessLabel":"","AppArmorProfile":"","ExecIDs":null,"HostConfig":{"Binds":["//var/run/docker.sock:/var/run/docker.sock:rw"],"ContainerIDFile":"","LogConfig":{"Type":"json-file","Config":{}},"NetworkMode":"bridge","PortBindings":{"8080/tcp":[{"HostIp":"0.0.0.0","HostPort":"0"}]},"RestartPolicy":{"Name":"no","MaximumRetryCount":0},"AutoRemove":true,"VolumeDriver":"","VolumesFrom":[],"ConsoleSize":[0,0],"CapAdd":null,"CapDrop":null,"CgroupnsMode":"host","Dns":null,"DnsOptions":null,"DnsSearch":null,"ExtraHosts":[],"GroupAdd":null,"IpcMode":"shareable","Cgroup":"","Links":null,"OomScoreAdj":0,"PidMode":"","Privileged":true,"PublishAllPorts":false,"ReadonlyRootfs":false,"SecurityOpt":["label=disable"],"UTSMode":"","UsernsMode":"","ShmSize":67108864,"Runtime":"runc","Isolation":"","CpuShares":0,"Memory":0,"NanoCpus":0,"CgroupParent":"","BlkioWeight":0,"BlkioWeightDevice":null,"BlkioDeviceReadBps":null,"BlkioDeviceWriteBps":null,"BlkioDeviceReadIOps":null,"BlkioDeviceWriteIOps":null,"CpuPeriod":0,"CpuQuota":0,"CpuRealtimePeriod":0,"CpuRealtimeRuntime":0,"CpusetCpus":"","CpusetMems":"","Devices":null,"DeviceCgroupRules":null,"DeviceRequests":null,"MemoryReservation":0,"MemorySwap":0,"MemorySwappiness":null,"OomKillDisable":false,"PidsLimit":null,"Ulimits":null,"CpuCount":0,"CpuPercent":0,"IOMaximumIOps":0,"IOMaximumBandwidth":0,"MaskedPaths":null,"ReadonlyPaths":null},"GraphDriver":{"Data":null,"Name":"overlayfs"},"Mounts":[{"Type":"bind","Source":"//var/run/docker.sock","Destination":"/var/run/docker.sock","Mode":"rw","RW":true,"Propagation":"rprivate"}],"Config":{"Hostname":"61caf9da7785","Domainname":"","User":"","AttachStdin":false,"AttachStdout":false,"AttachStderr":false,"ExposedPorts":{"8080/tcp":{}},"Tty":false,"OpenStdin":false,"StdinOnce":false,"Env":["PATH=/usr/local/sbin:/usr/local/bin:/usr/sbin:/usr/bin:/sbin:/bin"],"Cmd":["/bin/ryuk"],"Image":"testcontainers/ryuk:0.6.0","Volumes":null,"WorkingDir":"","Entrypoint":null,"OnBuild":null,"Labels":{"org.testcontainers":"true","org.testcontainers.lang":"java","org.testcontainers.ryuk":"true","org.testcontainers.version":"1.19.7"}},"NetworkSettings":{"Bridge":"","SandboxID":"a8fc081fffac242e056a03bf33eb9f32e50bbaca79ed933fbe278e8e42faafa0","SandboxKey":"/var/run/docker/netns/a8fc081fffac","Ports":{"8080/tcp":[]},"HairpinMode":false,"LinkLocalIPv6Address":"","LinkLocalIPv6PrefixLen":0,"SecondaryIPAddresses":null,"SecondaryIPv6Addresses":null,"EndpointID":"07c1965284a77e9d366bd52bc3256c033bcee1ba43cf9908e6011d7ecf2946d6","Gateway":"172.17.0.1","GlobalIPv6Address":"","GlobalIPv6PrefixLen":0,"
[...]
        o1_0.id=?
Hibernate: 
    select
        o1_0.id,
        o1_0.birth_date,
        o1_0.name 
    from
        owners o1_0 
    where
        o1_0.id=?
21:10:34.461 [main] DEBUG org.hibernate.orm.results.loading.entity -- (EntityResultInitializer) Hydrated EntityKey (org.lab2.Owners.Owner): 3
21:10:34.461 [main] DEBUG org.hibernate.orm.results -- Extracted JDBC value [0] - [3]
21:10:34.461 [main] DEBUG org.hibernate.orm.results.loading.org.hibernate.orm.results.loading.collection -- (DelayedCollectionInitializer) Current row collection key : org.lab2.Owners.Owner.pets#3
21:10:34.461 [main] DEBUG org.hibernate.orm.results.loading.entity -- (EntityResultInitializer) Created new entity instance [org.lab2.Owners.Owner#3] : 1139678455
21:10:34.462 [main] DEBUG org.hibernate.orm.results -- Extracted JDBC value [1] - [2000-01-01]
21:10:34.462 [main] DEBUG org.hibernate.orm.results -- Extracted JDBC value [2] - [????]
21:10:34.462 [main] DEBUG org.hibernate.orm.results.loading.entity -- (EntityResultInitializer) Done materializing entityInstance : org.lab2.Owners.Owner#3
21:10:34.462 [main] DEBUG org.hibernate.orm.results.loading -- Calling top-level assembler (0 / 1) : org.hibernate.sql.results.graph.entity.internal.EntityAssembler@5b1f5fcc
21:10:34.462 [main] DEBUG org.hibernate.resource.jdbc.internal.LogicalConnectionManagedImpl -- Initiating JDBC connection release from afterTransaction
]]></system-out>
  </testcase>
  <testcase name="testDeleteOwner_InvalidId_ThrowsException" classname="org.lab2.OwnerDAOTest" time="0.002"/>
  <testcase name="testGetOwnerById" classname="org.lab2.OwnerDAOTest" time="0.062">
    <system-out><![CDATA[21:10:34.477 [main] DEBUG org.hibernate.engine.transaction.internal.TransactionImpl -- On TransactionImpl creation, JpaCompliance#isJpaTransactionComplianceEnabled == false
21:10:34.477 [main] DEBUG org.hibernate.engine.transaction.internal.TransactionImpl -- begin
21:10:34.477 [main] DEBUG org.hibernate.engine.spi.ActionQueue -- Executing identity-insert immediately
21:10:34.477 [main] DEBUG org.hibernate.SQL -- 
    insert 
    into
        owners
        (birth_date, name) 
    values
        (?, ?)
Hibernate: 
    insert 
    into
        owners
        (birth_date, name) 
    values
        (?, ?)
21:10:34.522 [main] DEBUG org.hibernate.id.IdentifierGeneratorHelper -- Natively generated identity (org.lab2.Owners.Owner) : 4
21:10:34.522 [main] DEBUG org.hibernate.resource.jdbc.internal.ResourceRegistryStandardImpl -- HHH000387: ResultSet's statement was not registered
21:10:34.522 [main] DEBUG org.hibernate.resource.jdbc.internal.ResourceRegistryStandardImpl -- Exception clearing maxRows/queryTimeout [???? statement ??? ??????.]
21:10:34.523 [main] DEBUG org.hibernate.engine.transaction.internal.TransactionImpl -- committing
21:10:34.523 [main] DEBUG org.hibernate.event.internal.AbstractFlushingEventListener -- Processing flush-time cascades
21:10:34.523 [main] DEBUG org.hibernate.event.internal.AbstractFlushingEventListener -- Dirty checking collections
21:10:34.523 [main] DEBUG org.hibernate.engine.internal.Collections -- Collection found: [org.lab2.Owners.Owner.pets#4], was: [<unreferenced>] (initialized)
21:10:34.523 [main] DEBUG org.hibernate.event.internal.AbstractFlushingEventListener -- Flushed: 0 insertions, 0 updates, 0 deletions to 1 objects
21:10:34.523 [main] DEBUG org.hibernate.event.internal.AbstractFlushingEventListener -- Flushed: 1 (re)creations, 0 updates, 0 removals to 1 collections
21:10:34.523 [main] DEBUG org.hibernate.internal.util.EntityPrinter -- Listing entities:
21:10:34.523 [main] DEBUG org.hibernate.internal.util.EntityPrinter -- org.lab2.Owners.Owner{pets=[], name=????, id=4, birthDate=2000-01-01}
21:10:34.530 [main] DEBUG org.hibernate.resource.jdbc.internal.LogicalConnectionManagedImpl -- Initiating JDBC connection release from afterTransaction
21:10:34.530 [main] DEBUG org.hibernate.resource.jdbc.internal.LogicalConnectionManagedImpl -- Initiating JDBC connection release from afterTransaction
21:10:34.530 [main] DEBUG org.hibernate.orm.sql.exec -- Skipping reading Query result cache data: cache-enabled = false, cache-mode = IGNORE
21:10:34.531 [main] DEBUG org.hibernate.orm.results -- Initializer list:
	  org.lab2.Owners.Owner.pets -> DelayedCollectionInitializer(org.lab2.Owners.Owner.pets)@1328225951 (PluralAttribute(org.lab2.Owners.Owner.pets))
	  org.lab2.Owners.Owner -> EntityResultInitializer(org.lab2.Owners.Owner)@2130299045 (SingleTableEntityPersister(org.lab2.Owners.Owner))

21:10:34.531 [main] DEBUG org.hibernate.SQL -- 
    select
        o1_0.id,
        o1_0.birth_date,
        o1_0.name 
    from
        owners o1_0 
    where
        o1_0.id=?
Hibernate: 
    select
        o1_0.id,
        o1_0.birth_date,
        o1_0.name 
    from
        owners o1_0 
    where
        o1_0.id=?
21:10:34.534 [main] DEBUG org.hibernate.orm.results.loading.entity -- (EntityResultInitializer) Hydrated EntityKey (org.lab2.Owners.Owner): 4
21:10:34.535 [main] DEBUG org.hibernate.orm.results -- Extracted JDBC value [0] - [4]
21:10:34.535 [main] DEBUG org.hibernate.orm.results.loading.org.hibernate.orm.results.loading.collection -- (DelayedCollectionInitializer) Current row collection key : org.lab2.Owners.Owner.pets#4
21:10:34.535 [main] DEBUG org.hibernate.orm.results.loading.entity -- (EntityResultInitializer) Created new entity instance [org.lab2.Owners.Owner#4] : 474324008
21:10:34.535 [main] DEBUG org.hibernate.orm.results -- Extracted JDBC value [1] - [2000-01-01]
21:10:34.535 [main] DEBUG org.hibernate.orm.results -- Extracted JDBC value [2] - [????]
21:10:34.536 [main] DEBUG org.hibernate.orm.results.loading.entity -- (EntityResultInitializer) Done materializing entityInstance : org.lab2.Owners.Owner#4
21:10:34.536 [main] DEBUG org.hibernate.orm.results.loading -- Calling top-level assembler (0 / 1) : org.hibernate.sql.results.graph.entity.internal.EntityAssembler@4a3509b0
21:10:34.536 [main] DEBUG org.hibernate.resource.jdbc.internal.LogicalConnectionManagedImpl -- Initiating JDBC connection release from afterTransaction
]]></system-out>
  </testcase>
  <testcase name="testFindAllOwners" classname="org.lab2.OwnerDAOTest" time="0.687">
    <system-out><![CDATA[21:10:34.541 [main] DEBUG org.hibernate.engine.transaction.internal.TransactionImpl -- On TransactionImpl creation, JpaCompliance#isJpaTransactionComplianceEnabled == false
21:10:34.541 [main] DEBUG org.hibernate.engine.transaction.internal.TransactionImpl -- begin
21:10:34.542 [main] DEBUG org.hibernate.engine.spi.ActionQueue -- Executing identity-insert immediately
21:10:34.542 [main] DEBUG org.hibernate.SQL -- 
    insert 
    into
        owners
        (birth_date, name) 
    values
        (?, ?)
Hibernate: 
    insert 
    into
        owners
        (birth_date, name) 
    values
        (?, ?)
21:10:34.546 [main] DEBUG org.hibernate.id.IdentifierGeneratorHelper -- Natively generated identity (org.lab2.Owners.Owner) : 5
21:10:34.546 [main] DEBUG org.hibernate.resource.jdbc.internal.ResourceRegistryStandardImpl -- HHH000387: ResultSet's statement was not registered
21:10:34.546 [main] DEBUG org.hibernate.resource.jdbc.internal.ResourceRegistryStandardImpl -- Exception clearing maxRows/queryTimeout [???? statement ??? ??????.]
21:10:34.547 [main] DEBUG org.hibernate.engine.transaction.internal.TransactionImpl -- committing
21:10:34.547 [main] DEBUG org.hibernate.event.internal.AbstractFlushingEventListener -- Processing flush-time cascades
21:10:34.547 [main] DEBUG org.hibernate.event.internal.AbstractFlushingEventListener -- Dirty checking collections
21:10:34.547 [main] DEBUG org.hibernate.engine.internal.Collections -- Collection found: [org.lab2.Owners.Owner.pets#5], was: [<unreferenced>] (initialized)
21:10:34.547 [main] DEBUG org.hibernate.event.internal.AbstractFlushingEventListener -- Flushed: 0 insertions, 0 updates, 0 deletions to 1 objects
21:10:34.547 [main] DEBUG org.hibernate.event.internal.AbstractFlushingEventListener -- Flushed: 1 (re)creations, 0 updates, 0 removals to 1 collections
21:10:34.547 [main] DEBUG org.hibernate.internal.util.EntityPrinter -- Listing entities:
21:10:34.547 [main] DEBUG org.hibernate.internal.util.EntityPrinter -- org.lab2.Owners.Owner{pets=[], name=????, id=5, birthDate=2000-01-01}
21:10:34.549 [main] DEBUG org.hibernate.resource.jdbc.internal.LogicalConnectionManagedImpl -- Initiating JDBC connection release from afterTransaction
21:10:34.549 [main] DEBUG org.hibernate.resource.jdbc.internal.LogicalConnectionManagedImpl -- Initiating JDBC connection release from afterTransaction
21:10:34.550 [main] DEBUG org.hibernate.engine.transaction.internal.TransactionImpl -- On TransactionImpl creation, JpaCompliance#isJpaTransactionComplianceEnabled == false
21:10:34.550 [main] DEBUG org.hibernate.engine.transaction.internal.TransactionImpl -- begin
21:10:34.550 [main] DEBUG org.hibernate.engine.spi.ActionQueue -- Executing identity-insert immediately
21:10:34.550 [main] DEBUG org.hibernate.SQL -- 
    insert 
    into
        owners
        (birth_date, name) 
    values
        (?, ?)
Hibernate: 
    insert 
    into
        owners
        (birth_date, name) 
    values
        (?, ?)
21:10:34.555 [main] DEBUG org.hibernate.id.IdentifierGeneratorHelper -- Natively generated identity (org.lab2.Owners.Owner) : 6
21:10:34.555 [main] DEBUG org.hibernate.resource.jdbc.internal.ResourceRegistryStandardImpl -- HHH000387: ResultSet's statement was not registered
21:10:34.555 [main] DEBUG org.hibernate.resource.jdbc.internal.ResourceRegistryStandardImpl -- Exception clearing maxRows/queryTimeout [???? statement ??? ??????.]
21:10:34.555 [main] DEBUG org.hibernate.engine.transaction.internal.TransactionImpl -- committing
21:10:34.556 [main] DEBUG org.hibernate.event.internal.AbstractFlushingEventListener -- Processing flush-time cascades
21:10:34.556 [main] DEBUG org.hibernate.event.internal.AbstractFlushingEventListener -- Dirty checking collections
21:10:34.556 [main] DEBUG org.hibernate.engine.internal.Collections -- Collection found: [org.lab2.Owners.Owner.pets#6], was: [<unreferenced>] (initialized)
21:10:34.556 [main] DEBUG org.hibernate.event.internal.AbstractFlushingEventListener -- Flushed: 0 insertions, 0 updates, 0 deletions to 1 objects
21:10:34.556 [main] DEBUG org.hibernate.event.internal.AbstractFlushingEventListener -- Flushed: 1 (re)creations, 0 updates, 0 removals to 1 collections
21:10:34.556 [main] DEBUG org.hibernate.internal.util.EntityPrinter -- Listing entities:
21:10:34.556 [main] DEBUG org.hibernate.internal.util.EntityPrinter -- org.lab2.Owners.Owner{pets=[], name=????, id=6, birthDate=1995-05-15}
21:10:34.558 [main] DEBUG org.hibernate.resource.jdbc.internal.LogicalConnectionManagedImpl -- Initiating JDBC connection release from afterTransaction
21:10:34.558 [main] DEBUG org.hibernate.resource.jdbc.internal.LogicalConnectionManagedImpl -- Initiating JDBC connection release from afterTransaction
21:10:34.562 [main] DEBUG org.hibernate.orm.query.hql -- HQL : SELECT c FROM Owner c
21:10:35.087 [main] DEBUG org.hibernate.orm.query.sqm.ast -- SqmStatement Tree :
    -> [select]
      -> [query-spec]
        -> [select]
          -> [selection]
            -> [root] - `org.lab2.Owners.Owner(c)`
            <- [root] - `org.lab2.Owners.Owner(c)`
          <- [selection]
        <- [select]
        -> [from]
          -> [root] - `org.lab2.Owners.Owner(c)`
          <- [root] - `org.lab2.Owners.Owner(c)`
        <- [from]
      <- [query-spec]
    <- [select]

21:10:35.191 [main] DEBUG org.hibernate.orm.sql.ast.create -- Created new SQL alias : o1_0
21:10:35.192 [main] DEBUG org.hibernate.orm.sql.ast.create -- Registration of TableGroup [StandardTableGroup(org.lab2.Owners.Owner(c))] with identifierForTableGroup [org.lab2.Owners.Owner] for NavigablePath [org.lab2.Owners.Owner] 
21:10:35.205 [main] DEBUG org.hibernate.orm.results.graph.AST -- DomainResult Graph:
 \-EntityResultImpl [org.lab2.Owners.Owner(c)]
 |  +-BasicFetch [org.lab2.Owners.Owner(c).birthDate]
 |  +-BasicFetch [org.lab2.Owners.Owner(c).name]
 |  \-DelayedCollectionFetch [org.lab2.Owners.Owner(c).pets]

21:10:35.205 [main] DEBUG org.hibernate.orm.sql.ast.tree -- SQL AST Tree:
    SelectStatement {
      FromClause {
        StandardTableGroup (o1 : org.lab2.Owners.Owner(c)) {
          primaryTableReference : owners as o1_0
        }
      }
    }

21:10:35.208 [main] DEBUG org.hibernate.orm.sql.exec -- Skipping reading Query result cache data: cache-enabled = false, cache-mode = NORMAL
21:10:35.208 [main] DEBUG org.hibernate.orm.results -- Initializer list:
	  org.lab2.Owners.Owner(c).pets -> DelayedCollectionInitializer(org.lab2.Owners.Owner(c).pets)@1155317988 (PluralAttribute(org.lab2.Owners.Owner.pets))
	  org.lab2.Owners.Owner(c) -> EntityResultInitializer(org.lab2.Owners.Owner(c))@555019034 (SingleTableEntityPersister(org.lab2.Owners.Owner))

21:10:35.208 [main] DEBUG org.hibernate.SQL -- 
    select
        o1_0.id,
        o1_0.birth_date,
        o1_0.name 
    from
        owners o1_0
Hibernate: 
    select
        o1_0.id,
        o1_0.birth_date,
        o1_0.name 
    from
        owners o1_0
21:10:35.213 [main] DEBUG org.hibernate.orm.results -- Extracted JDBC value [0] - [2]
21:10:35.213 [main] DEBUG org.hibernate.orm.results.loading.entity -- (EntityResultInitializer) Hydrated EntityKey (org.lab2.Owners.Owner(c)): 2
21:10:35.213 [main] DEBUG org.hibernate.orm.results -- Extracted JDBC value [0] - [2]
21:10:35.213 [main] DEBUG org.hibernate.orm.results.loading.org.hibernate.orm.results.loading.collection -- (DelayedCollectionInitializer) Current row collection key : org.lab2.Owners.Owner(c).pets#2
21:10:35.213 [main] DEBUG org.hibernate.orm.results.loading.entity -- (EntityResultInitializer) Created new entity instance [org.lab2.Owners.Owner(c)#2] : 1009195400
21:10:35.215 [main] DEBUG org.hibernate.orm.results -- Extracted JDBC value [1] - [2000-01-01]
21:10:35.215 [main] DEBUG org.hibernate.orm.results -- Extracted JDBC value [2] - [????]
21:10:35.215 [main] DEBUG org.hibernate.orm.results.loading.entity -- (EntityResultInitializer) Done materializing entityInstance : org.lab2.Owners.Owner(c)#2
21:10:35.215 [main] DEBUG org.hibernate.orm.results.loading -- Calling top-level assembler (0 / 1) : org.hibernate.sql.results.graph.entity.internal.EntityAssembler@25b83dce
21:10:35.215 [main] DEBUG org.hibernate.orm.results -- Extracted JDBC value [0] - [3]
21:10:35.215 [main] DEBUG org.hibernate.orm.results.loading.entity -- (EntityResultInitializer) Hydrated EntityKey (org.lab2.Owners.Owner(c)): 3
21:10:35.215 [main] DEBUG org.hibernate.orm.results -- Extracted JDBC value [0] - [3]
21:10:35.215 [main] DEBUG org.hibernate.orm.results.loading.org.hibernate.orm.results.loading.collection -- (DelayedCollectionInitializer) Current row collection key : org.lab2.Owners.Owner(c).pets#3
21:10:35.216 [main] DEBUG org.hibernate.orm.results.loading.entity -- (EntityResultInitializer) Created new entity instance [org.lab2.Owners.Owner(c)#3] : 1959627861
21:10:35.216 [main] DEBUG org.hibernate.orm.results -- Extracted JDBC value [1] - [2000-01-01]
21:10:35.216 [main] DEBUG org.hibernate.orm.results -- Extracted JDBC value [2] - [????]
21:10:35.216 [main] DEBUG org.hibernate.orm.results.loading.entity -- (EntityResultInitializer) Done materializing entityInstance : org.lab2.Owners.Owner(c)#3
21:10:35.216 [main] DEBUG org.hibernate.orm.results.loading -- Calling top-level assembler (0 / 1) : org.hibernate.sql.results.graph.entity.internal.EntityAssembler@25b83dce
21:10:35.216 [main] DEBUG org.hibernate.orm.results -- Extracted JDBC value [0] - [4]
21:10:35.216 [main] DEBUG org.hibernate.orm.results.loading.entity -- (EntityResultInitializer) Hydrated EntityKey (org.lab2.Owners.Owner(c)): 4
21:10:35.217 [main] DEBUG org.hibernate.orm.results -- Extracted JDBC value [0] - [4]
21:10:35.217 [main] DEBUG org.hibernate.orm.results.loading.org.hibernate.orm.results.loading.collection -- (DelayedCollectionInitializer) Current row collection key : org.lab2.Owners.Owner(c).pets#4
21:10:35.217 [main] DEBUG org.hibernate.orm.results.loading.entity -- (EntityResultInitializer) Created new entity instance [org.lab2.Owners.Owner(c)#4] : 1172527629
21:10:35.217 [main] DEBUG org.hibernate.orm.results -- Extracted JDBC value [1] - [2000-01-01]
21:10:35.217 [main] DEBUG org.hibernate.orm.results -- Extracted JDBC value [2] - [????]
21:10:35.217 [main] DEBUG org.hibernate.orm.results.loading.entity -- (EntityResultInitializer) Done materializing entityInstance : org.lab2.Owners.Owner(c)#4
21:10:35.217 [main] DEBUG org.hibernate.orm.results.loading -- Calling top-level assembler (0 / 1) : org.hibernate.sql.results.graph.entity.internal.EntityAssembler@25b83dce
21:10:35.218 [main] DEBUG org.hibernate.orm.results -- Extracted JDBC value [0] - [5]
21:10:35.218 [main] DEBUG org.hibernate.orm.results.loading.entity -- (EntityResultInitializer) Hydrated EntityKey (org.lab2.Owners.Owner(c)): 5
21:10:35.218 [main] DEBUG org.hibernate.orm.results -- Extracted JDBC value [0] - [5]
21:10:35.218 [main] DEBUG org.hibernate.orm.results.loading.org.hibernate.orm.results.loading.collection -- (DelayedCollectionInitializer) Current row collection key : org.lab2.Owners.Owner(c).pets#5
21:10:35.218 [main] DEBUG org.hibernate.orm.results.loading.entity -- (EntityResultInitializer) Created new entity instance [org.lab2.Owners.Owner(c)#5] : 963036793
21:10:35.218 [main] DEBUG org.hibernate.orm.results -- Extracted JDBC value [1] - [2000-01-01]
21:10:35.218 [main] DEBUG org.hibernate.orm.results -- Extracted JDBC value [2] - [????]
21:10:35.218 [main] DEBUG org.hibernate.orm.results.loading.entity -- (EntityResultInitializer) Done materializing entityInstance : org.lab2.Owners.Owner(c)#5
21:10:35.218 [main] DEBUG org.hibernate.orm.results.loading -- Calling top-level assembler (0 / 1) : org.hibernate.sql.results.graph.entity.internal.EntityAssembler@25b83dce
21:10:35.219 [main] DEBUG org.hibernate.orm.results -- Extracted JDBC value [0] - [6]
21:10:35.219 [main] DEBUG org.hibernate.orm.results.loading.entity -- (EntityResultInitializer) Hydrated EntityKey (org.lab2.Owners.Owner(c)): 6
21:10:35.219 [main] DEBUG org.hibernate.orm.results -- Extracted JDBC value [0] - [6]
21:10:35.219 [main] DEBUG org.hibernate.orm.results.loading.org.hibernate.orm.results.loading.collection -- (DelayedCollectionInitializer) Current row collection key : org.lab2.Owners.Owner(c).pets#6
21:10:35.219 [main] DEBUG org.hibernate.orm.results.loading.entity -- (EntityResultInitializer) Created new entity instance [org.lab2.Owners.Owner(c)#6] : 960858222
21:10:35.219 [main] DEBUG org.hibernate.orm.results -- Extracted JDBC value [1] - [1995-05-15]
21:10:35.219 [main] DEBUG org.hibernate.orm.results -- Extracted JDBC value [2] - [????]
21:10:35.219 [main] DEBUG org.hibernate.orm.results.loading.entity -- (EntityResultInitializer) Done materializing entityInstance : org.lab2.Owners.Owner(c)#6
21:10:35.219 [main] DEBUG org.hibernate.orm.results.loading -- Calling top-level assembler (0 / 1) : org.hibernate.sql.results.graph.entity.internal.EntityAssembler@25b83dce
21:10:35.221 [main] DEBUG org.hibernate.resource.jdbc.internal.LogicalConnectionManagedImpl -- Initiating JDBC connection release from afterTransaction
21:10:35.224 [main] DEBUG org.hibernate.resource.jdbc.internal.LogicalConnectionManagedImpl -- Initiating JDBC connection release from afterTransaction
]]></system-out>
  </testcase>
  <testcase name="testAddOwner_NullOwner_ThrowsException" classname="org.lab2.OwnerDAOTest" time="0.001"/>
  <testcase name="testUpdateOwner_NoId_ThrowsException" classname="org.lab2.OwnerDAOTest" time="0.002"/>
</testsuite>